[0.013s] Invoking command in '/home/zekaicheong/asclinic-system/ros2_ws/build/ai4r_pkg': CMAKE_PREFIX_PATH=${CMAKE_PREFIX_PATH}:/opt/ros/humble /usr/bin/cmake --build /home/zekaicheong/asclinic-system/ros2_ws/build/ai4r_pkg -- -j16 -l16
[0.063s] -- Found ament_cmake: 1.3.5 (/opt/ros/humble/share/ament_cmake/cmake)
[0.159s] -- Found rclcpp: 16.0.5 (/opt/ros/humble/share/rclcpp/cmake)
[0.182s] -- Found rosidl_generator_c: 3.1.5 (/opt/ros/humble/share/rosidl_generator_c/cmake)
[0.184s] -- Found rosidl_adapter: 3.1.5 (/opt/ros/humble/share/rosidl_adapter/cmake)
[0.189s] -- Found rosidl_generator_cpp: 3.1.5 (/opt/ros/humble/share/rosidl_generator_cpp/cmake)
[0.197s] -- Using all available rosidl_typesupport_c: rosidl_typesupport_fastrtps_c;rosidl_typesupport_introspection_c
[0.208s] -- Using all available rosidl_typesupport_cpp: rosidl_typesupport_fastrtps_cpp;rosidl_typesupport_introspection_cpp
[0.246s] -- Found rmw_implementation_cmake: 6.1.1 (/opt/ros/humble/share/rmw_implementation_cmake/cmake)
[0.248s] -- Found rmw_fastrtps_cpp: 6.2.3 (/opt/ros/humble/share/rmw_fastrtps_cpp/cmake)
[0.314s] -- Using RMW implementation 'rmw_fastrtps_cpp' as default
[0.411s] -- Found rclpy: 3.3.9 (/opt/ros/humble/share/rclpy/cmake)
[0.411s] -- Found ai4r_interfaces: 0.0.0 (/home/zekaicheong/asclinic-system/ros2_ws/install/ai4r_interfaces/share/ai4r_interfaces/cmake)
[0.460s] -- Found ament_lint_auto: 0.12.7 (/opt/ros/humble/share/ament_lint_auto/cmake)
[0.505s] -- Added test 'cppcheck' to perform static code analysis on C / C++ code
[0.505s] -- Configured cppcheck include dirs: /home/zekaicheong/asclinic-system/ros2_ws/src/ai4r_pkg/include;/home/zekaicheong/asclinic-system/ros2_ws/src/ai4r_pkg/drivers/src
[0.506s] -- Configured cppcheck exclude dirs and/or files: 
[0.506s] -- Added test 'flake8' to check Python code syntax and style conventions
[0.507s] -- Added test 'lint_cmake' to check CMake code style
[0.507s] -- Added test 'pep257' to check Python code against some of the docstring style conventions in PEP 257
[0.508s] -- Added test 'uncrustify' to check C / C++ code style
[0.508s] -- Configured uncrustify additional arguments: 
[0.508s] -- Added test 'xmllint' to check XML markup files
[0.510s] -- Configuring done
[0.530s] -- Generating done
[0.532s] -- Build files have been written to: /home/zekaicheong/asclinic-system/ros2_ws/build/ai4r_pkg
[0.552s] [35m[1mConsolidate compiler generated dependencies of target minimal_cpp_executable[0m
[0.552s] [35m[1mConsolidate compiler generated dependencies of target servo_pulse_width_sub[0m
[0.552s] [35m[1mConsolidate compiler generated dependencies of target talker[0m
[0.553s] [35m[1mConsolidate compiler generated dependencies of target oop_cpp_executable[0m
[0.555s] [35m[1mConsolidate compiler generated dependencies of target listener[0m
[0.557s] [35m[1mConsolidate compiler generated dependencies of target multiple_pub_sub[0m
[0.558s] [  7%] [32mBuilding CXX object CMakeFiles/pwm_driver.dir/src/pwm_driver_node.cpp.o[0m
[0.566s] [  7%] Built target ament_cmake_python_copy_ai4r_pkg
[0.574s] [ 28%] Built target servo_pulse_width_sub
[0.574s] [ 35%] Built target minimal_cpp_executable
[0.575s] [ 50%] Built target oop_cpp_executable
[0.576s] [ 64%] Built target talker
[0.576s] [ 78%] [32mBuilding CXX object CMakeFiles/listener.dir/src/oop_sub_cpp_node.cpp.o[0m
[0.576s] [ 78%] [32mBuilding CXX object CMakeFiles/multiple_pub_sub.dir/src/multiple_pub_sub_cpp_node.cpp.o[0m
[0.721s] running egg_info
[0.722s] writing ai4r_pkg.egg-info/PKG-INFO
[0.722s] writing dependency_links to ai4r_pkg.egg-info/dependency_links.txt
[0.722s] writing top-level names to ai4r_pkg.egg-info/top_level.txt
[0.724s] reading manifest file 'ai4r_pkg.egg-info/SOURCES.txt'
[0.725s] writing manifest file 'ai4r_pkg.egg-info/SOURCES.txt'
[0.750s] [ 78%] Built target ament_cmake_python_build_ai4r_pkg_egg
[6.006s] [ 85%] [32m[1mLinking CXX executable listener[0m
[6.286s] [ 85%] Built target listener
[7.811s] [ 92%] [32m[1mLinking CXX executable multiple_pub_sub[0m
[7.816s] [100%] [32m[1mLinking CXX executable pwm_driver[0m
[8.182s] [100%] Built target pwm_driver
[8.183s] [100%] Built target multiple_pub_sub
[8.191s] Invoked command in '/home/zekaicheong/asclinic-system/ros2_ws/build/ai4r_pkg' returned '0': CMAKE_PREFIX_PATH=${CMAKE_PREFIX_PATH}:/opt/ros/humble /usr/bin/cmake --build /home/zekaicheong/asclinic-system/ros2_ws/build/ai4r_pkg -- -j16 -l16
[8.215s] Invoking command in '/home/zekaicheong/asclinic-system/ros2_ws/build/ai4r_pkg': CMAKE_PREFIX_PATH=${CMAKE_PREFIX_PATH}:/opt/ros/humble /usr/bin/cmake --install /home/zekaicheong/asclinic-system/ros2_ws/build/ai4r_pkg
[8.220s] -- Install configuration: ""
[8.220s] -- Up-to-date: /home/zekaicheong/asclinic-system/ros2_ws/install/ai4r_pkg/lib/ai4r_pkg/minimal_cpp_executable
[8.221s] -- Up-to-date: /home/zekaicheong/asclinic-system/ros2_ws/install/ai4r_pkg/lib/ai4r_pkg/oop_cpp_executable
[8.222s] -- Up-to-date: /home/zekaicheong/asclinic-system/ros2_ws/install/ai4r_pkg/lib/ai4r_pkg/talker
[8.222s] -- Installing: /home/zekaicheong/asclinic-system/ros2_ws/install/ai4r_pkg/lib/ai4r_pkg/listener
[8.224s] -- Set runtime path of "/home/zekaicheong/asclinic-system/ros2_ws/install/ai4r_pkg/lib/ai4r_pkg/listener" to ""
[8.225s] -- Up-to-date: /home/zekaicheong/asclinic-system/ros2_ws/install/ai4r_pkg/lib/ai4r_pkg/servo_pulse_width_sub
[8.225s] -- Installing: /home/zekaicheong/asclinic-system/ros2_ws/install/ai4r_pkg/lib/ai4r_pkg/multiple_pub_sub
[8.228s] -- Set runtime path of "/home/zekaicheong/asclinic-system/ros2_ws/install/ai4r_pkg/lib/ai4r_pkg/multiple_pub_sub" to ""
[8.229s] -- Installing: /home/zekaicheong/asclinic-system/ros2_ws/install/ai4r_pkg/lib/ai4r_pkg/pwm_driver
[8.231s] -- Set runtime path of "/home/zekaicheong/asclinic-system/ros2_ws/install/ai4r_pkg/lib/ai4r_pkg/pwm_driver" to ""
[8.231s] -- Up-to-date: /home/zekaicheong/asclinic-system/ros2_ws/install/ai4r_pkg/share/ai4r_pkg/environment/pythonpath.sh
[8.232s] -- Installing: /home/zekaicheong/asclinic-system/ros2_ws/install/ai4r_pkg/share/ai4r_pkg/environment/pythonpath.dsv
[8.232s] -- Up-to-date: /home/zekaicheong/asclinic-system/ros2_ws/install/ai4r_pkg/local/lib/python3.10/dist-packages/ai4r_pkg-0.0.0-py3.10.egg-info
[8.232s] -- Installing: /home/zekaicheong/asclinic-system/ros2_ws/install/ai4r_pkg/local/lib/python3.10/dist-packages/ai4r_pkg-0.0.0-py3.10.egg-info/top_level.txt
[8.232s] -- Installing: /home/zekaicheong/asclinic-system/ros2_ws/install/ai4r_pkg/local/lib/python3.10/dist-packages/ai4r_pkg-0.0.0-py3.10.egg-info/PKG-INFO
[8.232s] -- Installing: /home/zekaicheong/asclinic-system/ros2_ws/install/ai4r_pkg/local/lib/python3.10/dist-packages/ai4r_pkg-0.0.0-py3.10.egg-info/dependency_links.txt
[8.232s] -- Installing: /home/zekaicheong/asclinic-system/ros2_ws/install/ai4r_pkg/local/lib/python3.10/dist-packages/ai4r_pkg-0.0.0-py3.10.egg-info/SOURCES.txt
[8.232s] -- Up-to-date: /home/zekaicheong/asclinic-system/ros2_ws/install/ai4r_pkg/local/lib/python3.10/dist-packages/ai4r_pkg
[8.232s] -- Up-to-date: /home/zekaicheong/asclinic-system/ros2_ws/install/ai4r_pkg/local/lib/python3.10/dist-packages/ai4r_pkg/__init__.py
[8.232s] -- Up-to-date: /home/zekaicheong/asclinic-system/ros2_ws/install/ai4r_pkg/local/lib/python3.10/dist-packages/ai4r_pkg/module_to_import.py
[8.250s] Listing '/home/zekaicheong/asclinic-system/ros2_ws/install/ai4r_pkg/local/lib/python3.10/dist-packages/ai4r_pkg'...
[8.252s] -- Up-to-date: /home/zekaicheong/asclinic-system/ros2_ws/install/ai4r_pkg/lib/ai4r_pkg/minimal_py_node.py
[8.253s] -- Up-to-date: /home/zekaicheong/asclinic-system/ros2_ws/install/ai4r_pkg/lib/ai4r_pkg/oop_py_node.py
[8.253s] -- Up-to-date: /home/zekaicheong/asclinic-system/ros2_ws/install/ai4r_pkg/lib/ai4r_pkg/oop_pub_py_node.py
[8.253s] -- Up-to-date: /home/zekaicheong/asclinic-system/ros2_ws/install/ai4r_pkg/lib/ai4r_pkg/oop_sub_py_node.py
[8.253s] -- Up-to-date: /home/zekaicheong/asclinic-system/ros2_ws/install/ai4r_pkg/share/ament_index/resource_index/package_run_dependencies/ai4r_pkg
[8.253s] -- Up-to-date: /home/zekaicheong/asclinic-system/ros2_ws/install/ai4r_pkg/share/ament_index/resource_index/parent_prefix_path/ai4r_pkg
[8.253s] -- Up-to-date: /home/zekaicheong/asclinic-system/ros2_ws/install/ai4r_pkg/share/ai4r_pkg/environment/ament_prefix_path.sh
[8.253s] -- Installing: /home/zekaicheong/asclinic-system/ros2_ws/install/ai4r_pkg/share/ai4r_pkg/environment/ament_prefix_path.dsv
[8.253s] -- Up-to-date: /home/zekaicheong/asclinic-system/ros2_ws/install/ai4r_pkg/share/ai4r_pkg/environment/path.sh
[8.253s] -- Installing: /home/zekaicheong/asclinic-system/ros2_ws/install/ai4r_pkg/share/ai4r_pkg/environment/path.dsv
[8.253s] -- Up-to-date: /home/zekaicheong/asclinic-system/ros2_ws/install/ai4r_pkg/share/ai4r_pkg/local_setup.bash
[8.253s] -- Up-to-date: /home/zekaicheong/asclinic-system/ros2_ws/install/ai4r_pkg/share/ai4r_pkg/local_setup.sh
[8.253s] -- Up-to-date: /home/zekaicheong/asclinic-system/ros2_ws/install/ai4r_pkg/share/ai4r_pkg/local_setup.zsh
[8.253s] -- Installing: /home/zekaicheong/asclinic-system/ros2_ws/install/ai4r_pkg/share/ai4r_pkg/local_setup.dsv
[8.253s] -- Installing: /home/zekaicheong/asclinic-system/ros2_ws/install/ai4r_pkg/share/ai4r_pkg/package.dsv
[8.253s] -- Up-to-date: /home/zekaicheong/asclinic-system/ros2_ws/install/ai4r_pkg/share/ament_index/resource_index/packages/ai4r_pkg
[8.253s] -- Up-to-date: /home/zekaicheong/asclinic-system/ros2_ws/install/ai4r_pkg/share/ai4r_pkg/cmake/ai4r_pkgConfig.cmake
[8.253s] -- Up-to-date: /home/zekaicheong/asclinic-system/ros2_ws/install/ai4r_pkg/share/ai4r_pkg/cmake/ai4r_pkgConfig-version.cmake
[8.253s] -- Up-to-date: /home/zekaicheong/asclinic-system/ros2_ws/install/ai4r_pkg/share/ai4r_pkg/package.xml
[8.254s] Invoked command in '/home/zekaicheong/asclinic-system/ros2_ws/build/ai4r_pkg' returned '0': CMAKE_PREFIX_PATH=${CMAKE_PREFIX_PATH}:/opt/ros/humble /usr/bin/cmake --install /home/zekaicheong/asclinic-system/ros2_ws/build/ai4r_pkg
