[0.009s] Invoking command in '/home/zekaicheong/asclinic-system/ros2_ws/build/ai4r_pkg': CMAKE_PREFIX_PATH=/home/zekaicheong/asclinic-system/ros2_ws/install/ai4r_interfaces:/home/zekaicheong/asclinic-system/ros2_ws/install/ai4r_pkg:/opt/ros/humble CONDA_PROMPT_MODIFIER=(base) /usr/bin/cmake --build /home/zekaicheong/asclinic-system/ros2_ws/build/ai4r_pkg -- -j16 -l16
[0.037s] [35m[1mConsolidate compiler generated dependencies of target looping[0m
[0.037s] [35m[1mConsolidate compiler generated dependencies of target pwm_driver[0m
[0.046s] [ 18%] [32mBuilding CXX object CMakeFiles/pwm_driver.dir/src/pwm_driver_node.cpp.o[0m
[0.046s] [ 18%] Built target minimal_cpp_executable
[0.047s] [ 31%] Built target servo_pulse_width_sub
[0.048s] [ 56%] Built target multiple_pub_sub
[0.048s] [ 56%] Built target oop_cpp_executable
[0.048s] [ 56%] Built target ament_cmake_python_copy_ai4r_pkg
[0.049s] [ 68%] Built target talker
[0.051s] [ 81%] Built target listener
[0.053s] [01m[K/home/zekaicheong/asclinic-system/ros2_ws/src/ai4r_pkg/src/pwm_driver_node.cpp:4:30:[m[K [01;31m[Kerror: [m[K‘[01m[Krclcpp[m[K’ has not been declared
[0.053s]     4 | class PwmDriverNode : public [01;31m[Krclcpp[m[K::Node
[0.053s]       |                              [01;31m[K^~~~~~[m[K
[0.053s] [01m[K/home/zekaicheong/asclinic-system/ros2_ws/src/ai4r_pkg/src/pwm_driver_node.cpp:4:38:[m[K [01;31m[Kerror: [m[Kexpected ‘[01m[K{[m[K’ before ‘[01m[KNode[m[K’
[0.053s]     4 | class PwmDriverNode : public rclcpp::[01;31m[KNode[m[K
[0.053s]       |                                      [01;31m[K^~~~[m[K
[0.053s] [01m[K/home/zekaicheong/asclinic-system/ros2_ws/src/ai4r_pkg/src/pwm_driver_node.cpp:6:5:[m[K [01;31m[Kerror: [m[Kexpected primary-expression before ‘[01m[Kpublic[m[K’
[0.053s]     6 |     [01;31m[Kpublic[m[K:
[0.053s]       |     [01;31m[K^~~~~~[m[K
[0.053s] [01m[K/home/zekaicheong/asclinic-system/ros2_ws/src/ai4r_pkg/src/pwm_driver_node.cpp:6:5:[m[K [01;31m[Kerror: [m[Kexpected ‘[01m[K}[m[K’ before ‘[01m[Kpublic[m[K’
[0.053s] [01m[K/home/zekaicheong/asclinic-system/ros2_ws/src/ai4r_pkg/src/pwm_driver_node.cpp:5:1:[m[K [01;36m[Knote: [m[Kto match this ‘[01m[K{[m[K’
[0.053s]     5 | [01;36m[K{[m[K
[0.053s]       | [01;36m[K^[m[K
[0.053s] [01m[K/home/zekaicheong/asclinic-system/ros2_ws/src/ai4r_pkg/src/pwm_driver_node.cpp:24:5:[m[K [01;31m[Kerror: [m[Kexpected unqualified-id before ‘[01m[Kprivate[m[K’
[0.053s]    24 |     [01;31m[Kprivate[m[K:
[0.053s]       |     [01;31m[K^~~~~~~[m[K
[0.054s] [ 87%] [32mBuilding CXX object CMakeFiles/looping.dir/src/looping_cpp_node.cpp.o[0m
[0.054s] [01m[K/home/zekaicheong/asclinic-system/ros2_ws/src/ai4r_pkg/src/pwm_driver_node.cpp:36:35:[m[K [01;31m[Kerror: [m[K‘[01m[Kstd_msgs[m[K’ does not name a type
[0.054s]    36 |         void topic2Callback(const [01;31m[Kstd_msgs[m[K::msg::UInt16 & msg) {
[0.054s]       |                                   [01;31m[K^~~~~~~~[m[K
[0.054s] [01m[K/home/zekaicheong/asclinic-system/ros2_ws/src/ai4r_pkg/src/pwm_driver_node.cpp:36:48:[m[K [01;31m[Kerror: [m[Kexpected unqualified-id before ‘[01m[K::[m[K’ token
[0.054s]    36 |         void topic2Callback(const std_msgs::msg[01;31m[K::[m[KUInt16 & msg) {
[0.054s]       |                                                [01;31m[K^~[m[K
[0.054s] [01m[K/home/zekaicheong/asclinic-system/ros2_ws/src/ai4r_pkg/src/pwm_driver_node.cpp:36:48:[m[K [01;31m[Kerror: [m[Kexpected ‘[01m[K)[m[K’ before ‘[01m[K::[m[K’ token
[0.054s]    36 |         void topic2Callback[34m[K([m[Kconst std_msgs::msg[01;31m[K:[m[K[32m[K:[m[KUInt16 & msg) {
[0.054s]       |                            [34m[K~[m[K                   [01;31m[K^[m[K[32m[K~[m[K
[0.054s]       |                                                [32m[K)[m[K
[0.054s] [01m[K/home/zekaicheong/asclinic-system/ros2_ws/src/ai4r_pkg/src/pwm_driver_node.cpp:36:48:[m[K [01;31m[Kerror: [m[Kexpected initializer before ‘[01m[K::[m[K’ token
[0.054s]    36 |         void topic2Callback(const std_msgs::msg[01;31m[K::[m[KUInt16 & msg) {
[0.054s]       |                                                [01;31m[K^~[m[K
[0.054s] [01m[K/home/zekaicheong/asclinic-system/ros2_ws/src/ai4r_pkg/src/pwm_driver_node.cpp:45:9:[m[K [01;31m[Kerror: [m[K‘[01m[Krclcpp[m[K’ does not name a type
[0.054s]    45 |         [01;31m[Krclcpp[m[K::Subscription<ai4r_interfaces::msg::ServoPulseWidth>::SharedPtr topic1_sub_;
[0.054s]       |         [01;31m[K^~~~~~[m[K
[0.054s] [01m[K/home/zekaicheong/asclinic-system/ros2_ws/src/ai4r_pkg/src/pwm_driver_node.cpp:46:9:[m[K [01;31m[Kerror: [m[K‘[01m[Krclcpp[m[K’ does not name a type
[0.054s]    46 |         [01;31m[Krclcpp[m[K::Subscription<std_msgs::msg::UInt16>::SharedPtr topic2_sub_;
[0.055s]       |         [01;31m[K^~~~~~[m[K
[0.055s] [01m[K/home/zekaicheong/asclinic-system/ros2_ws/src/ai4r_pkg/src/pwm_driver_node.cpp:47:9:[m[K [01;31m[Kerror: [m[K‘[01m[Krclcpp[m[K’ does not name a type
[0.055s]    47 |         [01;31m[Krclcpp[m[K::Publisher<ai4r_interfaces::msg::ServoPulseWidth>::SharedPtr topic3_pub_;
[0.055s]       |         [01;31m[K^~~~~~[m[K
[0.055s] [01m[K/home/zekaicheong/asclinic-system/ros2_ws/src/ai4r_pkg/src/pwm_driver_node.cpp:48:9:[m[K [01;31m[Kerror: [m[K‘[01m[Krclcpp[m[K’ does not name a type
[0.055s]    48 |         [01;31m[Krclcpp[m[K::Publisher<std_msgs::msg::UInt16>::SharedPtr topic4_pub_;
[0.055s]       |         [01;31m[K^~~~~~[m[K
[0.055s] [01m[K/home/zekaicheong/asclinic-system/ros2_ws/src/ai4r_pkg/src/pwm_driver_node.cpp:49:1:[m[K [01;31m[Kerror: [m[Kexpected declaration before ‘[01m[K}[m[K’ token
[0.055s]    49 | [01;31m[K}[m[K;
[0.055s]       | [01;31m[K^[m[K
[0.055s] [01m[K/home/zekaicheong/asclinic-system/ros2_ws/src/ai4r_pkg/src/pwm_driver_node.cpp:[m[K In function ‘[01m[Kint main(int, char**)[m[K’:
[0.055s] [01m[K/home/zekaicheong/asclinic-system/ros2_ws/src/ai4r_pkg/src/pwm_driver_node.cpp:53:5:[m[K [01;31m[Kerror: [m[K‘[01m[Krclcpp[m[K’ has not been declared
[0.055s]    53 |     [01;31m[Krclcpp[m[K::init(argc, argv);
[0.055s]       |     [01;31m[K^~~~~~[m[K
[0.055s] [01m[K/home/zekaicheong/asclinic-system/ros2_ws/src/ai4r_pkg/src/pwm_driver_node.cpp:54:22:[m[K [01;31m[Kerror: [m[K‘[01m[Kmake_shared[m[K’ is not a member of ‘[01m[Kstd[m[K’
[0.055s]    54 |     auto node = std::[01;31m[Kmake_shared[m[K<PwmDriverNode>();
[0.055s]       |                      [01;31m[K^~~~~~~~~~~[m[K
[0.055s] [01m[K/home/zekaicheong/asclinic-system/ros2_ws/src/ai4r_pkg/src/pwm_driver_node.cpp:3:1:[m[K [01;36m[Knote: [m[K‘[01m[Kstd::make_shared[m[K’ is defined in header ‘[01m[K<memory>[m[K’; did you forget to ‘[01m[K#include <memory>[m[K’?
[0.055s]     2 | #include "ai4r_pkg/topic_names.hpp"
[0.055s]   +++ |+[32m[K#include <memory>[m[K
[0.056s]     3 | 
[0.056s] [01m[K/home/zekaicheong/asclinic-system/ros2_ws/src/ai4r_pkg/src/pwm_driver_node.cpp:54:47:[m[K [01;31m[Kerror: [m[Kexpected primary-expression before ‘[01m[K>[m[K’ token
[0.056s]    54 |     auto node = std::make_shared<PwmDriverNode[01;31m[K>[m[K();
[0.056s]       |                                               [01;31m[K^[m[K
[0.056s] [01m[K/home/zekaicheong/asclinic-system/ros2_ws/src/ai4r_pkg/src/pwm_driver_node.cpp:54:49:[m[K [01;31m[Kerror: [m[Kexpected primary-expression before ‘[01m[K)[m[K’ token
[0.056s]    54 |     auto node = std::make_shared<PwmDriverNode>([01;31m[K)[m[K;
[0.056s]       |                                                 [01;31m[K^[m[K
[0.056s] [01m[K/home/zekaicheong/asclinic-system/ros2_ws/src/ai4r_pkg/src/pwm_driver_node.cpp:55:5:[m[K [01;31m[Kerror: [m[K‘[01m[Krclcpp[m[K’ has not been declared
[0.056s]    55 |     [01;31m[Krclcpp[m[K::spin(node);
[0.056s]       |     [01;31m[K^~~~~~[m[K
[0.056s] [01m[K/home/zekaicheong/asclinic-system/ros2_ws/src/ai4r_pkg/src/pwm_driver_node.cpp:56:5:[m[K [01;31m[Kerror: [m[K‘[01m[Krclcpp[m[K’ has not been declared
[0.056s]    56 |     [01;31m[Krclcpp[m[K::shutdown();
[0.056s]       |     [01;31m[K^~~~~~[m[K
[0.056s] gmake[2]: *** [CMakeFiles/pwm_driver.dir/build.make:76: CMakeFiles/pwm_driver.dir/src/pwm_driver_node.cpp.o] Error 1
[0.056s] gmake[1]: *** [CMakeFiles/Makefile2:336: CMakeFiles/pwm_driver.dir/all] Error 2
[0.056s] gmake[1]: *** Waiting for unfinished jobs....
[0.185s] running egg_info
[0.185s] writing ai4r_pkg.egg-info/PKG-INFO
[0.185s] writing dependency_links to ai4r_pkg.egg-info/dependency_links.txt
[0.185s] writing top-level names to ai4r_pkg.egg-info/top_level.txt
[0.187s] reading manifest file 'ai4r_pkg.egg-info/SOURCES.txt'
[0.187s] writing manifest file 'ai4r_pkg.egg-info/SOURCES.txt'
[0.204s] [ 87%] Built target ament_cmake_python_build_ai4r_pkg_egg
[1.254s] [01m[K/home/zekaicheong/asclinic-system/ros2_ws/src/ai4r_pkg/src/looping_cpp_node.cpp:[m[K In member function ‘[01m[Kvoid Ros2PublisherNode::run()[m[K’:
[1.254s] [01m[K/home/zekaicheong/asclinic-system/ros2_ws/src/ai4r_pkg/src/looping_cpp_node.cpp:18:32:[m[K [01;31m[Kerror: [m[Kno matching function for call to ‘[01m[Krclcpp::Publisher<std_msgs::msg::String_<std::allocator<void> > >::publish(std::shared_ptr<std_msgs::msg::String_<std::allocator<void> > >&)[m[K’
[1.254s]    18 |             [01;31m[Kpublisher_->publish(msg)[m[K;
[1.254s]       |             [01;31m[K~~~~~~~~~~~~~~~~~~~^~~~~[m[K
[1.254s] In file included from [01m[K/opt/ros/humble/include/rclcpp/rclcpp/topic_statistics/subscription_topic_statistics.hpp:31[m[K,
[1.254s]                  from [01m[K/opt/ros/humble/include/rclcpp/rclcpp/subscription.hpp:50[m[K,
[1.254s]                  from [01m[K/opt/ros/humble/include/rclcpp/rclcpp/any_executable.hpp:25[m[K,
[1.254s]                  from [01m[K/opt/ros/humble/include/rclcpp/rclcpp/memory_strategy.hpp:25[m[K,
[1.254s]                  from [01m[K/opt/ros/humble/include/rclcpp/rclcpp/memory_strategies.hpp:18[m[K,
[1.254s]                  from [01m[K/opt/ros/humble/include/rclcpp/rclcpp/executor_options.hpp:20[m[K,
[1.255s]                  from [01m[K/opt/ros/humble/include/rclcpp/rclcpp/executor.hpp:37[m[K,
[1.255s]                  from [01m[K/opt/ros/humble/include/rclcpp/rclcpp/executors/multi_threaded_executor.hpp:25[m[K,
[1.255s]                  from [01m[K/opt/ros/humble/include/rclcpp/rclcpp/executors.hpp:21[m[K,
[1.255s]                  from [01m[K/opt/ros/humble/include/rclcpp/rclcpp/rclcpp.hpp:155[m[K,
[1.255s]                  from [01m[K/home/zekaicheong/asclinic-system/ros2_ws/src/ai4r_pkg/src/looping_cpp_node.cpp:3[m[K:
[1.255s] [01m[K/opt/ros/humble/include/rclcpp/rclcpp/publisher.hpp:251:3:[m[K [01;36m[Knote: [m[Kcandidate: ‘[01m[Ktemplate<class T> std::enable_if_t<(rosidl_generator_traits::is_message<T>::value && std::is_same<T, typename rclcpp::TypeAdapter<MessageT>::ros_message_type>::value)> rclcpp::Publisher<MessageT, AllocatorT>::publish(std::unique_ptr<T, typename std::conditional<std::is_same<typename std::allocator_traits<typename std::allocator_traits<_Allocator>::rebind_traits<typename rclcpp::TypeAdapter<MessageT, void, void>::ros_message_type>::allocator_type>::rebind_alloc<typename rclcpp::TypeAdapter<MessageT, void, void>::ros_message_type>, std::allocator<typename rclcpp::TypeAdapter<MessageT>::ros_message_type> >::value, std::default_delete<typename rclcpp::TypeAdapter<MessageT>::ros_message_type>, rclcpp::allocator::AllocatorDeleter<typename std::allocator_traits<_Allocator>::rebind_traits<typename rclcpp::TypeAdapter<MessageT, void, void>::ros_message_type>::allocator_type> >::type>) [with T = T; MessageT = std_msgs::msg::String_<std::allocator<void> >; AllocatorT = std::allocator<void>][m[K’
[1.255s]   251 |   [01;36m[Kpublish[m[K(std::unique_ptr<T, ROSMessageTypeDeleter> msg)
[1.255s]       |   [01;36m[K^~~~~~~[m[K
[1.255s] [01m[K/opt/ros/humble/include/rclcpp/rclcpp/publisher.hpp:251:3:[m[K [01;36m[Knote: [m[K  template argument deduction/substitution failed:
[1.255s] [01m[K/home/zekaicheong/asclinic-system/ros2_ws/src/ai4r_pkg/src/looping_cpp_node.cpp:18:32:[m[K [01;36m[Knote: [m[K  ‘[01m[Kstd::shared_ptr<std_msgs::msg::String_<std::allocator<void> > >[m[K’ is not derived from ‘[01m[Kstd::unique_ptr<T, std::default_delete<std_msgs::msg::String_<std::allocator<void> > > >[m[K’
[1.255s]    18 |             [01;36m[Kpublisher_->publish(msg)[m[K;
[1.255s]       |             [01;36m[K~~~~~~~~~~~~~~~~~~~^~~~~[m[K
[1.255s] In file included from [01m[K/opt/ros/humble/include/rclcpp/rclcpp/topic_statistics/subscription_topic_statistics.hpp:31[m[K,
[1.255s]                  from [01m[K/opt/ros/humble/include/rclcpp/rclcpp/subscription.hpp:50[m[K,
[1.255s]                  from [01m[K/opt/ros/humble/include/rclcpp/rclcpp/any_executable.hpp:25[m[K,
[1.255s]                  from [01m[K/opt/ros/humble/include/rclcpp/rclcpp/memory_strategy.hpp:25[m[K,
[1.255s]                  from [01m[K/opt/ros/humble/include/rclcpp/rclcpp/memory_strategies.hpp:18[m[K,
[1.256s]                  from [01m[K/opt/ros/humble/include/rclcpp/rclcpp/executor_options.hpp:20[m[K,
[1.256s]                  from [01m[K/opt/ros/humble/include/rclcpp/rclcpp/executor.hpp:37[m[K,
[1.256s]                  from [01m[K/opt/ros/humble/include/rclcpp/rclcpp/executors/multi_threaded_executor.hpp:25[m[K,
[1.256s]                  from [01m[K/opt/ros/humble/include/rclcpp/rclcpp/executors.hpp:21[m[K,
[1.256s]                  from [01m[K/opt/ros/humble/include/rclcpp/rclcpp/rclcpp.hpp:155[m[K,
[1.256s]                  from [01m[K/home/zekaicheong/asclinic-system/ros2_ws/src/ai4r_pkg/src/looping_cpp_node.cpp:3[m[K:
[1.256s] [01m[K/opt/ros/humble/include/rclcpp/rclcpp/publisher.hpp:292:3:[m[K [01;36m[Knote: [m[Kcandidate: ‘[01m[Ktemplate<class T> std::enable_if_t<(rosidl_generator_traits::is_message<T>::value && std::is_same<T, typename rclcpp::TypeAdapter<MessageT>::ros_message_type>::value)> rclcpp::Publisher<MessageT, AllocatorT>::publish(const T&) [with T = T; MessageT = std_msgs::msg::String_<std::allocator<void> >; AllocatorT = std::allocator<void>][m[K’
[1.256s]   292 |   [01;36m[Kpublish[m[K(const T & msg)
[1.256s]       |   [01;36m[K^~~~~~~[m[K
[1.256s] [01m[K/opt/ros/humble/include/rclcpp/rclcpp/publisher.hpp:292:3:[m[K [01;36m[Knote: [m[K  template argument deduction/substitution failed:
[1.256s] In file included from [01m[K/usr/include/c++/11/bits/move.h:57[m[K,
[1.256s]                  from [01m[K/usr/include/c++/11/bits/stl_pair.h:59[m[K,
[1.256s]                  from [01m[K/usr/include/c++/11/bits/stl_algobase.h:64[m[K,
[1.256s]                  from [01m[K/usr/include/c++/11/memory:63[m[K,
[1.256s]                  from [01m[K/home/zekaicheong/asclinic-system/ros2_ws/src/ai4r_pkg/src/looping_cpp_node.cpp:1[m[K:
[1.256s] /usr/include/c++/11/type_traits: In substitution of ‘[01m[Ktemplate<bool _Cond, class _Tp> using enable_if_t = typename std::enable_if::type [with bool _Cond = false; _Tp = void][m[K’:
[1.256s] [01m[K/opt/ros/humble/include/rclcpp/rclcpp/publisher.hpp:292:3:[m[K   required by substitution of ‘[01m[Ktemplate<class T> std::enable_if_t<(rosidl_generator_traits::is_message<T>::value && std::is_same<T, std_msgs::msg::String_<std::allocator<void> > >::value), void> rclcpp::Publisher<std_msgs::msg::String_<std::allocator<void> > >::publish<T>(const T&) [with T = std::shared_ptr<std_msgs::msg::String_<std::allocator<void> > >][m[K’
[1.257s] [01m[K/home/zekaicheong/asclinic-system/ros2_ws/src/ai4r_pkg/src/looping_cpp_node.cpp:18:32:[m[K   required from here
[1.257s] [01m[K/usr/include/c++/11/type_traits:2585:11:[m[K [01;31m[Kerror: [m[Kno type named ‘[01m[Ktype[m[K’ in ‘[01m[Kstruct std::enable_if<false, void>[m[K’
[1.257s]  2585 |     using [01;31m[Kenable_if_t[m[K = typename enable_if<_Cond, _Tp>::type;
[1.257s]       |           [01;31m[K^~~~~~~~~~~[m[K
[1.257s] In file included from [01m[K/opt/ros/humble/include/rclcpp/rclcpp/topic_statistics/subscription_topic_statistics.hpp:31[m[K,
[1.257s]                  from [01m[K/opt/ros/humble/include/rclcpp/rclcpp/subscription.hpp:50[m[K,
[1.257s]                  from [01m[K/opt/ros/humble/include/rclcpp/rclcpp/any_executable.hpp:25[m[K,
[1.257s]                  from [01m[K/opt/ros/humble/include/rclcpp/rclcpp/memory_strategy.hpp:25[m[K,
[1.257s]                  from [01m[K/opt/ros/humble/include/rclcpp/rclcpp/memory_strategies.hpp:18[m[K,
[1.257s]                  from [01m[K/opt/ros/humble/include/rclcpp/rclcpp/executor_options.hpp:20[m[K,
[1.257s]                  from [01m[K/opt/ros/humble/include/rclcpp/rclcpp/executor.hpp:37[m[K,
[1.257s]                  from [01m[K/opt/ros/humble/include/rclcpp/rclcpp/executors/multi_threaded_executor.hpp:25[m[K,
[1.257s]                  from [01m[K/opt/ros/humble/include/rclcpp/rclcpp/executors.hpp:21[m[K,
[1.257s]                  from [01m[K/opt/ros/humble/include/rclcpp/rclcpp/rclcpp.hpp:155[m[K,
[1.257s]                  from [01m[K/home/zekaicheong/asclinic-system/ros2_ws/src/ai4r_pkg/src/looping_cpp_node.cpp:3[m[K:
[1.257s] [01m[K/opt/ros/humble/include/rclcpp/rclcpp/publisher.hpp:322:3:[m[K [01;36m[Knote: [m[Kcandidate: ‘[01m[Ktemplate<class T> std::enable_if_t<(typename rclcpp::TypeAdapter<MessageT>::is_specialized::value && std::is_same<T, typename rclcpp::TypeAdapter<MessageT>::custom_type>::value)> rclcpp::Publisher<MessageT, AllocatorT>::publish(std::unique_ptr<T, typename std::conditional<std::is_same<typename std::allocator_traits<typename std::allocator_traits<_Allocator>::rebind_traits<typename rclcpp::TypeAdapter<MessageT, void, void>::custom_type>::allocator_type>::rebind_alloc<typename rclcpp::TypeAdapter<MessageT, void, void>::custom_type>, std::allocator<typename rclcpp::TypeAdapter<MessageT>::custom_type> >::value, std::default_delete<typename rclcpp::TypeAdapter<MessageT>::custom_type>, rclcpp::allocator::AllocatorDeleter<typename std::allocator_traits<_Allocator>::rebind_traits<typename rclcpp::TypeAdapter<MessageT, void, void>::custom_type>::allocator_type> >::type>) [with T = T; MessageT = std_msgs::msg::String_<std::allocator<void> >; AllocatorT = std::allocator<void>][m[K’
[1.257s]   322 |   [01;36m[Kpublish[m[K(std::unique_ptr<T, PublishedTypeDeleter> msg)
[1.257s]       |   [01;36m[K^~~~~~~[m[K
[1.258s] [01m[K/opt/ros/humble/include/rclcpp/rclcpp/publisher.hpp:322:3:[m[K [01;36m[Knote: [m[K  template argument deduction/substitution failed:
[1.258s] [01m[K/home/zekaicheong/asclinic-system/ros2_ws/src/ai4r_pkg/src/looping_cpp_node.cpp:18:32:[m[K [01;36m[Knote: [m[K  ‘[01m[Kstd::shared_ptr<std_msgs::msg::String_<std::allocator<void> > >[m[K’ is not derived from ‘[01m[Kstd::unique_ptr<T, std::default_delete<std_msgs::msg::String_<std::allocator<void> > > >[m[K’
[1.258s]    18 |             [01;36m[Kpublisher_->publish(msg)[m[K;
[1.258s]       |             [01;36m[K~~~~~~~~~~~~~~~~~~~^~~~~[m[K
[1.258s] In file included from [01m[K/opt/ros/humble/include/rclcpp/rclcpp/topic_statistics/subscription_topic_statistics.hpp:31[m[K,
[1.258s]                  from [01m[K/opt/ros/humble/include/rclcpp/rclcpp/subscription.hpp:50[m[K,
[1.258s]                  from [01m[K/opt/ros/humble/include/rclcpp/rclcpp/any_executable.hpp:25[m[K,
[1.258s]                  from [01m[K/opt/ros/humble/include/rclcpp/rclcpp/memory_strategy.hpp:25[m[K,
[1.258s]                  from [01m[K/opt/ros/humble/include/rclcpp/rclcpp/memory_strategies.hpp:18[m[K,
[1.258s]                  from [01m[K/opt/ros/humble/include/rclcpp/rclcpp/executor_options.hpp:20[m[K,
[1.258s]                  from [01m[K/opt/ros/humble/include/rclcpp/rclcpp/executor.hpp:37[m[K,
[1.258s]                  from [01m[K/opt/ros/humble/include/rclcpp/rclcpp/executors/multi_threaded_executor.hpp:25[m[K,
[1.258s]                  from [01m[K/opt/ros/humble/include/rclcpp/rclcpp/executors.hpp:21[m[K,
[1.258s]                  from [01m[K/opt/ros/humble/include/rclcpp/rclcpp/rclcpp.hpp:155[m[K,
[1.258s]                  from [01m[K/home/zekaicheong/asclinic-system/ros2_ws/src/ai4r_pkg/src/looping_cpp_node.cpp:3[m[K:
[1.258s] [01m[K/opt/ros/humble/include/rclcpp/rclcpp/publisher.hpp:364:3:[m[K [01;36m[Knote: [m[Kcandidate: ‘[01m[Ktemplate<class T> std::enable_if_t<(typename rclcpp::TypeAdapter<MessageT>::is_specialized::value && std::is_same<T, typename rclcpp::TypeAdapter<MessageT>::custom_type>::value)> rclcpp::Publisher<MessageT, AllocatorT>::publish(const T&) [with T = T; MessageT = std_msgs::msg::String_<std::allocator<void> >; AllocatorT = std::allocator<void>][m[K’
[1.258s]   364 |   [01;36m[Kpublish[m[K(const T & msg)
[1.258s]       |   [01;36m[K^~~~~~~[m[K
[1.259s] [01m[K/opt/ros/humble/include/rclcpp/rclcpp/publisher.hpp:364:3:[m[K [01;36m[Knote: [m[K  template argument deduction/substitution failed:
[1.259s] [01m[K/opt/ros/humble/include/rclcpp/rclcpp/publisher.hpp:383:3:[m[K [01;36m[Knote: [m[Kcandidate: ‘[01m[Kvoid rclcpp::Publisher<MessageT, AllocatorT>::publish(const rcl_serialized_message_t&) [with MessageT = std_msgs::msg::String_<std::allocator<void> >; AllocatorT = std::allocator<void>; rcl_serialized_message_t = rcutils_uint8_array_s][m[K’
[1.259s]   383 |   [01;36m[Kpublish[m[K(const rcl_serialized_message_t & serialized_msg)
[1.259s]       |   [01;36m[K^~~~~~~[m[K
[1.259s] [01m[K/opt/ros/humble/include/rclcpp/rclcpp/publisher.hpp:383:44:[m[K [01;36m[Knote: [m[K  no known conversion for argument 1 from ‘[01m[Kstd::shared_ptr<std_msgs::msg::String_<std::allocator<void> > >[m[K’ to ‘[01m[Kconst rcl_serialized_message_t&[m[K’ {aka ‘[01m[Kconst rcutils_uint8_array_s&[m[K’}
[1.259s]   383 |   publish([01;36m[Kconst rcl_serialized_message_t & serialized_msg[m[K)
[1.259s]       |           [01;36m[K~~~~~~~~~~~~~~~~~~~~~~~~~~~~~~~~~^~~~~~~~~~~~~~[m[K
[1.259s] [01m[K/opt/ros/humble/include/rclcpp/rclcpp/publisher.hpp:389:3:[m[K [01;36m[Knote: [m[Kcandidate: ‘[01m[Kvoid rclcpp::Publisher<MessageT, AllocatorT>::publish(const rclcpp::SerializedMessage&) [with MessageT = std_msgs::msg::String_<std::allocator<void> >; AllocatorT = std::allocator<void>][m[K’
[1.259s]   389 |   [01;36m[Kpublish[m[K(const SerializedMessage & serialized_msg)
[1.259s]       |   [01;36m[K^~~~~~~[m[K
[1.259s] [01m[K/opt/ros/humble/include/rclcpp/rclcpp/publisher.hpp:389:37:[m[K [01;36m[Knote: [m[K  no known conversion for argument 1 from ‘[01m[Kstd::shared_ptr<std_msgs::msg::String_<std::allocator<void> > >[m[K’ to ‘[01m[Kconst rclcpp::SerializedMessage&[m[K’
[1.259s]   389 |   publish([01;36m[Kconst SerializedMessage & serialized_msg[m[K)
[1.259s]       |           [01;36m[K~~~~~~~~~~~~~~~~~~~~~~~~~~^~~~~~~~~~~~~~[m[K
[1.259s] [01m[K/opt/ros/humble/include/rclcpp/rclcpp/publisher.hpp:403:3:[m[K [01;36m[Knote: [m[Kcandidate: ‘[01m[Kvoid rclcpp::Publisher<MessageT, AllocatorT>::publish(rclcpp::LoanedMessage<typename rclcpp::TypeAdapter<MessageT>::ros_message_type, AllocatorT>&&) [with MessageT = std_msgs::msg::String_<std::allocator<void> >; AllocatorT = std::allocator<void>; typename rclcpp::TypeAdapter<MessageT>::ros_message_type = std_msgs::msg::String_<std::allocator<void> >][m[K’
[1.260s]   403 |   [01;36m[Kpublish[m[K(rclcpp::LoanedMessage<ROSMessageType, AllocatorT> && loaned_msg)
[1.260s]       |   [01;36m[K^~~~~~~[m[K
[1.260s] [01m[K/opt/ros/humble/include/rclcpp/rclcpp/publisher.hpp:403:64:[m[K [01;36m[Knote: [m[K  no known conversion for argument 1 from ‘[01m[Kstd::shared_ptr<std_msgs::msg::String_<std::allocator<void> > >[m[K’ to ‘[01m[Krclcpp::LoanedMessage<std_msgs::msg::String_<std::allocator<void> >, std::allocator<void> >&&[m[K’
[1.260s]   403 |   publish([01;36m[Krclcpp::LoanedMessage<ROSMessageType, AllocatorT> && loaned_msg[m[K)
[1.260s]       |           [01;36m[K~~~~~~~~~~~~~~~~~~~~~~~~~~~~~~~~~~~~~~~~~~~~~~~~~~~~~^~~~~~~~~~[m[K
[1.260s] [01m[K/home/zekaicheong/asclinic-system/ros2_ws/src/ai4r_pkg/src/looping_cpp_node.cpp:19:30:[m[K [01;31m[Kerror: [m[Kno matching function for call to ‘[01m[Kspin_some(Ros2PublisherNode*)[m[K’
[1.260s]    19 |             [01;31m[Krclcpp::spin_some(this)[m[K;
[1.260s]       |             [01;31m[K~~~~~~~~~~~~~~~~~^~~~~~[m[K
[1.260s] In file included from [01m[K/opt/ros/humble/include/rclcpp/rclcpp/rclcpp.hpp:155[m[K,
[1.260s]                  from [01m[K/home/zekaicheong/asclinic-system/ros2_ws/src/ai4r_pkg/src/looping_cpp_node.cpp:3[m[K:
[1.260s] [01m[K/opt/ros/humble/include/rclcpp/rclcpp/executors.hpp:35:1:[m[K [01;36m[Knote: [m[Kcandidate: ‘[01m[Kvoid rclcpp::spin_some(rclcpp::node_interfaces::NodeBaseInterface::SharedPtr)[m[K’
[1.260s]    35 | [01;36m[Kspin_some[m[K(rclcpp::node_interfaces::NodeBaseInterface::SharedPtr node_ptr);
[1.260s]       | [01;36m[K^~~~~~~~~[m[K
[1.260s] [01m[K/opt/ros/humble/include/rclcpp/rclcpp/executors.hpp:35:65:[m[K [01;36m[Knote: [m[K  no known conversion for argument 1 from ‘[01m[KRos2PublisherNode*[m[K’ to ‘[01m[Krclcpp::node_interfaces::NodeBaseInterface::SharedPtr[m[K’ {aka ‘[01m[Kstd::shared_ptr<rclcpp::node_interfaces::NodeBaseInterface>[m[K’}
[1.260s]    35 | spin_some([01;36m[Krclcpp::node_interfaces::NodeBaseInterface::SharedPtr node_ptr[m[K);
[1.260s]       |           [01;36m[K~~~~~~~~~~~~~~~~~~~~~~~~~~~~~~~~~~~~~~~~~~~~~~~~~~~~~~^~~~~~~~[m[K
[1.260s] [01m[K/opt/ros/humble/include/rclcpp/rclcpp/executors.hpp:39:1:[m[K [01;36m[Knote: [m[Kcandidate: ‘[01m[Kvoid rclcpp::spin_some(rclcpp::Node::SharedPtr)[m[K’
[1.261s]    39 | [01;36m[Kspin_some[m[K(rclcpp::Node::SharedPtr node_ptr);
[1.261s]       | [01;36m[K^~~~~~~~~[m[K
[1.261s] [01m[K/opt/ros/humble/include/rclcpp/rclcpp/executors.hpp:39:35:[m[K [01;36m[Knote: [m[K  no known conversion for argument 1 from ‘[01m[KRos2PublisherNode*[m[K’ to ‘[01m[Krclcpp::Node::SharedPtr[m[K’ {aka ‘[01m[Kstd::shared_ptr<rclcpp::Node>[m[K’}
[1.261s]    39 | spin_some([01;36m[Krclcpp::Node::SharedPtr node_ptr[m[K);
[1.261s]       |           [01;36m[K~~~~~~~~~~~~~~~~~~~~~~~~^~~~~~~~[m[K
[1.622s] gmake[2]: *** [CMakeFiles/looping.dir/build.make:76: CMakeFiles/looping.dir/src/looping_cpp_node.cpp.o] Error 1
[1.622s] gmake[1]: *** [CMakeFiles/Makefile2:310: CMakeFiles/looping.dir/all] Error 2
[1.622s] gmake: *** [Makefile:146: all] Error 2
[1.624s] Invoked command in '/home/zekaicheong/asclinic-system/ros2_ws/build/ai4r_pkg' returned '2': CMAKE_PREFIX_PATH=/home/zekaicheong/asclinic-system/ros2_ws/install/ai4r_interfaces:/home/zekaicheong/asclinic-system/ros2_ws/install/ai4r_pkg:/opt/ros/humble CONDA_PROMPT_MODIFIER=(base) /usr/bin/cmake --build /home/zekaicheong/asclinic-system/ros2_ws/build/ai4r_pkg -- -j16 -l16
