[35m[1mConsolidate compiler generated dependencies of target talker[0m
[35m[1mConsolidate compiler generated dependencies of target servo_pulse_width_sub[0m
[35m[1mConsolidate compiler generated dependencies of target minimal_cpp_executable[0m
[35m[1mConsolidate compiler generated dependencies of target multiple_pub_sub[0m
[35m[1mConsolidate compiler generated dependencies of target oop_cpp_executable[0m
[35m[1mConsolidate compiler generated dependencies of target listener[0m
[35m[1mConsolidate compiler generated dependencies of target looping[0m
[35m[1mConsolidate compiler generated dependencies of target pwm_driver[0m
[ 18%] Built target talker
[ 25%] Built target minimal_cpp_executable
[ 37%] Built target servo_pulse_width_sub
[ 50%] Built target multiple_pub_sub
[ 56%] Built target ament_cmake_python_copy_ai4r_pkg
[ 75%] Built target looping
[ 75%] Built target listener
[ 87%] Built target oop_cpp_executable
[ 93%] [32m[1mLinking CXX executable pwm_driver[0m
running egg_info
writing ai4r_pkg.egg-info/PKG-INFO
writing dependency_links to ai4r_pkg.egg-info/dependency_links.txt
writing top-level names to ai4r_pkg.egg-info/top_level.txt
reading manifest file 'ai4r_pkg.egg-info/SOURCES.txt'
writing manifest file 'ai4r_pkg.egg-info/SOURCES.txt'
[ 93%] Built target ament_cmake_python_build_ai4r_pkg_egg
/usr/bin/ld: CMakeFiles/pwm_driver.dir/src/pwm_driver_node.cpp.o: in function `main':
pwm_driver_node.cpp:(.text+0x124): undefined reference to `I2C_Driver::open_i2c_device()'
/usr/bin/ld: pwm_driver_node.cpp:(.text+0x17a): undefined reference to `I2C_Driver::get_device_name()'
/usr/bin/ld: pwm_driver_node.cpp:(.text+0x399): undefined reference to `I2C_Driver::get_device_name()'
/usr/bin/ld: pwm_driver_node.cpp:(.text+0x3cb): undefined reference to `I2C_Driver::get_file_descriptor()'
/usr/bin/ld: pwm_driver_node.cpp:(.text+0x5df): undefined reference to `PCA9685::initialise_with_frequency_in_hz(float, bool)'
/usr/bin/ld: pwm_driver_node.cpp:(.text+0x635): undefined reference to `PCA9685::get_i2c_address()'
/usr/bin/ld: pwm_driver_node.cpp:(.text+0x856): undefined reference to `PCA9685::get_i2c_address()'
/usr/bin/ld: pwm_driver_node.cpp:(.text+0xa7a): undefined reference to `I2C_Driver::close_i2c_device()'
/usr/bin/ld: pwm_driver_node.cpp:(.text+0xad0): undefined reference to `I2C_Driver::get_device_name()'
/usr/bin/ld: pwm_driver_node.cpp:(.text+0xcef): undefined reference to `I2C_Driver::get_device_name()'
/usr/bin/ld: CMakeFiles/pwm_driver.dir/src/pwm_driver_node.cpp.o: in function `__static_initialization_and_destruction_0(int, int)':
pwm_driver_node.cpp:(.text+0x12e7): undefined reference to `I2C_Driver::I2C_Driver(char const*)'
/usr/bin/ld: pwm_driver_node.cpp:(.text+0x1305): undefined reference to `PCA9685::PCA9685(I2C_Driver*, unsigned char)'
/usr/bin/ld: CMakeFiles/pwm_driver.dir/src/pwm_driver_node.cpp.o: in function `PwmDriverNode::setPWMSignal(unsigned char, unsigned short)':
pwm_driver_node.cpp:(.text._ZN13PwmDriverNode12setPWMSignalEht[_ZN13PwmDriverNode12setPWMSignalEht]+0x56): undefined reference to `PCA9685::set_pwm_pulse_in_microseconds(unsigned char, unsigned short)'
collect2: error: ld returned 1 exit status
gmake[2]: *** [CMakeFiles/pwm_driver.dir/build.make:167: pwm_driver] Error 1
gmake[1]: *** [CMakeFiles/Makefile2:336: CMakeFiles/pwm_driver.dir/all] Error 2
gmake: *** [Makefile:146: all] Error 2
