[35m[1mConsolidate compiler generated dependencies of target talker[0m
[35m[1mConsolidate compiler generated dependencies of target servo_pulse_width_sub[0m
[35m[1mConsolidate compiler generated dependencies of target minimal_cpp_executable[0m
[35m[1mConsolidate compiler generated dependencies of target multiple_pub_sub[0m
[35m[1mConsolidate compiler generated dependencies of target oop_cpp_executable[0m
[35m[1mConsolidate compiler generated dependencies of target listener[0m
[35m[1mConsolidate compiler generated dependencies of target looping[0m
[35m[1mConsolidate compiler generated dependencies of target pwm_driver[0m
[ 18%] Built target talker
[ 25%] Built target minimal_cpp_executable
[ 37%] Built target servo_pulse_width_sub
[ 50%] Built target multiple_pub_sub
[ 56%] Built target ament_cmake_python_copy_ai4r_pkg
[ 75%] Built target looping
[ 75%] Built target listener
[ 87%] Built target oop_cpp_executable
[ 93%] [32m[1mLinking CXX executable pwm_driver[0m
running egg_info
writing ai4r_pkg.egg-info/PKG-INFO
writing dependency_links to ai4r_pkg.egg-info/dependency_links.txt
writing top-level names to ai4r_pkg.egg-info/top_level.txt
reading manifest file 'ai4r_pkg.egg-info/SOURCES.txt'
writing manifest file 'ai4r_pkg.egg-info/SOURCES.txt'
[ 93%] Built target ament_cmake_python_build_ai4r_pkg_egg
