/usr/bin/ld: CMakeFiles/pwm_driver.dir/src/pwm_driver_node.cpp.o: in function `main':
pwm_driver_node.cpp:(.text+0x15b): undefined reference to `I2C_Driver::close_i2c_device()'
/usr/bin/ld: pwm_driver_node.cpp:(.text+0x1b1): undefined reference to `I2C_Driver::get_device_name()'
/usr/bin/ld: pwm_driver_node.cpp:(.text+0x3d0): undefined reference to `I2C_Driver::get_device_name()'
/usr/bin/ld: CMakeFiles/pwm_driver.dir/src/pwm_driver_node.cpp.o: in function `__static_initialization_and_destruction_0(int, int)':
pwm_driver_node.cpp:(.text+0x83c): undefined reference to `I2C_Driver::I2C_Driver(char const*)'
/usr/bin/ld: pwm_driver_node.cpp:(.text+0x85a): undefined reference to `PCA9685::PCA9685(I2C_Driver*, unsigned char)'
/usr/bin/ld: CMakeFiles/pwm_driver.dir/src/pwm_driver_node.cpp.o: in function `PwmDriverNode::PwmDriverNode()':
pwm_driver_node.cpp:(.text._ZN13PwmDriverNodeC2Ev[_ZN13PwmDriverNodeC5Ev]+0x361): undefined reference to `I2C_Driver::open_i2c_device()'
/usr/bin/ld: pwm_driver_node.cpp:(.text._ZN13PwmDriverNodeC2Ev[_ZN13PwmDriverNodeC5Ev]+0x3b7): undefined reference to `I2C_Driver::get_device_name()'
/usr/bin/ld: pwm_driver_node.cpp:(.text._ZN13PwmDriverNodeC2Ev[_ZN13PwmDriverNodeC5Ev]+0x5c0): undefined reference to `I2C_Driver::get_device_name()'
/usr/bin/ld: pwm_driver_node.cpp:(.text._ZN13PwmDriverNodeC2Ev[_ZN13PwmDriverNodeC5Ev]+0x5f2): undefined reference to `I2C_Driver::get_file_descriptor()'
/usr/bin/ld: pwm_driver_node.cpp:(.text._ZN13PwmDriverNodeC2Ev[_ZN13PwmDriverNodeC5Ev]+0x7f0): undefined reference to `PCA9685::initialise_with_frequency_in_hz(float, bool)'
/usr/bin/ld: pwm_driver_node.cpp:(.text._ZN13PwmDriverNodeC2Ev[_ZN13PwmDriverNodeC5Ev]+0x846): undefined reference to `PCA9685::get_i2c_address()'
/usr/bin/ld: pwm_driver_node.cpp:(.text._ZN13PwmDriverNodeC2Ev[_ZN13PwmDriverNodeC5Ev]+0xa51): undefined reference to `PCA9685::get_i2c_address()'
/usr/bin/ld: CMakeFiles/pwm_driver.dir/src/pwm_driver_node.cpp.o: in function `PwmDriverNode::setPWMSignal(unsigned char, unsigned short)':
pwm_driver_node.cpp:(.text._ZN13PwmDriverNode12setPWMSignalEht[_ZN13PwmDriverNode12setPWMSignalEht]+0x56): undefined reference to `PCA9685::set_pwm_pulse_in_microseconds(unsigned char, unsigned short)'
collect2: error: ld returned 1 exit status
gmake[2]: *** [CMakeFiles/pwm_driver.dir/build.make:167: pwm_driver] Error 1
gmake[1]: *** [CMakeFiles/Makefile2:336: CMakeFiles/pwm_driver.dir/all] Error 2
gmake: *** [Makefile:146: all] Error 2
