-- The C compiler identification is GNU 11.3.0
-- The CXX compiler identification is GNU 11.3.0
-- Detecting C compiler ABI info
-- Detecting C compiler ABI info - done
-- Check for working C compiler: /usr/bin/cc - skipped
-- Detecting C compile features
-- Detecting C compile features - done
-- Detecting CXX compiler ABI info
-- Detecting CXX compiler ABI info - done
-- Check for working CXX compiler: /usr/bin/c++ - skipped
-- Detecting CXX compile features
-- Detecting CXX compile features - done
-- Found ament_cmake: 1.3.5 (/opt/ros/humble/share/ament_cmake/cmake)
-- Found Python3: /usr/bin/python3.10 (found version "3.10.6") found components: Interpreter 
-- Found rosidl_default_generators: 1.2.0 (/opt/ros/humble/share/rosidl_default_generators/cmake)
-- Using all available rosidl_typesupport_c: rosidl_typesupport_fastrtps_c;rosidl_typesupport_introspection_c
-- Found rosidl_adapter: 3.1.5 (/opt/ros/humble/share/rosidl_adapter/cmake)
-- Using all available rosidl_typesupport_cpp: rosidl_typesupport_fastrtps_cpp;rosidl_typesupport_introspection_cpp
-- Found ament_cmake_ros: 0.10.0 (/opt/ros/humble/share/ament_cmake_ros/cmake)
-- Using all available rosidl_typesupport_c: rosidl_typesupport_fastrtps_c;rosidl_typesupport_introspection_c
-- Using all available rosidl_typesupport_cpp: rosidl_typesupport_fastrtps_cpp;rosidl_typesupport_introspection_cpp
-- Found PythonInterp: /usr/bin/python3 (found suitable version "3.10.6", minimum required is "3.6") 
-- Found python_cmake_module: 0.10.0 (/opt/ros/humble/share/python_cmake_module/cmake)
-- Found PythonLibs: /usr/lib/x86_64-linux-gnu/libpython3.10.so (found suitable version "3.10.6", minimum required is "3.5") 
-- Using PYTHON_EXECUTABLE: /usr/bin/python3
-- Using PYTHON_INCLUDE_DIRS: /usr/include/python3.10
-- Using PYTHON_LIBRARIES: /usr/lib/x86_64-linux-gnu/libpython3.10.so
-- Found PythonExtra: .so  
-- Found ament_lint_auto: 0.12.7 (/opt/ros/humble/share/ament_lint_auto/cmake)
-- Added test 'lint_cmake' to check CMake code style
-- Added test 'xmllint' to check XML markup files
-- Configuring done
-- Generating done
-- Build files have been written to: /home/zekaicheong/asclinic-system/ros2_ws/build/ai4r_interfaces
[  1%] [34m[1mGenerating C code for ROS interfaces[0m
[  3%] [34m[1mGenerating C++ code for ROS interfaces[0m
[  3%] Built target ament_cmake_python_copy_ai4r_interfaces
running egg_info
creating ai4r_interfaces.egg-info
writing ai4r_interfaces.egg-info/PKG-INFO
writing dependency_links to ai4r_interfaces.egg-info/dependency_links.txt
writing top-level names to ai4r_interfaces.egg-info/top_level.txt
writing manifest file 'ai4r_interfaces.egg-info/SOURCES.txt'
reading manifest file 'ai4r_interfaces.egg-info/SOURCES.txt'
writing manifest file 'ai4r_interfaces.egg-info/SOURCES.txt'
[  3%] Built target ament_cmake_python_build_ai4r_interfaces_egg
[  3%] Built target ai4r_interfaces__cpp
[  9%] [34m[1mGenerating C++ introspection for ROS interfaces[0m
[  9%] [34m[1mGenerating C++ type support for eProsima Fast-RTPS[0m
[  9%] [34m[1mGenerating C++ type support dispatch for ROS interfaces[0m
[ 10%] [32mBuilding C object CMakeFiles/ai4r_interfaces__rosidl_generator_c.dir/rosidl_generator_c/ai4r_interfaces/msg/detail/servo_pulse_width__functions.c.o[0m
[ 16%] [32mBuilding C object CMakeFiles/ai4r_interfaces__rosidl_generator_c.dir/rosidl_generator_c/ai4r_interfaces/msg/detail/left_right_float32__functions.c.o[0m
[ 16%] [32mBuilding C object CMakeFiles/ai4r_interfaces__rosidl_generator_c.dir/rosidl_generator_c/ai4r_interfaces/msg/detail/template_message__functions.c.o[0m
[ 16%] [32mBuilding C object CMakeFiles/ai4r_interfaces__rosidl_generator_c.dir/rosidl_generator_c/ai4r_interfaces/msg/detail/left_right_int32__functions.c.o[0m
[ 18%] [32m[1mLinking C shared library libai4r_interfaces__rosidl_generator_c.so[0m
[ 18%] Built target ai4r_interfaces__rosidl_generator_c
[ 20%] [34m[1mGenerating C type support for eProsima Fast-RTPS[0m
[ 23%] [34m[1mGenerating C introspection for ROS interfaces[0m
[ 23%] [34m[1mGenerating C type support dispatch for ROS interfaces[0m
[ 30%] [32mBuilding CXX object CMakeFiles/ai4r_interfaces__rosidl_typesupport_cpp.dir/rosidl_typesupport_cpp/ai4r_interfaces/msg/left_right_int32__type_support.cpp.o[0m
[ 30%] [32mBuilding CXX object CMakeFiles/ai4r_interfaces__rosidl_typesupport_cpp.dir/rosidl_typesupport_cpp/ai4r_interfaces/msg/template_message__type_support.cpp.o[0m
[ 30%] [32mBuilding CXX object CMakeFiles/ai4r_interfaces__rosidl_typesupport_cpp.dir/rosidl_typesupport_cpp/ai4r_interfaces/msg/servo_pulse_width__type_support.cpp.o[0m
[ 30%] [32mBuilding CXX object CMakeFiles/ai4r_interfaces__rosidl_typesupport_cpp.dir/rosidl_typesupport_cpp/ai4r_interfaces/msg/left_right_float32__type_support.cpp.o[0m
[ 36%] [32mBuilding CXX object CMakeFiles/ai4r_interfaces__rosidl_typesupport_introspection_cpp.dir/rosidl_typesupport_introspection_cpp/ai4r_interfaces/msg/detail/servo_pulse_width__type_support.cpp.o[0m
[ 36%] [32mBuilding CXX object CMakeFiles/ai4r_interfaces__rosidl_typesupport_introspection_cpp.dir/rosidl_typesupport_introspection_cpp/ai4r_interfaces/msg/detail/left_right_float32__type_support.cpp.o[0m
[ 36%] [32mBuilding CXX object CMakeFiles/ai4r_interfaces__rosidl_typesupport_introspection_cpp.dir/rosidl_typesupport_introspection_cpp/ai4r_interfaces/msg/detail/left_right_int32__type_support.cpp.o[0m
[ 38%] [32mBuilding CXX object CMakeFiles/ai4r_interfaces__rosidl_typesupport_introspection_cpp.dir/rosidl_typesupport_introspection_cpp/ai4r_interfaces/msg/detail/template_message__type_support.cpp.o[0m
[ 41%] [32mBuilding CXX object CMakeFiles/ai4r_interfaces__rosidl_typesupport_fastrtps_cpp.dir/rosidl_typesupport_fastrtps_cpp/ai4r_interfaces/msg/detail/dds_fastrtps/left_right_float32__type_support.cpp.o[0m
[ 41%] [32mBuilding CXX object CMakeFiles/ai4r_interfaces__rosidl_typesupport_fastrtps_cpp.dir/rosidl_typesupport_fastrtps_cpp/ai4r_interfaces/msg/detail/dds_fastrtps/template_message__type_support.cpp.o[0m
[ 43%] [32mBuilding CXX object CMakeFiles/ai4r_interfaces__rosidl_typesupport_fastrtps_cpp.dir/rosidl_typesupport_fastrtps_cpp/ai4r_interfaces/msg/detail/dds_fastrtps/servo_pulse_width__type_support.cpp.o[0m
[ 45%] [32mBuilding CXX object CMakeFiles/ai4r_interfaces__rosidl_typesupport_fastrtps_cpp.dir/rosidl_typesupport_fastrtps_cpp/ai4r_interfaces/msg/detail/dds_fastrtps/left_right_int32__type_support.cpp.o[0m
[ 47%] [32mBuilding CXX object CMakeFiles/ai4r_interfaces__rosidl_typesupport_c.dir/rosidl_typesupport_c/ai4r_interfaces/msg/left_right_float32__type_support.cpp.o[0m
[ 49%] [32mBuilding CXX object CMakeFiles/ai4r_interfaces__rosidl_typesupport_c.dir/rosidl_typesupport_c/ai4r_interfaces/msg/left_right_int32__type_support.cpp.o[0m
[ 50%] [32mBuilding CXX object CMakeFiles/ai4r_interfaces__rosidl_typesupport_fastrtps_c.dir/rosidl_typesupport_fastrtps_c/ai4r_interfaces/msg/detail/left_right_float32__type_support_c.cpp.o[0m
[ 52%] [32mBuilding CXX object CMakeFiles/ai4r_interfaces__rosidl_typesupport_c.dir/rosidl_typesupport_c/ai4r_interfaces/msg/servo_pulse_width__type_support.cpp.o[0m
[ 58%] [32mBuilding CXX object CMakeFiles/ai4r_interfaces__rosidl_typesupport_c.dir/rosidl_typesupport_c/ai4r_interfaces/msg/template_message__type_support.cpp.o[0m
[ 58%] [32mBuilding CXX object CMakeFiles/ai4r_interfaces__rosidl_typesupport_fastrtps_c.dir/rosidl_typesupport_fastrtps_c/ai4r_interfaces/msg/detail/servo_pulse_width__type_support_c.cpp.o[0m
[ 58%] [32mBuilding CXX object CMakeFiles/ai4r_interfaces__rosidl_typesupport_fastrtps_c.dir/rosidl_typesupport_fastrtps_c/ai4r_interfaces/msg/detail/left_right_int32__type_support_c.cpp.o[0m
[ 60%] [32mBuilding CXX object CMakeFiles/ai4r_interfaces__rosidl_typesupport_fastrtps_c.dir/rosidl_typesupport_fastrtps_c/ai4r_interfaces/msg/detail/template_message__type_support_c.cpp.o[0m
[ 61%] [32mBuilding C object CMakeFiles/ai4r_interfaces__rosidl_typesupport_introspection_c.dir/rosidl_typesupport_introspection_c/ai4r_interfaces/msg/detail/left_right_float32__type_support.c.o[0m
[ 63%] [32mBuilding C object CMakeFiles/ai4r_interfaces__rosidl_typesupport_introspection_c.dir/rosidl_typesupport_introspection_c/ai4r_interfaces/msg/detail/left_right_int32__type_support.c.o[0m
[ 65%] [32m[1mLinking CXX shared library libai4r_interfaces__rosidl_typesupport_c.so[0m
[ 67%] [32mBuilding C object CMakeFiles/ai4r_interfaces__rosidl_typesupport_introspection_c.dir/rosidl_typesupport_introspection_c/ai4r_interfaces/msg/detail/servo_pulse_width__type_support.c.o[0m
[ 69%] [32m[1mLinking CXX shared library libai4r_interfaces__rosidl_typesupport_cpp.so[0m
[ 70%] [32mBuilding C object CMakeFiles/ai4r_interfaces__rosidl_typesupport_introspection_c.dir/rosidl_typesupport_introspection_c/ai4r_interfaces/msg/detail/template_message__type_support.c.o[0m
[ 70%] Built target ai4r_interfaces__rosidl_typesupport_c
[ 70%] Built target ai4r_interfaces__rosidl_typesupport_cpp
[ 72%] [32m[1mLinking C shared library libai4r_interfaces__rosidl_typesupport_introspection_c.so[0m
[ 72%] Built target ai4r_interfaces__rosidl_typesupport_introspection_c
[ 74%] [32m[1mLinking CXX shared library libai4r_interfaces__rosidl_typesupport_introspection_cpp.so[0m
[ 76%] [32m[1mLinking CXX shared library libai4r_interfaces__rosidl_typesupport_fastrtps_cpp.so[0m
[ 76%] Built target ai4r_interfaces__rosidl_typesupport_introspection_cpp
[ 76%] Built target ai4r_interfaces__rosidl_typesupport_fastrtps_cpp
[ 78%] [32m[1mLinking CXX shared library libai4r_interfaces__rosidl_typesupport_fastrtps_c.so[0m
[ 78%] Built target ai4r_interfaces__rosidl_typesupport_fastrtps_c
[ 78%] Built target ai4r_interfaces
[ 80%] [34m[1mGenerating Python code for ROS interfaces[0m
[ 80%] Built target ai4r_interfaces__py
[ 81%] [32mBuilding C object CMakeFiles/ai4r_interfaces__rosidl_generator_py.dir/rosidl_generator_py/ai4r_interfaces/msg/_left_right_float32_s.c.o[0m
[ 83%] [32mBuilding C object CMakeFiles/ai4r_interfaces__rosidl_generator_py.dir/rosidl_generator_py/ai4r_interfaces/msg/_left_right_int32_s.c.o[0m
[ 85%] [32mBuilding C object CMakeFiles/ai4r_interfaces__rosidl_generator_py.dir/rosidl_generator_py/ai4r_interfaces/msg/_servo_pulse_width_s.c.o[0m
[ 87%] [32mBuilding C object CMakeFiles/ai4r_interfaces__rosidl_generator_py.dir/rosidl_generator_py/ai4r_interfaces/msg/_template_message_s.c.o[0m
[ 89%] [32m[1mLinking C shared library rosidl_generator_py/ai4r_interfaces/libai4r_interfaces__rosidl_generator_py.so[0m
[ 89%] Built target ai4r_interfaces__rosidl_generator_py
[ 94%] [32mBuilding C object CMakeFiles/ai4r_interfaces__rosidl_typesupport_c__pyext.dir/rosidl_generator_py/ai4r_interfaces/_ai4r_interfaces_s.ep.rosidl_typesupport_c.c.o[0m
[ 94%] [32mBuilding C object CMakeFiles/ai4r_interfaces__rosidl_typesupport_fastrtps_c__pyext.dir/rosidl_generator_py/ai4r_interfaces/_ai4r_interfaces_s.ep.rosidl_typesupport_fastrtps_c.c.o[0m
[ 94%] [32mBuilding C object CMakeFiles/ai4r_interfaces__rosidl_typesupport_introspection_c__pyext.dir/rosidl_generator_py/ai4r_interfaces/_ai4r_interfaces_s.ep.rosidl_typesupport_introspection_c.c.o[0m
[ 98%] [32m[1mLinking C shared library rosidl_generator_py/ai4r_interfaces/ai4r_interfaces_s__rosidl_typesupport_c.cpython-310-x86_64-linux-gnu.so[0m
[ 98%] [32m[1mLinking C shared library rosidl_generator_py/ai4r_interfaces/ai4r_interfaces_s__rosidl_typesupport_introspection_c.cpython-310-x86_64-linux-gnu.so[0m
[100%] [32m[1mLinking C shared library rosidl_generator_py/ai4r_interfaces/ai4r_interfaces_s__rosidl_typesupport_fastrtps_c.cpython-310-x86_64-linux-gnu.so[0m
[100%] Built target ai4r_interfaces__rosidl_typesupport_introspection_c__pyext
[100%] Built target ai4r_interfaces__rosidl_typesupport_c__pyext
[100%] Built target ai4r_interfaces__rosidl_typesupport_fastrtps_c__pyext
-- Install configuration: ""
-- Installing: /home/zekaicheong/asclinic-system/ros2_ws/install/ai4r_interfaces/share/ament_index/resource_index/rosidl_interfaces/ai4r_interfaces
-- Installing: /home/zekaicheong/asclinic-system/ros2_ws/install/ai4r_interfaces/include/ai4r_interfaces/ai4r_interfaces
-- Installing: /home/zekaicheong/asclinic-system/ros2_ws/install/ai4r_interfaces/include/ai4r_interfaces/ai4r_interfaces/msg
-- Installing: /home/zekaicheong/asclinic-system/ros2_ws/install/ai4r_interfaces/include/ai4r_interfaces/ai4r_interfaces/msg/detail
-- Installing: /home/zekaicheong/asclinic-system/ros2_ws/install/ai4r_interfaces/include/ai4r_interfaces/ai4r_interfaces/msg/detail/template_message__functions.c
-- Installing: /home/zekaicheong/asclinic-system/ros2_ws/install/ai4r_interfaces/include/ai4r_interfaces/ai4r_interfaces/msg/detail/left_right_int32__struct.h
-- Installing: /home/zekaicheong/asclinic-system/ros2_ws/install/ai4r_interfaces/include/ai4r_interfaces/ai4r_interfaces/msg/detail/servo_pulse_width__struct.h
-- Installing: /home/zekaicheong/asclinic-system/ros2_ws/install/ai4r_interfaces/include/ai4r_interfaces/ai4r_interfaces/msg/detail/left_right_int32__type_support.h
-- Installing: /home/zekaicheong/asclinic-system/ros2_ws/install/ai4r_interfaces/include/ai4r_interfaces/ai4r_interfaces/msg/detail/left_right_float32__functions.h
-- Installing: /home/zekaicheong/asclinic-system/ros2_ws/install/ai4r_interfaces/include/ai4r_interfaces/ai4r_interfaces/msg/detail/template_message__functions.h
-- Installing: /home/zekaicheong/asclinic-system/ros2_ws/install/ai4r_interfaces/include/ai4r_interfaces/ai4r_interfaces/msg/detail/left_right_float32__functions.c
-- Installing: /home/zekaicheong/asclinic-system/ros2_ws/install/ai4r_interfaces/include/ai4r_interfaces/ai4r_interfaces/msg/detail/servo_pulse_width__type_support.h
-- Installing: /home/zekaicheong/asclinic-system/ros2_ws/install/ai4r_interfaces/include/ai4r_interfaces/ai4r_interfaces/msg/detail/template_message__type_support.h
-- Installing: /home/zekaicheong/asclinic-system/ros2_ws/install/ai4r_interfaces/include/ai4r_interfaces/ai4r_interfaces/msg/detail/left_right_float32__struct.h
-- Installing: /home/zekaicheong/asclinic-system/ros2_ws/install/ai4r_interfaces/include/ai4r_interfaces/ai4r_interfaces/msg/detail/template_message__struct.h
-- Installing: /home/zekaicheong/asclinic-system/ros2_ws/install/ai4r_interfaces/include/ai4r_interfaces/ai4r_interfaces/msg/detail/left_right_int32__functions.h
-- Installing: /home/zekaicheong/asclinic-system/ros2_ws/install/ai4r_interfaces/include/ai4r_interfaces/ai4r_interfaces/msg/detail/servo_pulse_width__functions.c
-- Installing: /home/zekaicheong/asclinic-system/ros2_ws/install/ai4r_interfaces/include/ai4r_interfaces/ai4r_interfaces/msg/detail/servo_pulse_width__functions.h
-- Installing: /home/zekaicheong/asclinic-system/ros2_ws/install/ai4r_interfaces/include/ai4r_interfaces/ai4r_interfaces/msg/detail/left_right_float32__type_support.h
-- Installing: /home/zekaicheong/asclinic-system/ros2_ws/install/ai4r_interfaces/include/ai4r_interfaces/ai4r_interfaces/msg/detail/left_right_int32__functions.c
-- Installing: /home/zekaicheong/asclinic-system/ros2_ws/install/ai4r_interfaces/include/ai4r_interfaces/ai4r_interfaces/msg/rosidl_generator_c__visibility_control.h
-- Installing: /home/zekaicheong/asclinic-system/ros2_ws/install/ai4r_interfaces/include/ai4r_interfaces/ai4r_interfaces/msg/left_right_float32.h
-- Installing: /home/zekaicheong/asclinic-system/ros2_ws/install/ai4r_interfaces/include/ai4r_interfaces/ai4r_interfaces/msg/template_message.h
-- Installing: /home/zekaicheong/asclinic-system/ros2_ws/install/ai4r_interfaces/include/ai4r_interfaces/ai4r_interfaces/msg/servo_pulse_width.h
-- Installing: /home/zekaicheong/asclinic-system/ros2_ws/install/ai4r_interfaces/include/ai4r_interfaces/ai4r_interfaces/msg/left_right_int32.h
-- Installing: /home/zekaicheong/asclinic-system/ros2_ws/install/ai4r_interfaces/share/ai4r_interfaces/environment/library_path.sh
-- Installing: /home/zekaicheong/asclinic-system/ros2_ws/install/ai4r_interfaces/share/ai4r_interfaces/environment/library_path.dsv
-- Installing: /home/zekaicheong/asclinic-system/ros2_ws/install/ai4r_interfaces/lib/libai4r_interfaces__rosidl_generator_c.so
-- Set runtime path of "/home/zekaicheong/asclinic-system/ros2_ws/install/ai4r_interfaces/lib/libai4r_interfaces__rosidl_generator_c.so" to ""
-- Up-to-date: /home/zekaicheong/asclinic-system/ros2_ws/install/ai4r_interfaces/include/ai4r_interfaces/ai4r_interfaces
-- Up-to-date: /home/zekaicheong/asclinic-system/ros2_ws/install/ai4r_interfaces/include/ai4r_interfaces/ai4r_interfaces/msg
-- Up-to-date: /home/zekaicheong/asclinic-system/ros2_ws/install/ai4r_interfaces/include/ai4r_interfaces/ai4r_interfaces/msg/detail
-- Installing: /home/zekaicheong/asclinic-system/ros2_ws/install/ai4r_interfaces/include/ai4r_interfaces/ai4r_interfaces/msg/detail/template_message__rosidl_typesupport_fastrtps_c.h
-- Installing: /home/zekaicheong/asclinic-system/ros2_ws/install/ai4r_interfaces/include/ai4r_interfaces/ai4r_interfaces/msg/detail/left_right_float32__rosidl_typesupport_fastrtps_c.h
-- Installing: /home/zekaicheong/asclinic-system/ros2_ws/install/ai4r_interfaces/include/ai4r_interfaces/ai4r_interfaces/msg/detail/servo_pulse_width__rosidl_typesupport_fastrtps_c.h
-- Installing: /home/zekaicheong/asclinic-system/ros2_ws/install/ai4r_interfaces/include/ai4r_interfaces/ai4r_interfaces/msg/detail/left_right_int32__rosidl_typesupport_fastrtps_c.h
-- Installing: /home/zekaicheong/asclinic-system/ros2_ws/install/ai4r_interfaces/include/ai4r_interfaces/ai4r_interfaces/msg/rosidl_typesupport_fastrtps_c__visibility_control.h
-- Installing: /home/zekaicheong/asclinic-system/ros2_ws/install/ai4r_interfaces/lib/libai4r_interfaces__rosidl_typesupport_fastrtps_c.so
-- Set runtime path of "/home/zekaicheong/asclinic-system/ros2_ws/install/ai4r_interfaces/lib/libai4r_interfaces__rosidl_typesupport_fastrtps_c.so" to ""
-- Up-to-date: /home/zekaicheong/asclinic-system/ros2_ws/install/ai4r_interfaces/include/ai4r_interfaces/ai4r_interfaces
-- Up-to-date: /home/zekaicheong/asclinic-system/ros2_ws/install/ai4r_interfaces/include/ai4r_interfaces/ai4r_interfaces/msg
-- Up-to-date: /home/zekaicheong/asclinic-system/ros2_ws/install/ai4r_interfaces/include/ai4r_interfaces/ai4r_interfaces/msg/detail
-- Installing: /home/zekaicheong/asclinic-system/ros2_ws/install/ai4r_interfaces/include/ai4r_interfaces/ai4r_interfaces/msg/detail/left_right_int32__rosidl_typesupport_introspection_c.h
-- Installing: /home/zekaicheong/asclinic-system/ros2_ws/install/ai4r_interfaces/include/ai4r_interfaces/ai4r_interfaces/msg/detail/template_message__type_support.c
-- Installing: /home/zekaicheong/asclinic-system/ros2_ws/install/ai4r_interfaces/include/ai4r_interfaces/ai4r_interfaces/msg/detail/left_right_float32__type_support.c
-- Installing: /home/zekaicheong/asclinic-system/ros2_ws/install/ai4r_interfaces/include/ai4r_interfaces/ai4r_interfaces/msg/detail/template_message__rosidl_typesupport_introspection_c.h
-- Installing: /home/zekaicheong/asclinic-system/ros2_ws/install/ai4r_interfaces/include/ai4r_interfaces/ai4r_interfaces/msg/detail/left_right_float32__rosidl_typesupport_introspection_c.h
-- Installing: /home/zekaicheong/asclinic-system/ros2_ws/install/ai4r_interfaces/include/ai4r_interfaces/ai4r_interfaces/msg/detail/servo_pulse_width__rosidl_typesupport_introspection_c.h
-- Installing: /home/zekaicheong/asclinic-system/ros2_ws/install/ai4r_interfaces/include/ai4r_interfaces/ai4r_interfaces/msg/detail/servo_pulse_width__type_support.c
-- Installing: /home/zekaicheong/asclinic-system/ros2_ws/install/ai4r_interfaces/include/ai4r_interfaces/ai4r_interfaces/msg/detail/left_right_int32__type_support.c
-- Installing: /home/zekaicheong/asclinic-system/ros2_ws/install/ai4r_interfaces/include/ai4r_interfaces/ai4r_interfaces/msg/rosidl_typesupport_introspection_c__visibility_control.h
-- Installing: /home/zekaicheong/asclinic-system/ros2_ws/install/ai4r_interfaces/lib/libai4r_interfaces__rosidl_typesupport_introspection_c.so
-- Set runtime path of "/home/zekaicheong/asclinic-system/ros2_ws/install/ai4r_interfaces/lib/libai4r_interfaces__rosidl_typesupport_introspection_c.so" to ""
-- Installing: /home/zekaicheong/asclinic-system/ros2_ws/install/ai4r_interfaces/lib/libai4r_interfaces__rosidl_typesupport_c.so
-- Set runtime path of "/home/zekaicheong/asclinic-system/ros2_ws/install/ai4r_interfaces/lib/libai4r_interfaces__rosidl_typesupport_c.so" to ""
-- Up-to-date: /home/zekaicheong/asclinic-system/ros2_ws/install/ai4r_interfaces/include/ai4r_interfaces/ai4r_interfaces
-- Up-to-date: /home/zekaicheong/asclinic-system/ros2_ws/install/ai4r_interfaces/include/ai4r_interfaces/ai4r_interfaces/msg
-- Up-to-date: /home/zekaicheong/asclinic-system/ros2_ws/install/ai4r_interfaces/include/ai4r_interfaces/ai4r_interfaces/msg/detail
-- Installing: /home/zekaicheong/asclinic-system/ros2_ws/install/ai4r_interfaces/include/ai4r_interfaces/ai4r_interfaces/msg/detail/left_right_float32__struct.hpp
-- Installing: /home/zekaicheong/asclinic-system/ros2_ws/install/ai4r_interfaces/include/ai4r_interfaces/ai4r_interfaces/msg/detail/left_right_float32__traits.hpp
-- Installing: /home/zekaicheong/asclinic-system/ros2_ws/install/ai4r_interfaces/include/ai4r_interfaces/ai4r_interfaces/msg/detail/servo_pulse_width__struct.hpp
-- Installing: /home/zekaicheong/asclinic-system/ros2_ws/install/ai4r_interfaces/include/ai4r_interfaces/ai4r_interfaces/msg/detail/servo_pulse_width__builder.hpp
-- Installing: /home/zekaicheong/asclinic-system/ros2_ws/install/ai4r_interfaces/include/ai4r_interfaces/ai4r_interfaces/msg/detail/left_right_int32__struct.hpp
-- Installing: /home/zekaicheong/asclinic-system/ros2_ws/install/ai4r_interfaces/include/ai4r_interfaces/ai4r_interfaces/msg/detail/left_right_float32__builder.hpp
-- Installing: /home/zekaicheong/asclinic-system/ros2_ws/install/ai4r_interfaces/include/ai4r_interfaces/ai4r_interfaces/msg/detail/template_message__traits.hpp
-- Installing: /home/zekaicheong/asclinic-system/ros2_ws/install/ai4r_interfaces/include/ai4r_interfaces/ai4r_interfaces/msg/detail/servo_pulse_width__traits.hpp
-- Installing: /home/zekaicheong/asclinic-system/ros2_ws/install/ai4r_interfaces/include/ai4r_interfaces/ai4r_interfaces/msg/detail/left_right_int32__traits.hpp
-- Installing: /home/zekaicheong/asclinic-system/ros2_ws/install/ai4r_interfaces/include/ai4r_interfaces/ai4r_interfaces/msg/detail/template_message__builder.hpp
-- Installing: /home/zekaicheong/asclinic-system/ros2_ws/install/ai4r_interfaces/include/ai4r_interfaces/ai4r_interfaces/msg/detail/left_right_int32__builder.hpp
-- Installing: /home/zekaicheong/asclinic-system/ros2_ws/install/ai4r_interfaces/include/ai4r_interfaces/ai4r_interfaces/msg/detail/template_message__struct.hpp
-- Installing: /home/zekaicheong/asclinic-system/ros2_ws/install/ai4r_interfaces/include/ai4r_interfaces/ai4r_interfaces/msg/left_right_int32.hpp
-- Installing: /home/zekaicheong/asclinic-system/ros2_ws/install/ai4r_interfaces/include/ai4r_interfaces/ai4r_interfaces/msg/template_message.hpp
-- Installing: /home/zekaicheong/asclinic-system/ros2_ws/install/ai4r_interfaces/include/ai4r_interfaces/ai4r_interfaces/msg/servo_pulse_width.hpp
-- Installing: /home/zekaicheong/asclinic-system/ros2_ws/install/ai4r_interfaces/include/ai4r_interfaces/ai4r_interfaces/msg/left_right_float32.hpp
-- Up-to-date: /home/zekaicheong/asclinic-system/ros2_ws/install/ai4r_interfaces/include/ai4r_interfaces/ai4r_interfaces
-- Up-to-date: /home/zekaicheong/asclinic-system/ros2_ws/install/ai4r_interfaces/include/ai4r_interfaces/ai4r_interfaces/msg
-- Up-to-date: /home/zekaicheong/asclinic-system/ros2_ws/install/ai4r_interfaces/include/ai4r_interfaces/ai4r_interfaces/msg/detail
-- Installing: /home/zekaicheong/asclinic-system/ros2_ws/install/ai4r_interfaces/include/ai4r_interfaces/ai4r_interfaces/msg/detail/template_message__rosidl_typesupport_fastrtps_cpp.hpp
-- Installing: /home/zekaicheong/asclinic-system/ros2_ws/install/ai4r_interfaces/include/ai4r_interfaces/ai4r_interfaces/msg/detail/left_right_float32__rosidl_typesupport_fastrtps_cpp.hpp
-- Installing: /home/zekaicheong/asclinic-system/ros2_ws/install/ai4r_interfaces/include/ai4r_interfaces/ai4r_interfaces/msg/detail/left_right_int32__rosidl_typesupport_fastrtps_cpp.hpp
-- Installing: /home/zekaicheong/asclinic-system/ros2_ws/install/ai4r_interfaces/include/ai4r_interfaces/ai4r_interfaces/msg/detail/servo_pulse_width__rosidl_typesupport_fastrtps_cpp.hpp
-- Installing: /home/zekaicheong/asclinic-system/ros2_ws/install/ai4r_interfaces/include/ai4r_interfaces/ai4r_interfaces/msg/detail/dds_fastrtps
-- Installing: /home/zekaicheong/asclinic-system/ros2_ws/install/ai4r_interfaces/include/ai4r_interfaces/ai4r_interfaces/msg/rosidl_typesupport_fastrtps_cpp__visibility_control.h
-- Installing: /home/zekaicheong/asclinic-system/ros2_ws/install/ai4r_interfaces/lib/libai4r_interfaces__rosidl_typesupport_fastrtps_cpp.so
-- Set runtime path of "/home/zekaicheong/asclinic-system/ros2_ws/install/ai4r_interfaces/lib/libai4r_interfaces__rosidl_typesupport_fastrtps_cpp.so" to ""
-- Up-to-date: /home/zekaicheong/asclinic-system/ros2_ws/install/ai4r_interfaces/include/ai4r_interfaces/ai4r_interfaces
-- Up-to-date: /home/zekaicheong/asclinic-system/ros2_ws/install/ai4r_interfaces/include/ai4r_interfaces/ai4r_interfaces/msg
-- Up-to-date: /home/zekaicheong/asclinic-system/ros2_ws/install/ai4r_interfaces/include/ai4r_interfaces/ai4r_interfaces/msg/detail
-- Installing: /home/zekaicheong/asclinic-system/ros2_ws/install/ai4r_interfaces/include/ai4r_interfaces/ai4r_interfaces/msg/detail/template_message__rosidl_typesupport_introspection_cpp.hpp
-- Installing: /home/zekaicheong/asclinic-system/ros2_ws/install/ai4r_interfaces/include/ai4r_interfaces/ai4r_interfaces/msg/detail/left_right_float32__type_support.cpp
-- Installing: /home/zekaicheong/asclinic-system/ros2_ws/install/ai4r_interfaces/include/ai4r_interfaces/ai4r_interfaces/msg/detail/left_right_int32__type_support.cpp
-- Installing: /home/zekaicheong/asclinic-system/ros2_ws/install/ai4r_interfaces/include/ai4r_interfaces/ai4r_interfaces/msg/detail/left_right_float32__rosidl_typesupport_introspection_cpp.hpp
-- Installing: /home/zekaicheong/asclinic-system/ros2_ws/install/ai4r_interfaces/include/ai4r_interfaces/ai4r_interfaces/msg/detail/servo_pulse_width__rosidl_typesupport_introspection_cpp.hpp
-- Installing: /home/zekaicheong/asclinic-system/ros2_ws/install/ai4r_interfaces/include/ai4r_interfaces/ai4r_interfaces/msg/detail/template_message__type_support.cpp
-- Installing: /home/zekaicheong/asclinic-system/ros2_ws/install/ai4r_interfaces/include/ai4r_interfaces/ai4r_interfaces/msg/detail/left_right_int32__rosidl_typesupport_introspection_cpp.hpp
-- Installing: /home/zekaicheong/asclinic-system/ros2_ws/install/ai4r_interfaces/include/ai4r_interfaces/ai4r_interfaces/msg/detail/servo_pulse_width__type_support.cpp
-- Installing: /home/zekaicheong/asclinic-system/ros2_ws/install/ai4r_interfaces/lib/libai4r_interfaces__rosidl_typesupport_introspection_cpp.so
-- Set runtime path of "/home/zekaicheong/asclinic-system/ros2_ws/install/ai4r_interfaces/lib/libai4r_interfaces__rosidl_typesupport_introspection_cpp.so" to ""
-- Installing: /home/zekaicheong/asclinic-system/ros2_ws/install/ai4r_interfaces/lib/libai4r_interfaces__rosidl_typesupport_cpp.so
-- Set runtime path of "/home/zekaicheong/asclinic-system/ros2_ws/install/ai4r_interfaces/lib/libai4r_interfaces__rosidl_typesupport_cpp.so" to ""
-- Installing: /home/zekaicheong/asclinic-system/ros2_ws/install/ai4r_interfaces/share/ai4r_interfaces/environment/pythonpath.sh
-- Installing: /home/zekaicheong/asclinic-system/ros2_ws/install/ai4r_interfaces/share/ai4r_interfaces/environment/pythonpath.dsv
-- Installing: /home/zekaicheong/asclinic-system/ros2_ws/install/ai4r_interfaces/local/lib/python3.10/dist-packages/ai4r_interfaces-0.0.0-py3.10.egg-info
-- Installing: /home/zekaicheong/asclinic-system/ros2_ws/install/ai4r_interfaces/local/lib/python3.10/dist-packages/ai4r_interfaces-0.0.0-py3.10.egg-info/top_level.txt
-- Installing: /home/zekaicheong/asclinic-system/ros2_ws/install/ai4r_interfaces/local/lib/python3.10/dist-packages/ai4r_interfaces-0.0.0-py3.10.egg-info/PKG-INFO
-- Installing: /home/zekaicheong/asclinic-system/ros2_ws/install/ai4r_interfaces/local/lib/python3.10/dist-packages/ai4r_interfaces-0.0.0-py3.10.egg-info/dependency_links.txt
-- Installing: /home/zekaicheong/asclinic-system/ros2_ws/install/ai4r_interfaces/local/lib/python3.10/dist-packages/ai4r_interfaces-0.0.0-py3.10.egg-info/SOURCES.txt
-- Installing: /home/zekaicheong/asclinic-system/ros2_ws/install/ai4r_interfaces/local/lib/python3.10/dist-packages/ai4r_interfaces
-- Installing: /home/zekaicheong/asclinic-system/ros2_ws/install/ai4r_interfaces/local/lib/python3.10/dist-packages/ai4r_interfaces/_ai4r_interfaces_s.ep.rosidl_typesupport_fastrtps_c.c
-- Installing: /home/zekaicheong/asclinic-system/ros2_ws/install/ai4r_interfaces/local/lib/python3.10/dist-packages/ai4r_interfaces/ai4r_interfaces_s__rosidl_typesupport_fastrtps_c.cpython-310-x86_64-linux-gnu.so
-- Installing: /home/zekaicheong/asclinic-system/ros2_ws/install/ai4r_interfaces/local/lib/python3.10/dist-packages/ai4r_interfaces/ai4r_interfaces_s__rosidl_typesupport_introspection_c.cpython-310-x86_64-linux-gnu.so
-- Installing: /home/zekaicheong/asclinic-system/ros2_ws/install/ai4r_interfaces/local/lib/python3.10/dist-packages/ai4r_interfaces/__init__.py
-- Installing: /home/zekaicheong/asclinic-system/ros2_ws/install/ai4r_interfaces/local/lib/python3.10/dist-packages/ai4r_interfaces/_ai4r_interfaces_s.ep.rosidl_typesupport_introspection_c.c
-- Installing: /home/zekaicheong/asclinic-system/ros2_ws/install/ai4r_interfaces/local/lib/python3.10/dist-packages/ai4r_interfaces/_ai4r_interfaces_s.ep.rosidl_typesupport_c.c
-- Installing: /home/zekaicheong/asclinic-system/ros2_ws/install/ai4r_interfaces/local/lib/python3.10/dist-packages/ai4r_interfaces/msg
-- Installing: /home/zekaicheong/asclinic-system/ros2_ws/install/ai4r_interfaces/local/lib/python3.10/dist-packages/ai4r_interfaces/msg/_left_right_float32_s.c
-- Installing: /home/zekaicheong/asclinic-system/ros2_ws/install/ai4r_interfaces/local/lib/python3.10/dist-packages/ai4r_interfaces/msg/__init__.py
-- Installing: /home/zekaicheong/asclinic-system/ros2_ws/install/ai4r_interfaces/local/lib/python3.10/dist-packages/ai4r_interfaces/msg/_servo_pulse_width.py
-- Installing: /home/zekaicheong/asclinic-system/ros2_ws/install/ai4r_interfaces/local/lib/python3.10/dist-packages/ai4r_interfaces/msg/_template_message_s.c
-- Installing: /home/zekaicheong/asclinic-system/ros2_ws/install/ai4r_interfaces/local/lib/python3.10/dist-packages/ai4r_interfaces/msg/_template_message.py
-- Installing: /home/zekaicheong/asclinic-system/ros2_ws/install/ai4r_interfaces/local/lib/python3.10/dist-packages/ai4r_interfaces/msg/_servo_pulse_width_s.c
-- Installing: /home/zekaicheong/asclinic-system/ros2_ws/install/ai4r_interfaces/local/lib/python3.10/dist-packages/ai4r_interfaces/msg/_left_right_int32_s.c
-- Installing: /home/zekaicheong/asclinic-system/ros2_ws/install/ai4r_interfaces/local/lib/python3.10/dist-packages/ai4r_interfaces/msg/_left_right_int32.py
-- Installing: /home/zekaicheong/asclinic-system/ros2_ws/install/ai4r_interfaces/local/lib/python3.10/dist-packages/ai4r_interfaces/msg/_left_right_float32.py
-- Installing: /home/zekaicheong/asclinic-system/ros2_ws/install/ai4r_interfaces/local/lib/python3.10/dist-packages/ai4r_interfaces/libai4r_interfaces__rosidl_generator_py.so
-- Installing: /home/zekaicheong/asclinic-system/ros2_ws/install/ai4r_interfaces/local/lib/python3.10/dist-packages/ai4r_interfaces/ai4r_interfaces_s__rosidl_typesupport_c.cpython-310-x86_64-linux-gnu.so
Listing '/home/zekaicheong/asclinic-system/ros2_ws/install/ai4r_interfaces/local/lib/python3.10/dist-packages/ai4r_interfaces'...
Compiling '/home/zekaicheong/asclinic-system/ros2_ws/install/ai4r_interfaces/local/lib/python3.10/dist-packages/ai4r_interfaces/__init__.py'...
Listing '/home/zekaicheong/asclinic-system/ros2_ws/install/ai4r_interfaces/local/lib/python3.10/dist-packages/ai4r_interfaces/msg'...
Compiling '/home/zekaicheong/asclinic-system/ros2_ws/install/ai4r_interfaces/local/lib/python3.10/dist-packages/ai4r_interfaces/msg/__init__.py'...
Compiling '/home/zekaicheong/asclinic-system/ros2_ws/install/ai4r_interfaces/local/lib/python3.10/dist-packages/ai4r_interfaces/msg/_left_right_float32.py'...
Compiling '/home/zekaicheong/asclinic-system/ros2_ws/install/ai4r_interfaces/local/lib/python3.10/dist-packages/ai4r_interfaces/msg/_left_right_int32.py'...
Compiling '/home/zekaicheong/asclinic-system/ros2_ws/install/ai4r_interfaces/local/lib/python3.10/dist-packages/ai4r_interfaces/msg/_servo_pulse_width.py'...
Compiling '/home/zekaicheong/asclinic-system/ros2_ws/install/ai4r_interfaces/local/lib/python3.10/dist-packages/ai4r_interfaces/msg/_template_message.py'...
-- Installing: /home/zekaicheong/asclinic-system/ros2_ws/install/ai4r_interfaces/local/lib/python3.10/dist-packages/ai4r_interfaces/ai4r_interfaces_s__rosidl_typesupport_fastrtps_c.cpython-310-x86_64-linux-gnu.so
-- Set runtime path of "/home/zekaicheong/asclinic-system/ros2_ws/install/ai4r_interfaces/local/lib/python3.10/dist-packages/ai4r_interfaces/ai4r_interfaces_s__rosidl_typesupport_fastrtps_c.cpython-310-x86_64-linux-gnu.so" to ""
-- Installing: /home/zekaicheong/asclinic-system/ros2_ws/install/ai4r_interfaces/local/lib/python3.10/dist-packages/ai4r_interfaces/ai4r_interfaces_s__rosidl_typesupport_introspection_c.cpython-310-x86_64-linux-gnu.so
-- Set runtime path of "/home/zekaicheong/asclinic-system/ros2_ws/install/ai4r_interfaces/local/lib/python3.10/dist-packages/ai4r_interfaces/ai4r_interfaces_s__rosidl_typesupport_introspection_c.cpython-310-x86_64-linux-gnu.so" to ""
-- Installing: /home/zekaicheong/asclinic-system/ros2_ws/install/ai4r_interfaces/local/lib/python3.10/dist-packages/ai4r_interfaces/ai4r_interfaces_s__rosidl_typesupport_c.cpython-310-x86_64-linux-gnu.so
-- Set runtime path of "/home/zekaicheong/asclinic-system/ros2_ws/install/ai4r_interfaces/local/lib/python3.10/dist-packages/ai4r_interfaces/ai4r_interfaces_s__rosidl_typesupport_c.cpython-310-x86_64-linux-gnu.so" to ""
-- Installing: /home/zekaicheong/asclinic-system/ros2_ws/install/ai4r_interfaces/lib/libai4r_interfaces__rosidl_generator_py.so
-- Set runtime path of "/home/zekaicheong/asclinic-system/ros2_ws/install/ai4r_interfaces/lib/libai4r_interfaces__rosidl_generator_py.so" to ""
-- Installing: /home/zekaicheong/asclinic-system/ros2_ws/install/ai4r_interfaces/share/ai4r_interfaces/msg/LeftRightFloat32.idl
-- Installing: /home/zekaicheong/asclinic-system/ros2_ws/install/ai4r_interfaces/share/ai4r_interfaces/msg/LeftRightInt32.idl
-- Installing: /home/zekaicheong/asclinic-system/ros2_ws/install/ai4r_interfaces/share/ai4r_interfaces/msg/ServoPulseWidth.idl
-- Installing: /home/zekaicheong/asclinic-system/ros2_ws/install/ai4r_interfaces/share/ai4r_interfaces/msg/TemplateMessage.idl
-- Installing: /home/zekaicheong/asclinic-system/ros2_ws/install/ai4r_interfaces/share/ai4r_interfaces/msg/LeftRightFloat32.msg
-- Installing: /home/zekaicheong/asclinic-system/ros2_ws/install/ai4r_interfaces/share/ai4r_interfaces/msg/LeftRightInt32.msg
-- Installing: /home/zekaicheong/asclinic-system/ros2_ws/install/ai4r_interfaces/share/ai4r_interfaces/msg/ServoPulseWidth.msg
-- Installing: /home/zekaicheong/asclinic-system/ros2_ws/install/ai4r_interfaces/share/ai4r_interfaces/msg/TemplateMessage.msg
-- Installing: /home/zekaicheong/asclinic-system/ros2_ws/install/ai4r_interfaces/share/ament_index/resource_index/package_run_dependencies/ai4r_interfaces
-- Installing: /home/zekaicheong/asclinic-system/ros2_ws/install/ai4r_interfaces/share/ament_index/resource_index/parent_prefix_path/ai4r_interfaces
-- Installing: /home/zekaicheong/asclinic-system/ros2_ws/install/ai4r_interfaces/share/ai4r_interfaces/environment/ament_prefix_path.sh
-- Installing: /home/zekaicheong/asclinic-system/ros2_ws/install/ai4r_interfaces/share/ai4r_interfaces/environment/ament_prefix_path.dsv
-- Installing: /home/zekaicheong/asclinic-system/ros2_ws/install/ai4r_interfaces/share/ai4r_interfaces/environment/path.sh
-- Installing: /home/zekaicheong/asclinic-system/ros2_ws/install/ai4r_interfaces/share/ai4r_interfaces/environment/path.dsv
-- Installing: /home/zekaicheong/asclinic-system/ros2_ws/install/ai4r_interfaces/share/ai4r_interfaces/local_setup.bash
-- Installing: /home/zekaicheong/asclinic-system/ros2_ws/install/ai4r_interfaces/share/ai4r_interfaces/local_setup.sh
-- Installing: /home/zekaicheong/asclinic-system/ros2_ws/install/ai4r_interfaces/share/ai4r_interfaces/local_setup.zsh
-- Installing: /home/zekaicheong/asclinic-system/ros2_ws/install/ai4r_interfaces/share/ai4r_interfaces/local_setup.dsv
-- Installing: /home/zekaicheong/asclinic-system/ros2_ws/install/ai4r_interfaces/share/ai4r_interfaces/package.dsv
-- Installing: /home/zekaicheong/asclinic-system/ros2_ws/install/ai4r_interfaces/share/ament_index/resource_index/packages/ai4r_interfaces
-- Installing: /home/zekaicheong/asclinic-system/ros2_ws/install/ai4r_interfaces/share/ai4r_interfaces/cmake/export_ai4r_interfaces__rosidl_generator_cExport.cmake
-- Installing: /home/zekaicheong/asclinic-system/ros2_ws/install/ai4r_interfaces/share/ai4r_interfaces/cmake/export_ai4r_interfaces__rosidl_generator_cExport-noconfig.cmake
-- Installing: /home/zekaicheong/asclinic-system/ros2_ws/install/ai4r_interfaces/share/ai4r_interfaces/cmake/export_ai4r_interfaces__rosidl_typesupport_fastrtps_cExport.cmake
-- Installing: /home/zekaicheong/asclinic-system/ros2_ws/install/ai4r_interfaces/share/ai4r_interfaces/cmake/export_ai4r_interfaces__rosidl_typesupport_fastrtps_cExport-noconfig.cmake
-- Installing: /home/zekaicheong/asclinic-system/ros2_ws/install/ai4r_interfaces/share/ai4r_interfaces/cmake/ai4r_interfaces__rosidl_typesupport_introspection_cExport.cmake
-- Installing: /home/zekaicheong/asclinic-system/ros2_ws/install/ai4r_interfaces/share/ai4r_interfaces/cmake/ai4r_interfaces__rosidl_typesupport_introspection_cExport-noconfig.cmake
-- Installing: /home/zekaicheong/asclinic-system/ros2_ws/install/ai4r_interfaces/share/ai4r_interfaces/cmake/ai4r_interfaces__rosidl_typesupport_cExport.cmake
-- Installing: /home/zekaicheong/asclinic-system/ros2_ws/install/ai4r_interfaces/share/ai4r_interfaces/cmake/ai4r_interfaces__rosidl_typesupport_cExport-noconfig.cmake
-- Installing: /home/zekaicheong/asclinic-system/ros2_ws/install/ai4r_interfaces/share/ai4r_interfaces/cmake/export_ai4r_interfaces__rosidl_generator_cppExport.cmake
-- Installing: /home/zekaicheong/asclinic-system/ros2_ws/install/ai4r_interfaces/share/ai4r_interfaces/cmake/export_ai4r_interfaces__rosidl_typesupport_fastrtps_cppExport.cmake
-- Installing: /home/zekaicheong/asclinic-system/ros2_ws/install/ai4r_interfaces/share/ai4r_interfaces/cmake/export_ai4r_interfaces__rosidl_typesupport_fastrtps_cppExport-noconfig.cmake
-- Installing: /home/zekaicheong/asclinic-system/ros2_ws/install/ai4r_interfaces/share/ai4r_interfaces/cmake/ai4r_interfaces__rosidl_typesupport_introspection_cppExport.cmake
-- Installing: /home/zekaicheong/asclinic-system/ros2_ws/install/ai4r_interfaces/share/ai4r_interfaces/cmake/ai4r_interfaces__rosidl_typesupport_introspection_cppExport-noconfig.cmake
-- Installing: /home/zekaicheong/asclinic-system/ros2_ws/install/ai4r_interfaces/share/ai4r_interfaces/cmake/ai4r_interfaces__rosidl_typesupport_cppExport.cmake
-- Installing: /home/zekaicheong/asclinic-system/ros2_ws/install/ai4r_interfaces/share/ai4r_interfaces/cmake/ai4r_interfaces__rosidl_typesupport_cppExport-noconfig.cmake
-- Installing: /home/zekaicheong/asclinic-system/ros2_ws/install/ai4r_interfaces/share/ai4r_interfaces/cmake/export_ai4r_interfaces__rosidl_generator_pyExport.cmake
-- Installing: /home/zekaicheong/asclinic-system/ros2_ws/install/ai4r_interfaces/share/ai4r_interfaces/cmake/export_ai4r_interfaces__rosidl_generator_pyExport-noconfig.cmake
-- Installing: /home/zekaicheong/asclinic-system/ros2_ws/install/ai4r_interfaces/share/ai4r_interfaces/cmake/rosidl_cmake-extras.cmake
-- Installing: /home/zekaicheong/asclinic-system/ros2_ws/install/ai4r_interfaces/share/ai4r_interfaces/cmake/ament_cmake_export_include_directories-extras.cmake
-- Installing: /home/zekaicheong/asclinic-system/ros2_ws/install/ai4r_interfaces/share/ai4r_interfaces/cmake/ament_cmake_export_libraries-extras.cmake
-- Installing: /home/zekaicheong/asclinic-system/ros2_ws/install/ai4r_interfaces/share/ai4r_interfaces/cmake/ament_cmake_export_targets-extras.cmake
-- Installing: /home/zekaicheong/asclinic-system/ros2_ws/install/ai4r_interfaces/share/ai4r_interfaces/cmake/rosidl_cmake_export_typesupport_targets-extras.cmake
-- Installing: /home/zekaicheong/asclinic-system/ros2_ws/install/ai4r_interfaces/share/ai4r_interfaces/cmake/ament_cmake_export_dependencies-extras.cmake
-- Installing: /home/zekaicheong/asclinic-system/ros2_ws/install/ai4r_interfaces/share/ai4r_interfaces/cmake/rosidl_cmake_export_typesupport_libraries-extras.cmake
-- Installing: /home/zekaicheong/asclinic-system/ros2_ws/install/ai4r_interfaces/share/ai4r_interfaces/cmake/ai4r_interfacesConfig.cmake
-- Installing: /home/zekaicheong/asclinic-system/ros2_ws/install/ai4r_interfaces/share/ai4r_interfaces/cmake/ai4r_interfacesConfig-version.cmake
-- Installing: /home/zekaicheong/asclinic-system/ros2_ws/install/ai4r_interfaces/share/ai4r_interfaces/package.xml
