[0.009s] Invoking command in '/home/zekaicheong/asclinic-system/ros2_ws/build/ai4r_pkg': CMAKE_PREFIX_PATH=/home/zekaicheong/asclinic-system/ros2_ws/install/ai4r_interfaces:/home/zekaicheong/asclinic-system/ros2_ws/install/ai4r_pkg:/opt/ros/humble CONDA_PROMPT_MODIFIER=(base) /usr/bin/cmake --build /home/zekaicheong/asclinic-system/ros2_ws/build/ai4r_pkg -- -j16 -l16
[0.035s] [35m[1mConsolidate compiler generated dependencies of target looping[0m
[0.041s] [  7%] [32mBuilding CXX object CMakeFiles/talker.dir/src/oop_pub_cpp_node.cpp.o[0m
[0.041s] [ 21%] Built target minimal_cpp_executable
[0.044s] [ 35%] Built target oop_cpp_executable
[0.045s] [ 50%] Built target multiple_pub_sub
[0.045s] [ 71%] Built target listener
[0.045s] [ 78%] Built target servo_pulse_width_sub
[0.048s] [ 78%] Built target ament_cmake_python_copy_ai4r_pkg
[0.051s] [ 92%] Built target looping
[0.172s] running egg_info
[0.172s] writing ai4r_pkg.egg-info/PKG-INFO
[0.173s] writing dependency_links to ai4r_pkg.egg-info/dependency_links.txt
[0.173s] writing top-level names to ai4r_pkg.egg-info/top_level.txt
[0.174s] reading manifest file 'ai4r_pkg.egg-info/SOURCES.txt'
[0.174s] writing manifest file 'ai4r_pkg.egg-info/SOURCES.txt'
[0.189s] [ 92%] Built target ament_cmake_python_build_ai4r_pkg_egg
[2.281s] [100%] [32m[1mLinking CXX executable talker[0m
[2.379s] [100%] Built target talker
[2.385s] Invoked command in '/home/zekaicheong/asclinic-system/ros2_ws/build/ai4r_pkg' returned '0': CMAKE_PREFIX_PATH=/home/zekaicheong/asclinic-system/ros2_ws/install/ai4r_interfaces:/home/zekaicheong/asclinic-system/ros2_ws/install/ai4r_pkg:/opt/ros/humble CONDA_PROMPT_MODIFIER=(base) /usr/bin/cmake --build /home/zekaicheong/asclinic-system/ros2_ws/build/ai4r_pkg -- -j16 -l16
[2.411s] Invoking command in '/home/zekaicheong/asclinic-system/ros2_ws/build/ai4r_pkg': CMAKE_PREFIX_PATH=/home/zekaicheong/asclinic-system/ros2_ws/install/ai4r_interfaces:/home/zekaicheong/asclinic-system/ros2_ws/install/ai4r_pkg:/opt/ros/humble CONDA_PROMPT_MODIFIER=(base) /usr/bin/cmake --install /home/zekaicheong/asclinic-system/ros2_ws/build/ai4r_pkg
[2.415s] -- Install configuration: ""
[2.415s] -- Up-to-date: /home/zekaicheong/asclinic-system/ros2_ws/install/ai4r_pkg/lib/ai4r_pkg/minimal_cpp_executable
[2.415s] -- Up-to-date: /home/zekaicheong/asclinic-system/ros2_ws/install/ai4r_pkg/lib/ai4r_pkg/oop_cpp_executable
[2.416s] -- Installing: /home/zekaicheong/asclinic-system/ros2_ws/install/ai4r_pkg/lib/ai4r_pkg/talker
[2.416s] -- Set runtime path of "/home/zekaicheong/asclinic-system/ros2_ws/install/ai4r_pkg/lib/ai4r_pkg/talker" to ""
[2.416s] -- Up-to-date: /home/zekaicheong/asclinic-system/ros2_ws/install/ai4r_pkg/lib/ai4r_pkg/listener
[2.417s] -- Up-to-date: /home/zekaicheong/asclinic-system/ros2_ws/install/ai4r_pkg/lib/ai4r_pkg/servo_pulse_width_sub
[2.417s] -- Up-to-date: /home/zekaicheong/asclinic-system/ros2_ws/install/ai4r_pkg/lib/ai4r_pkg/multiple_pub_sub
[2.417s] -- Up-to-date: /home/zekaicheong/asclinic-system/ros2_ws/install/ai4r_pkg/lib/ai4r_pkg/looping
[2.417s] -- Up-to-date: /home/zekaicheong/asclinic-system/ros2_ws/install/ai4r_pkg/share/ai4r_pkg/environment/pythonpath.sh
[2.417s] -- Up-to-date: /home/zekaicheong/asclinic-system/ros2_ws/install/ai4r_pkg/share/ai4r_pkg/environment/pythonpath.dsv
[2.417s] -- Up-to-date: /home/zekaicheong/asclinic-system/ros2_ws/install/ai4r_pkg/local/lib/python3.10/dist-packages/ai4r_pkg-0.0.0-py3.10.egg-info
[2.417s] -- Installing: /home/zekaicheong/asclinic-system/ros2_ws/install/ai4r_pkg/local/lib/python3.10/dist-packages/ai4r_pkg-0.0.0-py3.10.egg-info/top_level.txt
[2.417s] -- Installing: /home/zekaicheong/asclinic-system/ros2_ws/install/ai4r_pkg/local/lib/python3.10/dist-packages/ai4r_pkg-0.0.0-py3.10.egg-info/PKG-INFO
[2.417s] -- Installing: /home/zekaicheong/asclinic-system/ros2_ws/install/ai4r_pkg/local/lib/python3.10/dist-packages/ai4r_pkg-0.0.0-py3.10.egg-info/dependency_links.txt
[2.417s] -- Installing: /home/zekaicheong/asclinic-system/ros2_ws/install/ai4r_pkg/local/lib/python3.10/dist-packages/ai4r_pkg-0.0.0-py3.10.egg-info/SOURCES.txt
[2.417s] -- Up-to-date: /home/zekaicheong/asclinic-system/ros2_ws/install/ai4r_pkg/local/lib/python3.10/dist-packages/ai4r_pkg
[2.417s] -- Up-to-date: /home/zekaicheong/asclinic-system/ros2_ws/install/ai4r_pkg/local/lib/python3.10/dist-packages/ai4r_pkg/__init__.py
[2.417s] -- Up-to-date: /home/zekaicheong/asclinic-system/ros2_ws/install/ai4r_pkg/local/lib/python3.10/dist-packages/ai4r_pkg/module_to_import.py
[2.435s] Listing '/home/zekaicheong/asclinic-system/ros2_ws/install/ai4r_pkg/local/lib/python3.10/dist-packages/ai4r_pkg'...
[2.439s] -- Up-to-date: /home/zekaicheong/asclinic-system/ros2_ws/install/ai4r_pkg/lib/ai4r_pkg/minimal_py_node.py
[2.439s] -- Up-to-date: /home/zekaicheong/asclinic-system/ros2_ws/install/ai4r_pkg/lib/ai4r_pkg/oop_py_node.py
[2.439s] -- Up-to-date: /home/zekaicheong/asclinic-system/ros2_ws/install/ai4r_pkg/lib/ai4r_pkg/oop_pub_py_node.py
[2.439s] -- Up-to-date: /home/zekaicheong/asclinic-system/ros2_ws/install/ai4r_pkg/lib/ai4r_pkg/oop_sub_py_node.py
[2.439s] -- Up-to-date: /home/zekaicheong/asclinic-system/ros2_ws/install/ai4r_pkg/share/ament_index/resource_index/package_run_dependencies/ai4r_pkg
[2.439s] -- Up-to-date: /home/zekaicheong/asclinic-system/ros2_ws/install/ai4r_pkg/share/ament_index/resource_index/parent_prefix_path/ai4r_pkg
[2.439s] -- Up-to-date: /home/zekaicheong/asclinic-system/ros2_ws/install/ai4r_pkg/share/ai4r_pkg/environment/ament_prefix_path.sh
[2.439s] -- Up-to-date: /home/zekaicheong/asclinic-system/ros2_ws/install/ai4r_pkg/share/ai4r_pkg/environment/ament_prefix_path.dsv
[2.439s] -- Up-to-date: /home/zekaicheong/asclinic-system/ros2_ws/install/ai4r_pkg/share/ai4r_pkg/environment/path.sh
[2.439s] -- Up-to-date: /home/zekaicheong/asclinic-system/ros2_ws/install/ai4r_pkg/share/ai4r_pkg/environment/path.dsv
[2.440s] -- Up-to-date: /home/zekaicheong/asclinic-system/ros2_ws/install/ai4r_pkg/share/ai4r_pkg/local_setup.bash
[2.440s] -- Up-to-date: /home/zekaicheong/asclinic-system/ros2_ws/install/ai4r_pkg/share/ai4r_pkg/local_setup.sh
[2.440s] -- Up-to-date: /home/zekaicheong/asclinic-system/ros2_ws/install/ai4r_pkg/share/ai4r_pkg/local_setup.zsh
[2.440s] -- Up-to-date: /home/zekaicheong/asclinic-system/ros2_ws/install/ai4r_pkg/share/ai4r_pkg/local_setup.dsv
[2.440s] -- Installing: /home/zekaicheong/asclinic-system/ros2_ws/install/ai4r_pkg/share/ai4r_pkg/package.dsv
[2.440s] -- Up-to-date: /home/zekaicheong/asclinic-system/ros2_ws/install/ai4r_pkg/share/ament_index/resource_index/packages/ai4r_pkg
[2.440s] -- Up-to-date: /home/zekaicheong/asclinic-system/ros2_ws/install/ai4r_pkg/share/ai4r_pkg/cmake/ai4r_pkgConfig.cmake
[2.441s] -- Up-to-date: /home/zekaicheong/asclinic-system/ros2_ws/install/ai4r_pkg/share/ai4r_pkg/cmake/ai4r_pkgConfig-version.cmake
[2.441s] -- Up-to-date: /home/zekaicheong/asclinic-system/ros2_ws/install/ai4r_pkg/share/ai4r_pkg/package.xml
[2.441s] Invoked command in '/home/zekaicheong/asclinic-system/ros2_ws/build/ai4r_pkg' returned '0': CMAKE_PREFIX_PATH=/home/zekaicheong/asclinic-system/ros2_ws/install/ai4r_interfaces:/home/zekaicheong/asclinic-system/ros2_ws/install/ai4r_pkg:/opt/ros/humble CONDA_PROMPT_MODIFIER=(base) /usr/bin/cmake --install /home/zekaicheong/asclinic-system/ros2_ws/build/ai4r_pkg
