[35m[1mConsolidate compiler generated dependencies of target pwm_driver[0m
[35m[1mConsolidate compiler generated dependencies of target listener[0m
[35m[1mConsolidate compiler generated dependencies of target multiple_pub_sub[0m
[ 14%] Built target servo_pulse_width_sub
[ 28%] Built target oop_cpp_executable
[ 35%] [32mBuilding CXX object CMakeFiles/pwm_driver.dir/src/pwm_driver_node.cpp.o[0m
[ 50%] Built target minimal_cpp_executable
[ 64%] Built target talker
[ 64%] Built target ament_cmake_python_copy_ai4r_pkg
[ 78%] Built target listener
[ 92%] Built target multiple_pub_sub
[01m[K/home/zekaicheong/asclinic-system/ros2_ws/src/ai4r_pkg/src/pwm_driver_node.cpp:10:10:[m[K [01;31m[Kfatal error: [m[Ktopic_names.hpp: No such file or directory
   10 | #include [01;31m[K"topic_names.hpp"[m[K
      |          [01;31m[K^~~~~~~~~~~~~~~~~[m[K
compilation terminated.
gmake[2]: *** [CMakeFiles/pwm_driver.dir/build.make:76: CMakeFiles/pwm_driver.dir/src/pwm_driver_node.cpp.o] Error 1
gmake[1]: *** [CMakeFiles/Makefile2:308: CMakeFiles/pwm_driver.dir/all] Error 2
gmake[1]: *** Waiting for unfinished jobs....
running egg_info
writing ai4r_pkg.egg-info/PKG-INFO
writing dependency_links to ai4r_pkg.egg-info/dependency_links.txt
writing top-level names to ai4r_pkg.egg-info/top_level.txt
reading manifest file 'ai4r_pkg.egg-info/SOURCES.txt'
writing manifest file 'ai4r_pkg.egg-info/SOURCES.txt'
[ 92%] Built target ament_cmake_python_build_ai4r_pkg_egg
gmake: *** [Makefile:146: all] Error 2
