[ 25%] Built target minimal_cpp_executable
[ 25%] Built target talker
[ 37%] Built target servo_pulse_width_sub
[ 50%] Built target oop_cpp_executable
[ 62%] Built target listener
[ 62%] Built target ament_cmake_python_copy_ai4r_pkg
[ 81%] [32m[1mLinking CXX executable pwm_driver[0m
[ 87%] Built target multiple_pub_sub
[ 93%] Built target looping
running egg_info
writing ai4r_pkg.egg-info/PKG-INFO
writing dependency_links to ai4r_pkg.egg-info/dependency_links.txt
writing top-level names to ai4r_pkg.egg-info/top_level.txt
reading manifest file 'ai4r_pkg.egg-info/SOURCES.txt'
writing manifest file 'ai4r_pkg.egg-info/SOURCES.txt'
[ 93%] Built target ament_cmake_python_build_ai4r_pkg_egg
/usr/bin/ld: CMakeFiles/pwm_driver.dir/src/pwm_driver_node.cpp.o: in function `__static_initialization_and_destruction_0(int, int)':
pwm_driver_node.cpp:(.text+0x2e7): undefined reference to `I2C_Driver::I2C_Driver(char const*)'
/usr/bin/ld: pwm_driver_node.cpp:(.text+0x305): undefined reference to `PCA9685::PCA9685(I2C_Driver*, unsigned char)'
collect2: error: ld returned 1 exit status
gmake[2]: *** [CMakeFiles/pwm_driver.dir/build.make:167: pwm_driver] Error 1
gmake[1]: *** [CMakeFiles/Makefile2:336: CMakeFiles/pwm_driver.dir/all] Error 2
gmake: *** [Makefile:146: all] Error 2
