[0.005s] Invoking command in '/home/zekaicheong/asclinic-system/ros2_ws/build/ai4r_interfaces': CMAKE_PREFIX_PATH=/opt/ros/humble /usr/bin/cmake /home/zekaicheong/asclinic-system/ros2_ws/src/ai4r_interfaces -DCMAKE_INSTALL_PREFIX=/home/zekaicheong/asclinic-system/ros2_ws/install/ai4r_interfaces
[0.055s] -- The C compiler identification is GNU 11.4.0
[0.129s] -- The CXX compiler identification is GNU 11.4.0
[0.137s] -- Detecting C compiler ABI info
[0.179s] -- Detecting C compiler ABI info - done
[0.183s] -- Check for working C compiler: /usr/bin/cc - skipped
[0.183s] -- Detecting C compile features
[0.184s] -- Detecting C compile features - done
[0.186s] -- Detecting CXX compiler ABI info
[0.228s] -- Detecting CXX compiler ABI info - done
[0.233s] -- Check for working CXX compiler: /usr/bin/c++ - skipped
[0.233s] -- Detecting CXX compile features
[0.233s] -- Detecting CXX compile features - done
[0.236s] -- Found ament_cmake: 1.3.5 (/opt/ros/humble/share/ament_cmake/cmake)
[0.331s] -- Found Python3: /usr/bin/python3.10 (found version "3.10.12") found components: Interpreter 
[0.388s] -- Found rosidl_default_generators: 1.2.0 (/opt/ros/humble/share/rosidl_default_generators/cmake)
[0.390s] -- Using all available rosidl_typesupport_c: rosidl_typesupport_fastrtps_c;rosidl_typesupport_introspection_c
[0.395s] -- Found rosidl_adapter: 3.1.5 (/opt/ros/humble/share/rosidl_adapter/cmake)
[0.423s] -- Using all available rosidl_typesupport_cpp: rosidl_typesupport_fastrtps_cpp;rosidl_typesupport_introspection_cpp
[0.584s] -- Found ament_cmake_ros: 0.10.0 (/opt/ros/humble/share/ament_cmake_ros/cmake)
[0.687s] -- Using all available rosidl_typesupport_c: rosidl_typesupport_fastrtps_c;rosidl_typesupport_introspection_c
[0.817s] -- Using all available rosidl_typesupport_cpp: rosidl_typesupport_fastrtps_cpp;rosidl_typesupport_introspection_cpp
[0.829s] -- Found PythonInterp: /usr/bin/python3 (found suitable version "3.10.12", minimum required is "3.6") 
[0.830s] -- Found python_cmake_module: 0.10.0 (/opt/ros/humble/share/python_cmake_module/cmake)
[0.846s] -- Found PythonLibs: /usr/lib/x86_64-linux-gnu/libpython3.10.so (found suitable version "3.10.12", minimum required is "3.5") 
[0.846s] -- Using PYTHON_EXECUTABLE: /usr/bin/python3
[0.846s] -- Using PYTHON_INCLUDE_DIRS: /usr/include/python3.10
[0.846s] -- Using PYTHON_LIBRARIES: /usr/lib/x86_64-linux-gnu/libpython3.10.so
[0.857s] -- Found PythonExtra: .so  
[0.877s] -- Found ament_lint_auto: 0.12.7 (/opt/ros/humble/share/ament_lint_auto/cmake)
[0.890s] -- Added test 'lint_cmake' to check CMake code style
[0.891s] -- Added test 'xmllint' to check XML markup files
[0.892s] -- Configuring done
[0.905s] -- Generating done
[0.907s] -- Build files have been written to: /home/zekaicheong/asclinic-system/ros2_ws/build/ai4r_interfaces
[0.910s] Invoked command in '/home/zekaicheong/asclinic-system/ros2_ws/build/ai4r_interfaces' returned '0': CMAKE_PREFIX_PATH=/opt/ros/humble /usr/bin/cmake /home/zekaicheong/asclinic-system/ros2_ws/src/ai4r_interfaces -DCMAKE_INSTALL_PREFIX=/home/zekaicheong/asclinic-system/ros2_ws/install/ai4r_interfaces
[0.912s] Invoking command in '/home/zekaicheong/asclinic-system/ros2_ws/build/ai4r_interfaces': CMAKE_PREFIX_PATH=/opt/ros/humble /usr/bin/cmake --build /home/zekaicheong/asclinic-system/ros2_ws/build/ai4r_interfaces -- -j16 -l16
[0.932s] [  2%] [34m[1mGenerating C code for ROS interfaces[0m
[0.937s] [  5%] [34m[1mGenerating C++ code for ROS interfaces[0m
[0.942s] [  5%] Built target ament_cmake_python_copy_ai4r_interfaces
[1.088s] running egg_info
[1.089s] creating ai4r_interfaces.egg-info
[1.089s] writing ai4r_interfaces.egg-info/PKG-INFO
[1.089s] writing dependency_links to ai4r_interfaces.egg-info/dependency_links.txt
[1.090s] writing top-level names to ai4r_interfaces.egg-info/top_level.txt
[1.090s] writing manifest file 'ai4r_interfaces.egg-info/SOURCES.txt'
[1.092s] reading manifest file 'ai4r_interfaces.egg-info/SOURCES.txt'
[1.092s] writing manifest file 'ai4r_interfaces.egg-info/SOURCES.txt'
[1.107s] [  5%] Built target ai4r_interfaces__cpp
[1.113s] [ 10%] [34m[1mGenerating C++ type support for eProsima Fast-RTPS[0m
[1.113s] [ 10%] [34m[1mGenerating C++ type support dispatch for ROS interfaces[0m
[1.114s] [ 12%] [34m[1mGenerating C++ introspection for ROS interfaces[0m
[1.117s] [ 12%] Built target ament_cmake_python_build_ai4r_interfaces_egg
[1.118s] [ 15%] [32mBuilding C object CMakeFiles/ai4r_interfaces__rosidl_generator_c.dir/rosidl_generator_c/ai4r_interfaces/msg/detail/servo_pulse_width__functions.c.o[0m
[1.119s] [ 17%] [32mBuilding C object CMakeFiles/ai4r_interfaces__rosidl_generator_c.dir/rosidl_generator_c/ai4r_interfaces/msg/detail/esc_and_steering__functions.c.o[0m
[1.151s] [ 20%] [32m[1mLinking C shared library libai4r_interfaces__rosidl_generator_c.so[0m
[1.176s] [ 20%] Built target ai4r_interfaces__rosidl_generator_c
[1.181s] [ 23%] [34m[1mGenerating C type support for eProsima Fast-RTPS[0m
[1.183s] [ 28%] [34m[1mGenerating C type support dispatch for ROS interfaces[0m
[1.183s] [ 28%] [34m[1mGenerating C introspection for ROS interfaces[0m
[1.266s] [ 30%] [32mBuilding CXX object CMakeFiles/ai4r_interfaces__rosidl_typesupport_cpp.dir/rosidl_typesupport_cpp/ai4r_interfaces/msg/servo_pulse_width__type_support.cpp.o[0m
[1.267s] [ 33%] [32mBuilding CXX object CMakeFiles/ai4r_interfaces__rosidl_typesupport_cpp.dir/rosidl_typesupport_cpp/ai4r_interfaces/msg/esc_and_steering__type_support.cpp.o[0m
[1.285s] [ 35%] [32mBuilding CXX object CMakeFiles/ai4r_interfaces__rosidl_typesupport_fastrtps_cpp.dir/rosidl_typesupport_fastrtps_cpp/ai4r_interfaces/msg/detail/dds_fastrtps/servo_pulse_width__type_support.cpp.o[0m
[1.287s] [ 38%] [32mBuilding CXX object CMakeFiles/ai4r_interfaces__rosidl_typesupport_fastrtps_cpp.dir/rosidl_typesupport_fastrtps_cpp/ai4r_interfaces/msg/detail/dds_fastrtps/esc_and_steering__type_support.cpp.o[0m
[1.305s] [ 43%] [32mBuilding CXX object CMakeFiles/ai4r_interfaces__rosidl_typesupport_introspection_cpp.dir/rosidl_typesupport_introspection_cpp/ai4r_interfaces/msg/detail/servo_pulse_width__type_support.cpp.o[0m
[1.305s] [ 43%] [32mBuilding CXX object CMakeFiles/ai4r_interfaces__rosidl_typesupport_introspection_cpp.dir/rosidl_typesupport_introspection_cpp/ai4r_interfaces/msg/detail/esc_and_steering__type_support.cpp.o[0m
[1.363s] [ 48%] [32mBuilding CXX object CMakeFiles/ai4r_interfaces__rosidl_typesupport_fastrtps_c.dir/rosidl_typesupport_fastrtps_c/ai4r_interfaces/msg/detail/servo_pulse_width__type_support_c.cpp.o[0m
[1.363s] [ 48%] [32mBuilding CXX object CMakeFiles/ai4r_interfaces__rosidl_typesupport_fastrtps_c.dir/rosidl_typesupport_fastrtps_c/ai4r_interfaces/msg/detail/esc_and_steering__type_support_c.cpp.o[0m
[1.380s] [ 53%] [32mBuilding C object CMakeFiles/ai4r_interfaces__rosidl_typesupport_introspection_c.dir/rosidl_typesupport_introspection_c/ai4r_interfaces/msg/detail/esc_and_steering__type_support.c.o[0m
[1.381s] [ 53%] [32mBuilding C object CMakeFiles/ai4r_interfaces__rosidl_typesupport_introspection_c.dir/rosidl_typesupport_introspection_c/ai4r_interfaces/msg/detail/servo_pulse_width__type_support.c.o[0m
[1.414s] [ 56%] [32m[1mLinking C shared library libai4r_interfaces__rosidl_typesupport_introspection_c.so[0m
[1.435s] [ 61%] [32mBuilding CXX object CMakeFiles/ai4r_interfaces__rosidl_typesupport_c.dir/rosidl_typesupport_c/ai4r_interfaces/msg/servo_pulse_width__type_support.cpp.o[0m
[1.435s] [ 61%] [32mBuilding CXX object CMakeFiles/ai4r_interfaces__rosidl_typesupport_c.dir/rosidl_typesupport_c/ai4r_interfaces/msg/esc_and_steering__type_support.cpp.o[0m
[1.447s] [ 61%] Built target ai4r_interfaces__rosidl_typesupport_introspection_c
[1.464s] [ 66%] [32m[1mLinking CXX shared library libai4r_interfaces__rosidl_typesupport_c.so[0m
[1.464s] [ 66%] [32m[1mLinking CXX shared library libai4r_interfaces__rosidl_typesupport_cpp.so[0m
[1.492s] [ 66%] Built target ai4r_interfaces__rosidl_typesupport_cpp
[1.492s] [ 66%] Built target ai4r_interfaces__rosidl_typesupport_c
[1.543s] [ 69%] [32m[1mLinking CXX shared library libai4r_interfaces__rosidl_typesupport_fastrtps_cpp.so[0m
[1.594s] [ 69%] Built target ai4r_interfaces__rosidl_typesupport_fastrtps_cpp
[1.621s] [ 71%] [32m[1mLinking CXX shared library libai4r_interfaces__rosidl_typesupport_fastrtps_c.so[0m
[1.661s] [ 74%] [32m[1mLinking CXX shared library libai4r_interfaces__rosidl_typesupport_introspection_cpp.so[0m
[1.661s] [ 74%] Built target ai4r_interfaces__rosidl_typesupport_fastrtps_c
[1.680s] [ 74%] Built target ai4r_interfaces__rosidl_typesupport_introspection_cpp
[1.690s] [ 74%] Built target ai4r_interfaces
[1.699s] [ 76%] [34m[1mGenerating Python code for ROS interfaces[0m
[1.880s] [ 76%] Built target ai4r_interfaces__py
[1.890s] [ 82%] [32mBuilding C object CMakeFiles/ai4r_interfaces__rosidl_generator_py.dir/rosidl_generator_py/ai4r_interfaces/msg/_esc_and_steering_s.c.o[0m
[1.890s] [ 82%] [32mBuilding C object CMakeFiles/ai4r_interfaces__rosidl_generator_py.dir/rosidl_generator_py/ai4r_interfaces/msg/_servo_pulse_width_s.c.o[0m
[1.952s] [ 84%] [32m[1mLinking C shared library rosidl_generator_py/ai4r_interfaces/libai4r_interfaces__rosidl_generator_py.so[0m
[1.972s] [ 84%] Built target ai4r_interfaces__rosidl_generator_py
[1.983s] [ 89%] [32mBuilding C object CMakeFiles/ai4r_interfaces__rosidl_typesupport_introspection_c__pyext.dir/rosidl_generator_py/ai4r_interfaces/_ai4r_interfaces_s.ep.rosidl_typesupport_introspection_c.c.o[0m
[1.983s] [ 89%] [32mBuilding C object CMakeFiles/ai4r_interfaces__rosidl_typesupport_fastrtps_c__pyext.dir/rosidl_generator_py/ai4r_interfaces/_ai4r_interfaces_s.ep.rosidl_typesupport_fastrtps_c.c.o[0m
[1.983s] [ 92%] [32mBuilding C object CMakeFiles/ai4r_interfaces__rosidl_typesupport_c__pyext.dir/rosidl_generator_py/ai4r_interfaces/_ai4r_interfaces_s.ep.rosidl_typesupport_c.c.o[0m
[2.036s] [100%] [32m[1mLinking C shared library rosidl_generator_py/ai4r_interfaces/ai4r_interfaces_s__rosidl_typesupport_c.cpython-310-x86_64-linux-gnu.so[0m
[2.036s] [100%] [32m[1mLinking C shared library rosidl_generator_py/ai4r_interfaces/ai4r_interfaces_s__rosidl_typesupport_introspection_c.cpython-310-x86_64-linux-gnu.so[0m
[2.036s] [100%] [32m[1mLinking C shared library rosidl_generator_py/ai4r_interfaces/ai4r_interfaces_s__rosidl_typesupport_fastrtps_c.cpython-310-x86_64-linux-gnu.so[0m
[2.054s] [100%] Built target ai4r_interfaces__rosidl_typesupport_c__pyext
[2.055s] [100%] Built target ai4r_interfaces__rosidl_typesupport_fastrtps_c__pyext
[2.055s] [100%] Built target ai4r_interfaces__rosidl_typesupport_introspection_c__pyext
[2.060s] Invoked command in '/home/zekaicheong/asclinic-system/ros2_ws/build/ai4r_interfaces' returned '0': CMAKE_PREFIX_PATH=/opt/ros/humble /usr/bin/cmake --build /home/zekaicheong/asclinic-system/ros2_ws/build/ai4r_interfaces -- -j16 -l16
[2.099s] Invoking command in '/home/zekaicheong/asclinic-system/ros2_ws/build/ai4r_interfaces': CMAKE_PREFIX_PATH=/opt/ros/humble /usr/bin/cmake --install /home/zekaicheong/asclinic-system/ros2_ws/build/ai4r_interfaces
[2.103s] -- Install configuration: ""
[2.103s] -- Installing: /home/zekaicheong/asclinic-system/ros2_ws/install/ai4r_interfaces/share/ament_index/resource_index/rosidl_interfaces/ai4r_interfaces
[2.103s] -- Installing: /home/zekaicheong/asclinic-system/ros2_ws/install/ai4r_interfaces/include/ai4r_interfaces/ai4r_interfaces
[2.103s] -- Installing: /home/zekaicheong/asclinic-system/ros2_ws/install/ai4r_interfaces/include/ai4r_interfaces/ai4r_interfaces/msg
[2.103s] -- Installing: /home/zekaicheong/asclinic-system/ros2_ws/install/ai4r_interfaces/include/ai4r_interfaces/ai4r_interfaces/msg/detail
[2.103s] -- Installing: /home/zekaicheong/asclinic-system/ros2_ws/install/ai4r_interfaces/include/ai4r_interfaces/ai4r_interfaces/msg/detail/servo_pulse_width__struct.h
[2.103s] -- Installing: /home/zekaicheong/asclinic-system/ros2_ws/install/ai4r_interfaces/include/ai4r_interfaces/ai4r_interfaces/msg/detail/esc_and_steering__type_support.h
[2.103s] -- Installing: /home/zekaicheong/asclinic-system/ros2_ws/install/ai4r_interfaces/include/ai4r_interfaces/ai4r_interfaces/msg/detail/servo_pulse_width__type_support.h
[2.103s] -- Installing: /home/zekaicheong/asclinic-system/ros2_ws/install/ai4r_interfaces/include/ai4r_interfaces/ai4r_interfaces/msg/detail/esc_and_steering__functions.c
[2.103s] -- Installing: /home/zekaicheong/asclinic-system/ros2_ws/install/ai4r_interfaces/include/ai4r_interfaces/ai4r_interfaces/msg/detail/servo_pulse_width__functions.c
[2.104s] -- Installing: /home/zekaicheong/asclinic-system/ros2_ws/install/ai4r_interfaces/include/ai4r_interfaces/ai4r_interfaces/msg/detail/servo_pulse_width__functions.h
[2.104s] -- Installing: /home/zekaicheong/asclinic-system/ros2_ws/install/ai4r_interfaces/include/ai4r_interfaces/ai4r_interfaces/msg/detail/esc_and_steering__struct.h
[2.104s] -- Installing: /home/zekaicheong/asclinic-system/ros2_ws/install/ai4r_interfaces/include/ai4r_interfaces/ai4r_interfaces/msg/detail/esc_and_steering__functions.h
[2.104s] -- Installing: /home/zekaicheong/asclinic-system/ros2_ws/install/ai4r_interfaces/include/ai4r_interfaces/ai4r_interfaces/msg/esc_and_steering.h
[2.104s] -- Installing: /home/zekaicheong/asclinic-system/ros2_ws/install/ai4r_interfaces/include/ai4r_interfaces/ai4r_interfaces/msg/rosidl_generator_c__visibility_control.h
[2.104s] -- Installing: /home/zekaicheong/asclinic-system/ros2_ws/install/ai4r_interfaces/include/ai4r_interfaces/ai4r_interfaces/msg/servo_pulse_width.h
[2.104s] -- Installing: /home/zekaicheong/asclinic-system/ros2_ws/install/ai4r_interfaces/share/ai4r_interfaces/environment/library_path.sh
[2.104s] -- Installing: /home/zekaicheong/asclinic-system/ros2_ws/install/ai4r_interfaces/share/ai4r_interfaces/environment/library_path.dsv
[2.104s] -- Installing: /home/zekaicheong/asclinic-system/ros2_ws/install/ai4r_interfaces/lib/libai4r_interfaces__rosidl_generator_c.so
[2.104s] -- Set runtime path of "/home/zekaicheong/asclinic-system/ros2_ws/install/ai4r_interfaces/lib/libai4r_interfaces__rosidl_generator_c.so" to ""
[2.104s] -- Up-to-date: /home/zekaicheong/asclinic-system/ros2_ws/install/ai4r_interfaces/include/ai4r_interfaces/ai4r_interfaces
[2.104s] -- Up-to-date: /home/zekaicheong/asclinic-system/ros2_ws/install/ai4r_interfaces/include/ai4r_interfaces/ai4r_interfaces/msg
[2.105s] -- Up-to-date: /home/zekaicheong/asclinic-system/ros2_ws/install/ai4r_interfaces/include/ai4r_interfaces/ai4r_interfaces/msg/detail
[2.105s] -- Installing: /home/zekaicheong/asclinic-system/ros2_ws/install/ai4r_interfaces/include/ai4r_interfaces/ai4r_interfaces/msg/detail/servo_pulse_width__rosidl_typesupport_fastrtps_c.h
[2.105s] -- Installing: /home/zekaicheong/asclinic-system/ros2_ws/install/ai4r_interfaces/include/ai4r_interfaces/ai4r_interfaces/msg/detail/esc_and_steering__rosidl_typesupport_fastrtps_c.h
[2.105s] -- Installing: /home/zekaicheong/asclinic-system/ros2_ws/install/ai4r_interfaces/include/ai4r_interfaces/ai4r_interfaces/msg/rosidl_typesupport_fastrtps_c__visibility_control.h
[2.105s] -- Installing: /home/zekaicheong/asclinic-system/ros2_ws/install/ai4r_interfaces/lib/libai4r_interfaces__rosidl_typesupport_fastrtps_c.so
[2.105s] -- Set runtime path of "/home/zekaicheong/asclinic-system/ros2_ws/install/ai4r_interfaces/lib/libai4r_interfaces__rosidl_typesupport_fastrtps_c.so" to ""
[2.105s] -- Up-to-date: /home/zekaicheong/asclinic-system/ros2_ws/install/ai4r_interfaces/include/ai4r_interfaces/ai4r_interfaces
[2.105s] -- Up-to-date: /home/zekaicheong/asclinic-system/ros2_ws/install/ai4r_interfaces/include/ai4r_interfaces/ai4r_interfaces/msg
[2.105s] -- Up-to-date: /home/zekaicheong/asclinic-system/ros2_ws/install/ai4r_interfaces/include/ai4r_interfaces/ai4r_interfaces/msg/detail
[2.105s] -- Installing: /home/zekaicheong/asclinic-system/ros2_ws/install/ai4r_interfaces/include/ai4r_interfaces/ai4r_interfaces/msg/detail/esc_and_steering__type_support.c
[2.105s] -- Installing: /home/zekaicheong/asclinic-system/ros2_ws/install/ai4r_interfaces/include/ai4r_interfaces/ai4r_interfaces/msg/detail/esc_and_steering__rosidl_typesupport_introspection_c.h
[2.105s] -- Installing: /home/zekaicheong/asclinic-system/ros2_ws/install/ai4r_interfaces/include/ai4r_interfaces/ai4r_interfaces/msg/detail/servo_pulse_width__rosidl_typesupport_introspection_c.h
[2.105s] -- Installing: /home/zekaicheong/asclinic-system/ros2_ws/install/ai4r_interfaces/include/ai4r_interfaces/ai4r_interfaces/msg/detail/servo_pulse_width__type_support.c
[2.105s] -- Installing: /home/zekaicheong/asclinic-system/ros2_ws/install/ai4r_interfaces/include/ai4r_interfaces/ai4r_interfaces/msg/rosidl_typesupport_introspection_c__visibility_control.h
[2.105s] -- Installing: /home/zekaicheong/asclinic-system/ros2_ws/install/ai4r_interfaces/lib/libai4r_interfaces__rosidl_typesupport_introspection_c.so
[2.106s] -- Set runtime path of "/home/zekaicheong/asclinic-system/ros2_ws/install/ai4r_interfaces/lib/libai4r_interfaces__rosidl_typesupport_introspection_c.so" to ""
[2.106s] -- Installing: /home/zekaicheong/asclinic-system/ros2_ws/install/ai4r_interfaces/lib/libai4r_interfaces__rosidl_typesupport_c.so
[2.106s] -- Set runtime path of "/home/zekaicheong/asclinic-system/ros2_ws/install/ai4r_interfaces/lib/libai4r_interfaces__rosidl_typesupport_c.so" to ""
[2.106s] -- Up-to-date: /home/zekaicheong/asclinic-system/ros2_ws/install/ai4r_interfaces/include/ai4r_interfaces/ai4r_interfaces
[2.106s] -- Up-to-date: /home/zekaicheong/asclinic-system/ros2_ws/install/ai4r_interfaces/include/ai4r_interfaces/ai4r_interfaces/msg
[2.106s] -- Up-to-date: /home/zekaicheong/asclinic-system/ros2_ws/install/ai4r_interfaces/include/ai4r_interfaces/ai4r_interfaces/msg/detail
[2.106s] -- Installing: /home/zekaicheong/asclinic-system/ros2_ws/install/ai4r_interfaces/include/ai4r_interfaces/ai4r_interfaces/msg/detail/esc_and_steering__struct.hpp
[2.106s] -- Installing: /home/zekaicheong/asclinic-system/ros2_ws/install/ai4r_interfaces/include/ai4r_interfaces/ai4r_interfaces/msg/detail/servo_pulse_width__struct.hpp
[2.106s] -- Installing: /home/zekaicheong/asclinic-system/ros2_ws/install/ai4r_interfaces/include/ai4r_interfaces/ai4r_interfaces/msg/detail/servo_pulse_width__builder.hpp
[2.106s] -- Installing: /home/zekaicheong/asclinic-system/ros2_ws/install/ai4r_interfaces/include/ai4r_interfaces/ai4r_interfaces/msg/detail/servo_pulse_width__traits.hpp
[2.106s] -- Installing: /home/zekaicheong/asclinic-system/ros2_ws/install/ai4r_interfaces/include/ai4r_interfaces/ai4r_interfaces/msg/detail/esc_and_steering__builder.hpp
[2.106s] -- Installing: /home/zekaicheong/asclinic-system/ros2_ws/install/ai4r_interfaces/include/ai4r_interfaces/ai4r_interfaces/msg/detail/esc_and_steering__traits.hpp
[2.106s] -- Installing: /home/zekaicheong/asclinic-system/ros2_ws/install/ai4r_interfaces/include/ai4r_interfaces/ai4r_interfaces/msg/esc_and_steering.hpp
[2.106s] -- Installing: /home/zekaicheong/asclinic-system/ros2_ws/install/ai4r_interfaces/include/ai4r_interfaces/ai4r_interfaces/msg/servo_pulse_width.hpp
[2.106s] -- Up-to-date: /home/zekaicheong/asclinic-system/ros2_ws/install/ai4r_interfaces/include/ai4r_interfaces/ai4r_interfaces
[2.106s] -- Up-to-date: /home/zekaicheong/asclinic-system/ros2_ws/install/ai4r_interfaces/include/ai4r_interfaces/ai4r_interfaces/msg
[2.106s] -- Up-to-date: /home/zekaicheong/asclinic-system/ros2_ws/install/ai4r_interfaces/include/ai4r_interfaces/ai4r_interfaces/msg/detail
[2.106s] -- Installing: /home/zekaicheong/asclinic-system/ros2_ws/install/ai4r_interfaces/include/ai4r_interfaces/ai4r_interfaces/msg/detail/servo_pulse_width__rosidl_typesupport_fastrtps_cpp.hpp
[2.106s] -- Installing: /home/zekaicheong/asclinic-system/ros2_ws/install/ai4r_interfaces/include/ai4r_interfaces/ai4r_interfaces/msg/detail/dds_fastrtps
[2.106s] -- Installing: /home/zekaicheong/asclinic-system/ros2_ws/install/ai4r_interfaces/include/ai4r_interfaces/ai4r_interfaces/msg/detail/esc_and_steering__rosidl_typesupport_fastrtps_cpp.hpp
[2.106s] -- Installing: /home/zekaicheong/asclinic-system/ros2_ws/install/ai4r_interfaces/include/ai4r_interfaces/ai4r_interfaces/msg/rosidl_typesupport_fastrtps_cpp__visibility_control.h
[2.106s] -- Installing: /home/zekaicheong/asclinic-system/ros2_ws/install/ai4r_interfaces/lib/libai4r_interfaces__rosidl_typesupport_fastrtps_cpp.so
[2.106s] -- Set runtime path of "/home/zekaicheong/asclinic-system/ros2_ws/install/ai4r_interfaces/lib/libai4r_interfaces__rosidl_typesupport_fastrtps_cpp.so" to ""
[2.106s] -- Up-to-date: /home/zekaicheong/asclinic-system/ros2_ws/install/ai4r_interfaces/include/ai4r_interfaces/ai4r_interfaces
[2.107s] -- Up-to-date: /home/zekaicheong/asclinic-system/ros2_ws/install/ai4r_interfaces/include/ai4r_interfaces/ai4r_interfaces/msg
[2.107s] -- Up-to-date: /home/zekaicheong/asclinic-system/ros2_ws/install/ai4r_interfaces/include/ai4r_interfaces/ai4r_interfaces/msg/detail
[2.107s] -- Installing: /home/zekaicheong/asclinic-system/ros2_ws/install/ai4r_interfaces/include/ai4r_interfaces/ai4r_interfaces/msg/detail/esc_and_steering__type_support.cpp
[2.107s] -- Installing: /home/zekaicheong/asclinic-system/ros2_ws/install/ai4r_interfaces/include/ai4r_interfaces/ai4r_interfaces/msg/detail/servo_pulse_width__rosidl_typesupport_introspection_cpp.hpp
[2.107s] -- Installing: /home/zekaicheong/asclinic-system/ros2_ws/install/ai4r_interfaces/include/ai4r_interfaces/ai4r_interfaces/msg/detail/servo_pulse_width__type_support.cpp
[2.107s] -- Installing: /home/zekaicheong/asclinic-system/ros2_ws/install/ai4r_interfaces/include/ai4r_interfaces/ai4r_interfaces/msg/detail/esc_and_steering__rosidl_typesupport_introspection_cpp.hpp
[2.107s] -- Installing: /home/zekaicheong/asclinic-system/ros2_ws/install/ai4r_interfaces/lib/libai4r_interfaces__rosidl_typesupport_introspection_cpp.so
[2.107s] -- Set runtime path of "/home/zekaicheong/asclinic-system/ros2_ws/install/ai4r_interfaces/lib/libai4r_interfaces__rosidl_typesupport_introspection_cpp.so" to ""
[2.107s] -- Installing: /home/zekaicheong/asclinic-system/ros2_ws/install/ai4r_interfaces/lib/libai4r_interfaces__rosidl_typesupport_cpp.so
[2.107s] -- Set runtime path of "/home/zekaicheong/asclinic-system/ros2_ws/install/ai4r_interfaces/lib/libai4r_interfaces__rosidl_typesupport_cpp.so" to ""
[2.107s] -- Installing: /home/zekaicheong/asclinic-system/ros2_ws/install/ai4r_interfaces/share/ai4r_interfaces/environment/pythonpath.sh
[2.107s] -- Installing: /home/zekaicheong/asclinic-system/ros2_ws/install/ai4r_interfaces/share/ai4r_interfaces/environment/pythonpath.dsv
[2.107s] -- Installing: /home/zekaicheong/asclinic-system/ros2_ws/install/ai4r_interfaces/local/lib/python3.10/dist-packages/ai4r_interfaces-0.0.0-py3.10.egg-info
[2.107s] -- Installing: /home/zekaicheong/asclinic-system/ros2_ws/install/ai4r_interfaces/local/lib/python3.10/dist-packages/ai4r_interfaces-0.0.0-py3.10.egg-info/top_level.txt
[2.107s] -- Installing: /home/zekaicheong/asclinic-system/ros2_ws/install/ai4r_interfaces/local/lib/python3.10/dist-packages/ai4r_interfaces-0.0.0-py3.10.egg-info/PKG-INFO
[2.107s] -- Installing: /home/zekaicheong/asclinic-system/ros2_ws/install/ai4r_interfaces/local/lib/python3.10/dist-packages/ai4r_interfaces-0.0.0-py3.10.egg-info/dependency_links.txt
[2.107s] -- Installing: /home/zekaicheong/asclinic-system/ros2_ws/install/ai4r_interfaces/local/lib/python3.10/dist-packages/ai4r_interfaces-0.0.0-py3.10.egg-info/SOURCES.txt
[2.107s] -- Installing: /home/zekaicheong/asclinic-system/ros2_ws/install/ai4r_interfaces/local/lib/python3.10/dist-packages/ai4r_interfaces
[2.107s] -- Installing: /home/zekaicheong/asclinic-system/ros2_ws/install/ai4r_interfaces/local/lib/python3.10/dist-packages/ai4r_interfaces/_ai4r_interfaces_s.ep.rosidl_typesupport_fastrtps_c.c
[2.107s] -- Installing: /home/zekaicheong/asclinic-system/ros2_ws/install/ai4r_interfaces/local/lib/python3.10/dist-packages/ai4r_interfaces/ai4r_interfaces_s__rosidl_typesupport_fastrtps_c.cpython-310-x86_64-linux-gnu.so
[2.107s] -- Installing: /home/zekaicheong/asclinic-system/ros2_ws/install/ai4r_interfaces/local/lib/python3.10/dist-packages/ai4r_interfaces/ai4r_interfaces_s__rosidl_typesupport_introspection_c.cpython-310-x86_64-linux-gnu.so
[2.107s] -- Installing: /home/zekaicheong/asclinic-system/ros2_ws/install/ai4r_interfaces/local/lib/python3.10/dist-packages/ai4r_interfaces/__init__.py
[2.107s] -- Installing: /home/zekaicheong/asclinic-system/ros2_ws/install/ai4r_interfaces/local/lib/python3.10/dist-packages/ai4r_interfaces/_ai4r_interfaces_s.ep.rosidl_typesupport_introspection_c.c
[2.107s] -- Installing: /home/zekaicheong/asclinic-system/ros2_ws/install/ai4r_interfaces/local/lib/python3.10/dist-packages/ai4r_interfaces/_ai4r_interfaces_s.ep.rosidl_typesupport_c.c
[2.107s] -- Installing: /home/zekaicheong/asclinic-system/ros2_ws/install/ai4r_interfaces/local/lib/python3.10/dist-packages/ai4r_interfaces/msg
[2.107s] -- Installing: /home/zekaicheong/asclinic-system/ros2_ws/install/ai4r_interfaces/local/lib/python3.10/dist-packages/ai4r_interfaces/msg/_esc_and_steering_s.c
[2.107s] -- Installing: /home/zekaicheong/asclinic-system/ros2_ws/install/ai4r_interfaces/local/lib/python3.10/dist-packages/ai4r_interfaces/msg/__init__.py
[2.107s] -- Installing: /home/zekaicheong/asclinic-system/ros2_ws/install/ai4r_interfaces/local/lib/python3.10/dist-packages/ai4r_interfaces/msg/_servo_pulse_width.py
[2.107s] -- Installing: /home/zekaicheong/asclinic-system/ros2_ws/install/ai4r_interfaces/local/lib/python3.10/dist-packages/ai4r_interfaces/msg/_servo_pulse_width_s.c
[2.107s] -- Installing: /home/zekaicheong/asclinic-system/ros2_ws/install/ai4r_interfaces/local/lib/python3.10/dist-packages/ai4r_interfaces/msg/_esc_and_steering.py
[2.107s] -- Installing: /home/zekaicheong/asclinic-system/ros2_ws/install/ai4r_interfaces/local/lib/python3.10/dist-packages/ai4r_interfaces/libai4r_interfaces__rosidl_generator_py.so
[2.107s] -- Installing: /home/zekaicheong/asclinic-system/ros2_ws/install/ai4r_interfaces/local/lib/python3.10/dist-packages/ai4r_interfaces/ai4r_interfaces_s__rosidl_typesupport_c.cpython-310-x86_64-linux-gnu.so
[2.127s] Listing '/home/zekaicheong/asclinic-system/ros2_ws/install/ai4r_interfaces/local/lib/python3.10/dist-packages/ai4r_interfaces'...
[2.127s] Compiling '/home/zekaicheong/asclinic-system/ros2_ws/install/ai4r_interfaces/local/lib/python3.10/dist-packages/ai4r_interfaces/__init__.py'...
[2.127s] Listing '/home/zekaicheong/asclinic-system/ros2_ws/install/ai4r_interfaces/local/lib/python3.10/dist-packages/ai4r_interfaces/msg'...
[2.127s] Compiling '/home/zekaicheong/asclinic-system/ros2_ws/install/ai4r_interfaces/local/lib/python3.10/dist-packages/ai4r_interfaces/msg/__init__.py'...
[2.127s] Compiling '/home/zekaicheong/asclinic-system/ros2_ws/install/ai4r_interfaces/local/lib/python3.10/dist-packages/ai4r_interfaces/msg/_esc_and_steering.py'...
[2.127s] Compiling '/home/zekaicheong/asclinic-system/ros2_ws/install/ai4r_interfaces/local/lib/python3.10/dist-packages/ai4r_interfaces/msg/_servo_pulse_width.py'...
[2.129s] -- Installing: /home/zekaicheong/asclinic-system/ros2_ws/install/ai4r_interfaces/local/lib/python3.10/dist-packages/ai4r_interfaces/ai4r_interfaces_s__rosidl_typesupport_fastrtps_c.cpython-310-x86_64-linux-gnu.so
[2.129s] -- Set runtime path of "/home/zekaicheong/asclinic-system/ros2_ws/install/ai4r_interfaces/local/lib/python3.10/dist-packages/ai4r_interfaces/ai4r_interfaces_s__rosidl_typesupport_fastrtps_c.cpython-310-x86_64-linux-gnu.so" to ""
[2.130s] -- Installing: /home/zekaicheong/asclinic-system/ros2_ws/install/ai4r_interfaces/local/lib/python3.10/dist-packages/ai4r_interfaces/ai4r_interfaces_s__rosidl_typesupport_introspection_c.cpython-310-x86_64-linux-gnu.so
[2.130s] -- Set runtime path of "/home/zekaicheong/asclinic-system/ros2_ws/install/ai4r_interfaces/local/lib/python3.10/dist-packages/ai4r_interfaces/ai4r_interfaces_s__rosidl_typesupport_introspection_c.cpython-310-x86_64-linux-gnu.so" to ""
[2.130s] -- Installing: /home/zekaicheong/asclinic-system/ros2_ws/install/ai4r_interfaces/local/lib/python3.10/dist-packages/ai4r_interfaces/ai4r_interfaces_s__rosidl_typesupport_c.cpython-310-x86_64-linux-gnu.so
[2.130s] -- Set runtime path of "/home/zekaicheong/asclinic-system/ros2_ws/install/ai4r_interfaces/local/lib/python3.10/dist-packages/ai4r_interfaces/ai4r_interfaces_s__rosidl_typesupport_c.cpython-310-x86_64-linux-gnu.so" to ""
[2.130s] -- Installing: /home/zekaicheong/asclinic-system/ros2_ws/install/ai4r_interfaces/lib/libai4r_interfaces__rosidl_generator_py.so
[2.130s] -- Set runtime path of "/home/zekaicheong/asclinic-system/ros2_ws/install/ai4r_interfaces/lib/libai4r_interfaces__rosidl_generator_py.so" to ""
[2.130s] -- Installing: /home/zekaicheong/asclinic-system/ros2_ws/install/ai4r_interfaces/share/ai4r_interfaces/msg/ServoPulseWidth.idl
[2.130s] -- Installing: /home/zekaicheong/asclinic-system/ros2_ws/install/ai4r_interfaces/share/ai4r_interfaces/msg/EscAndSteering.idl
[2.130s] -- Installing: /home/zekaicheong/asclinic-system/ros2_ws/install/ai4r_interfaces/share/ai4r_interfaces/msg/ServoPulseWidth.msg
[2.130s] -- Installing: /home/zekaicheong/asclinic-system/ros2_ws/install/ai4r_interfaces/share/ai4r_interfaces/msg/EscAndSteering.msg
[2.130s] -- Installing: /home/zekaicheong/asclinic-system/ros2_ws/install/ai4r_interfaces/share/ament_index/resource_index/package_run_dependencies/ai4r_interfaces
[2.130s] -- Installing: /home/zekaicheong/asclinic-system/ros2_ws/install/ai4r_interfaces/share/ament_index/resource_index/parent_prefix_path/ai4r_interfaces
[2.130s] -- Installing: /home/zekaicheong/asclinic-system/ros2_ws/install/ai4r_interfaces/share/ai4r_interfaces/environment/ament_prefix_path.sh
[2.130s] -- Installing: /home/zekaicheong/asclinic-system/ros2_ws/install/ai4r_interfaces/share/ai4r_interfaces/environment/ament_prefix_path.dsv
[2.130s] -- Installing: /home/zekaicheong/asclinic-system/ros2_ws/install/ai4r_interfaces/share/ai4r_interfaces/environment/path.sh
[2.130s] -- Installing: /home/zekaicheong/asclinic-system/ros2_ws/install/ai4r_interfaces/share/ai4r_interfaces/environment/path.dsv
[2.130s] -- Installing: /home/zekaicheong/asclinic-system/ros2_ws/install/ai4r_interfaces/share/ai4r_interfaces/local_setup.bash
[2.130s] -- Installing: /home/zekaicheong/asclinic-system/ros2_ws/install/ai4r_interfaces/share/ai4r_interfaces/local_setup.sh
[2.131s] -- Installing: /home/zekaicheong/asclinic-system/ros2_ws/install/ai4r_interfaces/share/ai4r_interfaces/local_setup.zsh
[2.131s] -- Installing: /home/zekaicheong/asclinic-system/ros2_ws/install/ai4r_interfaces/share/ai4r_interfaces/local_setup.dsv
[2.131s] -- Installing: /home/zekaicheong/asclinic-system/ros2_ws/install/ai4r_interfaces/share/ai4r_interfaces/package.dsv
[2.131s] -- Installing: /home/zekaicheong/asclinic-system/ros2_ws/install/ai4r_interfaces/share/ament_index/resource_index/packages/ai4r_interfaces
[2.131s] -- Installing: /home/zekaicheong/asclinic-system/ros2_ws/install/ai4r_interfaces/share/ai4r_interfaces/cmake/export_ai4r_interfaces__rosidl_generator_cExport.cmake
[2.131s] -- Installing: /home/zekaicheong/asclinic-system/ros2_ws/install/ai4r_interfaces/share/ai4r_interfaces/cmake/export_ai4r_interfaces__rosidl_generator_cExport-noconfig.cmake
[2.131s] -- Installing: /home/zekaicheong/asclinic-system/ros2_ws/install/ai4r_interfaces/share/ai4r_interfaces/cmake/export_ai4r_interfaces__rosidl_typesupport_fastrtps_cExport.cmake
[2.131s] -- Installing: /home/zekaicheong/asclinic-system/ros2_ws/install/ai4r_interfaces/share/ai4r_interfaces/cmake/export_ai4r_interfaces__rosidl_typesupport_fastrtps_cExport-noconfig.cmake
[2.131s] -- Installing: /home/zekaicheong/asclinic-system/ros2_ws/install/ai4r_interfaces/share/ai4r_interfaces/cmake/ai4r_interfaces__rosidl_typesupport_introspection_cExport.cmake
[2.131s] -- Installing: /home/zekaicheong/asclinic-system/ros2_ws/install/ai4r_interfaces/share/ai4r_interfaces/cmake/ai4r_interfaces__rosidl_typesupport_introspection_cExport-noconfig.cmake
[2.131s] -- Installing: /home/zekaicheong/asclinic-system/ros2_ws/install/ai4r_interfaces/share/ai4r_interfaces/cmake/ai4r_interfaces__rosidl_typesupport_cExport.cmake
[2.131s] -- Installing: /home/zekaicheong/asclinic-system/ros2_ws/install/ai4r_interfaces/share/ai4r_interfaces/cmake/ai4r_interfaces__rosidl_typesupport_cExport-noconfig.cmake
[2.131s] -- Installing: /home/zekaicheong/asclinic-system/ros2_ws/install/ai4r_interfaces/share/ai4r_interfaces/cmake/export_ai4r_interfaces__rosidl_generator_cppExport.cmake
[2.131s] -- Installing: /home/zekaicheong/asclinic-system/ros2_ws/install/ai4r_interfaces/share/ai4r_interfaces/cmake/export_ai4r_interfaces__rosidl_typesupport_fastrtps_cppExport.cmake
[2.131s] -- Installing: /home/zekaicheong/asclinic-system/ros2_ws/install/ai4r_interfaces/share/ai4r_interfaces/cmake/export_ai4r_interfaces__rosidl_typesupport_fastrtps_cppExport-noconfig.cmake
[2.131s] -- Installing: /home/zekaicheong/asclinic-system/ros2_ws/install/ai4r_interfaces/share/ai4r_interfaces/cmake/ai4r_interfaces__rosidl_typesupport_introspection_cppExport.cmake
[2.131s] -- Installing: /home/zekaicheong/asclinic-system/ros2_ws/install/ai4r_interfaces/share/ai4r_interfaces/cmake/ai4r_interfaces__rosidl_typesupport_introspection_cppExport-noconfig.cmake
[2.131s] -- Installing: /home/zekaicheong/asclinic-system/ros2_ws/install/ai4r_interfaces/share/ai4r_interfaces/cmake/ai4r_interfaces__rosidl_typesupport_cppExport.cmake
[2.131s] -- Installing: /home/zekaicheong/asclinic-system/ros2_ws/install/ai4r_interfaces/share/ai4r_interfaces/cmake/ai4r_interfaces__rosidl_typesupport_cppExport-noconfig.cmake
[2.132s] -- Installing: /home/zekaicheong/asclinic-system/ros2_ws/install/ai4r_interfaces/share/ai4r_interfaces/cmake/export_ai4r_interfaces__rosidl_generator_pyExport.cmake
[2.132s] -- Installing: /home/zekaicheong/asclinic-system/ros2_ws/install/ai4r_interfaces/share/ai4r_interfaces/cmake/export_ai4r_interfaces__rosidl_generator_pyExport-noconfig.cmake
[2.132s] -- Installing: /home/zekaicheong/asclinic-system/ros2_ws/install/ai4r_interfaces/share/ai4r_interfaces/cmake/rosidl_cmake-extras.cmake
[2.132s] -- Installing: /home/zekaicheong/asclinic-system/ros2_ws/install/ai4r_interfaces/share/ai4r_interfaces/cmake/ament_cmake_export_include_directories-extras.cmake
[2.132s] -- Installing: /home/zekaicheong/asclinic-system/ros2_ws/install/ai4r_interfaces/share/ai4r_interfaces/cmake/ament_cmake_export_libraries-extras.cmake
[2.132s] -- Installing: /home/zekaicheong/asclinic-system/ros2_ws/install/ai4r_interfaces/share/ai4r_interfaces/cmake/ament_cmake_export_targets-extras.cmake
[2.132s] -- Installing: /home/zekaicheong/asclinic-system/ros2_ws/install/ai4r_interfaces/share/ai4r_interfaces/cmake/rosidl_cmake_export_typesupport_targets-extras.cmake
[2.132s] -- Installing: /home/zekaicheong/asclinic-system/ros2_ws/install/ai4r_interfaces/share/ai4r_interfaces/cmake/ament_cmake_export_dependencies-extras.cmake
[2.132s] -- Installing: /home/zekaicheong/asclinic-system/ros2_ws/install/ai4r_interfaces/share/ai4r_interfaces/cmake/rosidl_cmake_export_typesupport_libraries-extras.cmake
[2.132s] -- Installing: /home/zekaicheong/asclinic-system/ros2_ws/install/ai4r_interfaces/share/ai4r_interfaces/cmake/ai4r_interfacesConfig.cmake
[2.132s] -- Installing: /home/zekaicheong/asclinic-system/ros2_ws/install/ai4r_interfaces/share/ai4r_interfaces/cmake/ai4r_interfacesConfig-version.cmake
[2.132s] -- Installing: /home/zekaicheong/asclinic-system/ros2_ws/install/ai4r_interfaces/share/ai4r_interfaces/package.xml
[2.134s] Invoked command in '/home/zekaicheong/asclinic-system/ros2_ws/build/ai4r_interfaces' returned '0': CMAKE_PREFIX_PATH=/opt/ros/humble /usr/bin/cmake --install /home/zekaicheong/asclinic-system/ros2_ws/build/ai4r_interfaces
