[0.011s] Invoking command in '/home/zekaicheong/asclinic-system/ros2_ws/build/ai4r_pkg': CMAKE_PREFIX_PATH=/home/zekaicheong/asclinic-system/ros2_ws/install/ai4r_interfaces:/home/zekaicheong/asclinic-system/ros2_ws/install/ai4r_pkg:/opt/ros/humble CONDA_PROMPT_MODIFIER=(base) /usr/bin/cmake --build /home/zekaicheong/asclinic-system/ros2_ws/build/ai4r_pkg -- -j16 -l16
[0.038s] [35m[1mConsolidate compiler generated dependencies of target looping[0m
[0.045s] [ 28%] Built target listener
[0.045s] [ 28%] Built target minimal_cpp_executable
[0.046s] [ 57%] Built target oop_cpp_executable
[0.046s] [ 57%] Built target talker
[0.048s] [ 71%] Built target servo_pulse_width_sub
[0.050s] [ 85%] Built target multiple_pub_sub
[0.050s] [ 92%] [32mBuilding CXX object CMakeFiles/looping.dir/src/looping_cpp_node.cpp.o[0m
[0.050s] [ 92%] Built target ament_cmake_python_copy_ai4r_pkg
[0.183s] running egg_info
[0.183s] writing ai4r_pkg.egg-info/PKG-INFO
[0.184s] writing dependency_links to ai4r_pkg.egg-info/dependency_links.txt
[0.184s] writing top-level names to ai4r_pkg.egg-info/top_level.txt
[0.185s] reading manifest file 'ai4r_pkg.egg-info/SOURCES.txt'
[0.185s] writing manifest file 'ai4r_pkg.egg-info/SOURCES.txt'
[0.201s] [ 92%] Built target ament_cmake_python_build_ai4r_pkg_egg
[1.276s] [01m[K/home/zekaicheong/asclinic-system/ros2_ws/src/ai4r_pkg/src/looping_cpp_node.cpp:[m[K In member function ‘[01m[Kvoid Ros2PublisherNode::run()[m[K’:
[1.276s] [01m[K/home/zekaicheong/asclinic-system/ros2_ws/src/ai4r_pkg/src/looping_cpp_node.cpp:20:30:[m[K [01;31m[Kerror: [m[Kno matching function for call to ‘[01m[Kspin_some(Ros2PublisherNode*)[m[K’
[1.276s]    20 |             [01;31m[Krclcpp::spin_some(this)[m[K;
[1.276s]       |             [01;31m[K~~~~~~~~~~~~~~~~~^~~~~~[m[K
[1.276s] In file included from [01m[K/opt/ros/humble/include/rclcpp/rclcpp/rclcpp.hpp:155[m[K,
[1.276s]                  from [01m[K/home/zekaicheong/asclinic-system/ros2_ws/src/ai4r_pkg/src/looping_cpp_node.cpp:4[m[K:
[1.276s] [01m[K/opt/ros/humble/include/rclcpp/rclcpp/executors.hpp:35:1:[m[K [01;36m[Knote: [m[Kcandidate: ‘[01m[Kvoid rclcpp::spin_some(rclcpp::node_interfaces::NodeBaseInterface::SharedPtr)[m[K’
[1.276s]    35 | [01;36m[Kspin_some[m[K(rclcpp::node_interfaces::NodeBaseInterface::SharedPtr node_ptr);
[1.276s]       | [01;36m[K^~~~~~~~~[m[K
[1.276s] [01m[K/opt/ros/humble/include/rclcpp/rclcpp/executors.hpp:35:65:[m[K [01;36m[Knote: [m[K  no known conversion for argument 1 from ‘[01m[KRos2PublisherNode*[m[K’ to ‘[01m[Krclcpp::node_interfaces::NodeBaseInterface::SharedPtr[m[K’ {aka ‘[01m[Kstd::shared_ptr<rclcpp::node_interfaces::NodeBaseInterface>[m[K’}
[1.276s]    35 | spin_some([01;36m[Krclcpp::node_interfaces::NodeBaseInterface::SharedPtr node_ptr[m[K);
[1.276s]       |           [01;36m[K~~~~~~~~~~~~~~~~~~~~~~~~~~~~~~~~~~~~~~~~~~~~~~~~~~~~~~^~~~~~~~[m[K
[1.276s] [01m[K/opt/ros/humble/include/rclcpp/rclcpp/executors.hpp:39:1:[m[K [01;36m[Knote: [m[Kcandidate: ‘[01m[Kvoid rclcpp::spin_some(rclcpp::Node::SharedPtr)[m[K’
[1.276s]    39 | [01;36m[Kspin_some[m[K(rclcpp::Node::SharedPtr node_ptr);
[1.276s]       | [01;36m[K^~~~~~~~~[m[K
[1.276s] [01m[K/opt/ros/humble/include/rclcpp/rclcpp/executors.hpp:39:35:[m[K [01;36m[Knote: [m[K  no known conversion for argument 1 from ‘[01m[KRos2PublisherNode*[m[K’ to ‘[01m[Krclcpp::Node::SharedPtr[m[K’ {aka ‘[01m[Kstd::shared_ptr<rclcpp::Node>[m[K’}
[1.276s]    39 | spin_some([01;36m[Krclcpp::Node::SharedPtr node_ptr[m[K);
[1.276s]       |           [01;36m[K~~~~~~~~~~~~~~~~~~~~~~~~^~~~~~~~[m[K
[1.710s] gmake[2]: *** [CMakeFiles/looping.dir/build.make:76: CMakeFiles/looping.dir/src/looping_cpp_node.cpp.o] Error 1
[1.710s] gmake[1]: *** [CMakeFiles/Makefile2:308: CMakeFiles/looping.dir/all] Error 2
[1.710s] gmake: *** [Makefile:146: all] Error 2
[1.713s] Invoked command in '/home/zekaicheong/asclinic-system/ros2_ws/build/ai4r_pkg' returned '2': CMAKE_PREFIX_PATH=/home/zekaicheong/asclinic-system/ros2_ws/install/ai4r_interfaces:/home/zekaicheong/asclinic-system/ros2_ws/install/ai4r_pkg:/opt/ros/humble CONDA_PROMPT_MODIFIER=(base) /usr/bin/cmake --build /home/zekaicheong/asclinic-system/ros2_ws/build/ai4r_pkg -- -j16 -l16
