[35m[1mConsolidate compiler generated dependencies of target ai4r_interfaces__rosidl_generator_c[0m
[  1%] Built target ai4r_interfaces__cpp
[ 12%] Built target ai4r_interfaces__rosidl_generator_c
[ 12%] Built target ament_cmake_python_copy_ai4r_interfaces
[35m[1mConsolidate compiler generated dependencies of target ai4r_interfaces__rosidl_typesupport_introspection_cpp[0m
[35m[1mConsolidate compiler generated dependencies of target ai4r_interfaces__rosidl_typesupport_cpp[0m
[35m[1mConsolidate compiler generated dependencies of target ai4r_interfaces__rosidl_typesupport_fastrtps_cpp[0m
[35m[1mConsolidate compiler generated dependencies of target ai4r_interfaces__rosidl_typesupport_fastrtps_c[0m
[35m[1mConsolidate compiler generated dependencies of target ai4r_interfaces__rosidl_typesupport_c[0m
[35m[1mConsolidate compiler generated dependencies of target ai4r_interfaces__rosidl_typesupport_introspection_c[0m
[ 23%] Built target ai4r_interfaces__rosidl_typesupport_introspection_cpp
[ 34%] Built target ai4r_interfaces__rosidl_typesupport_fastrtps_c
[ 47%] Built target ai4r_interfaces__rosidl_typesupport_cpp
[ 56%] Built target ai4r_interfaces__rosidl_typesupport_c
[ 67%] Built target ai4r_interfaces__rosidl_typesupport_introspection_c
[ 78%] Built target ai4r_interfaces__rosidl_typesupport_fastrtps_cpp
[ 78%] Built target ai4r_interfaces
[ 80%] Built target ai4r_interfaces__py
[35m[1mConsolidate compiler generated dependencies of target ai4r_interfaces__rosidl_generator_py[0m
[ 89%] Built target ai4r_interfaces__rosidl_generator_py
[35m[1mConsolidate compiler generated dependencies of target ai4r_interfaces__rosidl_typesupport_fastrtps_c__pyext[0m
[35m[1mConsolidate compiler generated dependencies of target ai4r_interfaces__rosidl_typesupport_c__pyext[0m
[35m[1mConsolidate compiler generated dependencies of target ai4r_interfaces__rosidl_typesupport_introspection_c__pyext[0m
[ 92%] Built target ai4r_interfaces__rosidl_typesupport_fastrtps_c__pyext
[100%] Built target ai4r_interfaces__rosidl_typesupport_c__pyext
[100%] Built target ai4r_interfaces__rosidl_typesupport_introspection_c__pyext
running egg_info
writing ai4r_interfaces.egg-info/PKG-INFO
writing dependency_links to ai4r_interfaces.egg-info/dependency_links.txt
writing top-level names to ai4r_interfaces.egg-info/top_level.txt
reading manifest file 'ai4r_interfaces.egg-info/SOURCES.txt'
writing manifest file 'ai4r_interfaces.egg-info/SOURCES.txt'
[100%] Built target ament_cmake_python_build_ai4r_interfaces_egg
-- Install configuration: ""
-- Up-to-date: /home/zekaicheong/asclinic-system/ros2_ws/install/ai4r_interfaces/share/ament_index/resource_index/rosidl_interfaces/ai4r_interfaces
-- Up-to-date: /home/zekaicheong/asclinic-system/ros2_ws/install/ai4r_interfaces/include/ai4r_interfaces/ai4r_interfaces
-- Up-to-date: /home/zekaicheong/asclinic-system/ros2_ws/install/ai4r_interfaces/include/ai4r_interfaces/ai4r_interfaces/msg
-- Up-to-date: /home/zekaicheong/asclinic-system/ros2_ws/install/ai4r_interfaces/include/ai4r_interfaces/ai4r_interfaces/msg/detail
-- Up-to-date: /home/zekaicheong/asclinic-system/ros2_ws/install/ai4r_interfaces/include/ai4r_interfaces/ai4r_interfaces/msg/detail/template_message__functions.c
-- Up-to-date: /home/zekaicheong/asclinic-system/ros2_ws/install/ai4r_interfaces/include/ai4r_interfaces/ai4r_interfaces/msg/detail/left_right_int32__struct.h
-- Up-to-date: /home/zekaicheong/asclinic-system/ros2_ws/install/ai4r_interfaces/include/ai4r_interfaces/ai4r_interfaces/msg/detail/servo_pulse_width__struct.h
-- Up-to-date: /home/zekaicheong/asclinic-system/ros2_ws/install/ai4r_interfaces/include/ai4r_interfaces/ai4r_interfaces/msg/detail/left_right_int32__type_support.h
-- Up-to-date: /home/zekaicheong/asclinic-system/ros2_ws/install/ai4r_interfaces/include/ai4r_interfaces/ai4r_interfaces/msg/detail/left_right_float32__functions.h
-- Up-to-date: /home/zekaicheong/asclinic-system/ros2_ws/install/ai4r_interfaces/include/ai4r_interfaces/ai4r_interfaces/msg/detail/template_message__functions.h
-- Up-to-date: /home/zekaicheong/asclinic-system/ros2_ws/install/ai4r_interfaces/include/ai4r_interfaces/ai4r_interfaces/msg/detail/left_right_float32__functions.c
-- Up-to-date: /home/zekaicheong/asclinic-system/ros2_ws/install/ai4r_interfaces/include/ai4r_interfaces/ai4r_interfaces/msg/detail/servo_pulse_width__type_support.h
-- Up-to-date: /home/zekaicheong/asclinic-system/ros2_ws/install/ai4r_interfaces/include/ai4r_interfaces/ai4r_interfaces/msg/detail/template_message__type_support.h
-- Up-to-date: /home/zekaicheong/asclinic-system/ros2_ws/install/ai4r_interfaces/include/ai4r_interfaces/ai4r_interfaces/msg/detail/left_right_float32__struct.h
-- Up-to-date: /home/zekaicheong/asclinic-system/ros2_ws/install/ai4r_interfaces/include/ai4r_interfaces/ai4r_interfaces/msg/detail/template_message__struct.h
-- Up-to-date: /home/zekaicheong/asclinic-system/ros2_ws/install/ai4r_interfaces/include/ai4r_interfaces/ai4r_interfaces/msg/detail/left_right_int32__functions.h
-- Up-to-date: /home/zekaicheong/asclinic-system/ros2_ws/install/ai4r_interfaces/include/ai4r_interfaces/ai4r_interfaces/msg/detail/servo_pulse_width__functions.c
-- Up-to-date: /home/zekaicheong/asclinic-system/ros2_ws/install/ai4r_interfaces/include/ai4r_interfaces/ai4r_interfaces/msg/detail/servo_pulse_width__functions.h
-- Up-to-date: /home/zekaicheong/asclinic-system/ros2_ws/install/ai4r_interfaces/include/ai4r_interfaces/ai4r_interfaces/msg/detail/left_right_float32__type_support.h
-- Up-to-date: /home/zekaicheong/asclinic-system/ros2_ws/install/ai4r_interfaces/include/ai4r_interfaces/ai4r_interfaces/msg/detail/left_right_int32__functions.c
-- Up-to-date: /home/zekaicheong/asclinic-system/ros2_ws/install/ai4r_interfaces/include/ai4r_interfaces/ai4r_interfaces/msg/rosidl_generator_c__visibility_control.h
-- Up-to-date: /home/zekaicheong/asclinic-system/ros2_ws/install/ai4r_interfaces/include/ai4r_interfaces/ai4r_interfaces/msg/left_right_float32.h
-- Up-to-date: /home/zekaicheong/asclinic-system/ros2_ws/install/ai4r_interfaces/include/ai4r_interfaces/ai4r_interfaces/msg/template_message.h
-- Up-to-date: /home/zekaicheong/asclinic-system/ros2_ws/install/ai4r_interfaces/include/ai4r_interfaces/ai4r_interfaces/msg/servo_pulse_width.h
-- Up-to-date: /home/zekaicheong/asclinic-system/ros2_ws/install/ai4r_interfaces/include/ai4r_interfaces/ai4r_interfaces/msg/left_right_int32.h
-- Up-to-date: /home/zekaicheong/asclinic-system/ros2_ws/install/ai4r_interfaces/share/ai4r_interfaces/environment/library_path.sh
-- Up-to-date: /home/zekaicheong/asclinic-system/ros2_ws/install/ai4r_interfaces/share/ai4r_interfaces/environment/library_path.dsv
-- Up-to-date: /home/zekaicheong/asclinic-system/ros2_ws/install/ai4r_interfaces/lib/libai4r_interfaces__rosidl_generator_c.so
-- Up-to-date: /home/zekaicheong/asclinic-system/ros2_ws/install/ai4r_interfaces/include/ai4r_interfaces/ai4r_interfaces
-- Up-to-date: /home/zekaicheong/asclinic-system/ros2_ws/install/ai4r_interfaces/include/ai4r_interfaces/ai4r_interfaces/msg
-- Up-to-date: /home/zekaicheong/asclinic-system/ros2_ws/install/ai4r_interfaces/include/ai4r_interfaces/ai4r_interfaces/msg/detail
-- Up-to-date: /home/zekaicheong/asclinic-system/ros2_ws/install/ai4r_interfaces/include/ai4r_interfaces/ai4r_interfaces/msg/detail/template_message__rosidl_typesupport_fastrtps_c.h
-- Up-to-date: /home/zekaicheong/asclinic-system/ros2_ws/install/ai4r_interfaces/include/ai4r_interfaces/ai4r_interfaces/msg/detail/left_right_float32__rosidl_typesupport_fastrtps_c.h
-- Up-to-date: /home/zekaicheong/asclinic-system/ros2_ws/install/ai4r_interfaces/include/ai4r_interfaces/ai4r_interfaces/msg/detail/servo_pulse_width__rosidl_typesupport_fastrtps_c.h
-- Up-to-date: /home/zekaicheong/asclinic-system/ros2_ws/install/ai4r_interfaces/include/ai4r_interfaces/ai4r_interfaces/msg/detail/left_right_int32__rosidl_typesupport_fastrtps_c.h
-- Up-to-date: /home/zekaicheong/asclinic-system/ros2_ws/install/ai4r_interfaces/include/ai4r_interfaces/ai4r_interfaces/msg/rosidl_typesupport_fastrtps_c__visibility_control.h
-- Up-to-date: /home/zekaicheong/asclinic-system/ros2_ws/install/ai4r_interfaces/lib/libai4r_interfaces__rosidl_typesupport_fastrtps_c.so
-- Up-to-date: /home/zekaicheong/asclinic-system/ros2_ws/install/ai4r_interfaces/include/ai4r_interfaces/ai4r_interfaces
-- Up-to-date: /home/zekaicheong/asclinic-system/ros2_ws/install/ai4r_interfaces/include/ai4r_interfaces/ai4r_interfaces/msg
-- Up-to-date: /home/zekaicheong/asclinic-system/ros2_ws/install/ai4r_interfaces/include/ai4r_interfaces/ai4r_interfaces/msg/detail
-- Up-to-date: /home/zekaicheong/asclinic-system/ros2_ws/install/ai4r_interfaces/include/ai4r_interfaces/ai4r_interfaces/msg/detail/left_right_int32__rosidl_typesupport_introspection_c.h
-- Up-to-date: /home/zekaicheong/asclinic-system/ros2_ws/install/ai4r_interfaces/include/ai4r_interfaces/ai4r_interfaces/msg/detail/template_message__type_support.c
-- Up-to-date: /home/zekaicheong/asclinic-system/ros2_ws/install/ai4r_interfaces/include/ai4r_interfaces/ai4r_interfaces/msg/detail/left_right_float32__type_support.c
-- Up-to-date: /home/zekaicheong/asclinic-system/ros2_ws/install/ai4r_interfaces/include/ai4r_interfaces/ai4r_interfaces/msg/detail/template_message__rosidl_typesupport_introspection_c.h
-- Up-to-date: /home/zekaicheong/asclinic-system/ros2_ws/install/ai4r_interfaces/include/ai4r_interfaces/ai4r_interfaces/msg/detail/left_right_float32__rosidl_typesupport_introspection_c.h
-- Up-to-date: /home/zekaicheong/asclinic-system/ros2_ws/install/ai4r_interfaces/include/ai4r_interfaces/ai4r_interfaces/msg/detail/servo_pulse_width__rosidl_typesupport_introspection_c.h
-- Up-to-date: /home/zekaicheong/asclinic-system/ros2_ws/install/ai4r_interfaces/include/ai4r_interfaces/ai4r_interfaces/msg/detail/servo_pulse_width__type_support.c
-- Up-to-date: /home/zekaicheong/asclinic-system/ros2_ws/install/ai4r_interfaces/include/ai4r_interfaces/ai4r_interfaces/msg/detail/left_right_int32__type_support.c
-- Up-to-date: /home/zekaicheong/asclinic-system/ros2_ws/install/ai4r_interfaces/include/ai4r_interfaces/ai4r_interfaces/msg/rosidl_typesupport_introspection_c__visibility_control.h
-- Up-to-date: /home/zekaicheong/asclinic-system/ros2_ws/install/ai4r_interfaces/lib/libai4r_interfaces__rosidl_typesupport_introspection_c.so
-- Up-to-date: /home/zekaicheong/asclinic-system/ros2_ws/install/ai4r_interfaces/lib/libai4r_interfaces__rosidl_typesupport_c.so
-- Up-to-date: /home/zekaicheong/asclinic-system/ros2_ws/install/ai4r_interfaces/include/ai4r_interfaces/ai4r_interfaces
-- Up-to-date: /home/zekaicheong/asclinic-system/ros2_ws/install/ai4r_interfaces/include/ai4r_interfaces/ai4r_interfaces/msg
-- Up-to-date: /home/zekaicheong/asclinic-system/ros2_ws/install/ai4r_interfaces/include/ai4r_interfaces/ai4r_interfaces/msg/detail
-- Up-to-date: /home/zekaicheong/asclinic-system/ros2_ws/install/ai4r_interfaces/include/ai4r_interfaces/ai4r_interfaces/msg/detail/left_right_float32__struct.hpp
-- Up-to-date: /home/zekaicheong/asclinic-system/ros2_ws/install/ai4r_interfaces/include/ai4r_interfaces/ai4r_interfaces/msg/detail/left_right_float32__traits.hpp
-- Up-to-date: /home/zekaicheong/asclinic-system/ros2_ws/install/ai4r_interfaces/include/ai4r_interfaces/ai4r_interfaces/msg/detail/servo_pulse_width__struct.hpp
-- Up-to-date: /home/zekaicheong/asclinic-system/ros2_ws/install/ai4r_interfaces/include/ai4r_interfaces/ai4r_interfaces/msg/detail/servo_pulse_width__builder.hpp
-- Up-to-date: /home/zekaicheong/asclinic-system/ros2_ws/install/ai4r_interfaces/include/ai4r_interfaces/ai4r_interfaces/msg/detail/left_right_int32__struct.hpp
-- Up-to-date: /home/zekaicheong/asclinic-system/ros2_ws/install/ai4r_interfaces/include/ai4r_interfaces/ai4r_interfaces/msg/detail/left_right_float32__builder.hpp
-- Up-to-date: /home/zekaicheong/asclinic-system/ros2_ws/install/ai4r_interfaces/include/ai4r_interfaces/ai4r_interfaces/msg/detail/template_message__traits.hpp
-- Up-to-date: /home/zekaicheong/asclinic-system/ros2_ws/install/ai4r_interfaces/include/ai4r_interfaces/ai4r_interfaces/msg/detail/servo_pulse_width__traits.hpp
-- Up-to-date: /home/zekaicheong/asclinic-system/ros2_ws/install/ai4r_interfaces/include/ai4r_interfaces/ai4r_interfaces/msg/detail/left_right_int32__traits.hpp
-- Up-to-date: /home/zekaicheong/asclinic-system/ros2_ws/install/ai4r_interfaces/include/ai4r_interfaces/ai4r_interfaces/msg/detail/template_message__builder.hpp
-- Up-to-date: /home/zekaicheong/asclinic-system/ros2_ws/install/ai4r_interfaces/include/ai4r_interfaces/ai4r_interfaces/msg/detail/left_right_int32__builder.hpp
-- Up-to-date: /home/zekaicheong/asclinic-system/ros2_ws/install/ai4r_interfaces/include/ai4r_interfaces/ai4r_interfaces/msg/detail/template_message__struct.hpp
-- Up-to-date: /home/zekaicheong/asclinic-system/ros2_ws/install/ai4r_interfaces/include/ai4r_interfaces/ai4r_interfaces/msg/left_right_int32.hpp
-- Up-to-date: /home/zekaicheong/asclinic-system/ros2_ws/install/ai4r_interfaces/include/ai4r_interfaces/ai4r_interfaces/msg/template_message.hpp
-- Up-to-date: /home/zekaicheong/asclinic-system/ros2_ws/install/ai4r_interfaces/include/ai4r_interfaces/ai4r_interfaces/msg/servo_pulse_width.hpp
-- Up-to-date: /home/zekaicheong/asclinic-system/ros2_ws/install/ai4r_interfaces/include/ai4r_interfaces/ai4r_interfaces/msg/left_right_float32.hpp
-- Up-to-date: /home/zekaicheong/asclinic-system/ros2_ws/install/ai4r_interfaces/include/ai4r_interfaces/ai4r_interfaces
-- Up-to-date: /home/zekaicheong/asclinic-system/ros2_ws/install/ai4r_interfaces/include/ai4r_interfaces/ai4r_interfaces/msg
-- Up-to-date: /home/zekaicheong/asclinic-system/ros2_ws/install/ai4r_interfaces/include/ai4r_interfaces/ai4r_interfaces/msg/detail
-- Up-to-date: /home/zekaicheong/asclinic-system/ros2_ws/install/ai4r_interfaces/include/ai4r_interfaces/ai4r_interfaces/msg/detail/template_message__rosidl_typesupport_fastrtps_cpp.hpp
-- Up-to-date: /home/zekaicheong/asclinic-system/ros2_ws/install/ai4r_interfaces/include/ai4r_interfaces/ai4r_interfaces/msg/detail/left_right_float32__rosidl_typesupport_fastrtps_cpp.hpp
-- Up-to-date: /home/zekaicheong/asclinic-system/ros2_ws/install/ai4r_interfaces/include/ai4r_interfaces/ai4r_interfaces/msg/detail/left_right_int32__rosidl_typesupport_fastrtps_cpp.hpp
-- Up-to-date: /home/zekaicheong/asclinic-system/ros2_ws/install/ai4r_interfaces/include/ai4r_interfaces/ai4r_interfaces/msg/detail/servo_pulse_width__rosidl_typesupport_fastrtps_cpp.hpp
-- Up-to-date: /home/zekaicheong/asclinic-system/ros2_ws/install/ai4r_interfaces/include/ai4r_interfaces/ai4r_interfaces/msg/detail/dds_fastrtps
-- Up-to-date: /home/zekaicheong/asclinic-system/ros2_ws/install/ai4r_interfaces/include/ai4r_interfaces/ai4r_interfaces/msg/rosidl_typesupport_fastrtps_cpp__visibility_control.h
-- Up-to-date: /home/zekaicheong/asclinic-system/ros2_ws/install/ai4r_interfaces/lib/libai4r_interfaces__rosidl_typesupport_fastrtps_cpp.so
-- Up-to-date: /home/zekaicheong/asclinic-system/ros2_ws/install/ai4r_interfaces/include/ai4r_interfaces/ai4r_interfaces
-- Up-to-date: /home/zekaicheong/asclinic-system/ros2_ws/install/ai4r_interfaces/include/ai4r_interfaces/ai4r_interfaces/msg
-- Up-to-date: /home/zekaicheong/asclinic-system/ros2_ws/install/ai4r_interfaces/include/ai4r_interfaces/ai4r_interfaces/msg/detail
-- Up-to-date: /home/zekaicheong/asclinic-system/ros2_ws/install/ai4r_interfaces/include/ai4r_interfaces/ai4r_interfaces/msg/detail/template_message__rosidl_typesupport_introspection_cpp.hpp
-- Up-to-date: /home/zekaicheong/asclinic-system/ros2_ws/install/ai4r_interfaces/include/ai4r_interfaces/ai4r_interfaces/msg/detail/left_right_float32__type_support.cpp
-- Up-to-date: /home/zekaicheong/asclinic-system/ros2_ws/install/ai4r_interfaces/include/ai4r_interfaces/ai4r_interfaces/msg/detail/left_right_int32__type_support.cpp
-- Up-to-date: /home/zekaicheong/asclinic-system/ros2_ws/install/ai4r_interfaces/include/ai4r_interfaces/ai4r_interfaces/msg/detail/left_right_float32__rosidl_typesupport_introspection_cpp.hpp
-- Up-to-date: /home/zekaicheong/asclinic-system/ros2_ws/install/ai4r_interfaces/include/ai4r_interfaces/ai4r_interfaces/msg/detail/servo_pulse_width__rosidl_typesupport_introspection_cpp.hpp
-- Up-to-date: /home/zekaicheong/asclinic-system/ros2_ws/install/ai4r_interfaces/include/ai4r_interfaces/ai4r_interfaces/msg/detail/template_message__type_support.cpp
-- Up-to-date: /home/zekaicheong/asclinic-system/ros2_ws/install/ai4r_interfaces/include/ai4r_interfaces/ai4r_interfaces/msg/detail/left_right_int32__rosidl_typesupport_introspection_cpp.hpp
-- Up-to-date: /home/zekaicheong/asclinic-system/ros2_ws/install/ai4r_interfaces/include/ai4r_interfaces/ai4r_interfaces/msg/detail/servo_pulse_width__type_support.cpp
-- Up-to-date: /home/zekaicheong/asclinic-system/ros2_ws/install/ai4r_interfaces/lib/libai4r_interfaces__rosidl_typesupport_introspection_cpp.so
-- Up-to-date: /home/zekaicheong/asclinic-system/ros2_ws/install/ai4r_interfaces/lib/libai4r_interfaces__rosidl_typesupport_cpp.so
-- Up-to-date: /home/zekaicheong/asclinic-system/ros2_ws/install/ai4r_interfaces/share/ai4r_interfaces/environment/pythonpath.sh
-- Up-to-date: /home/zekaicheong/asclinic-system/ros2_ws/install/ai4r_interfaces/share/ai4r_interfaces/environment/pythonpath.dsv
-- Up-to-date: /home/zekaicheong/asclinic-system/ros2_ws/install/ai4r_interfaces/local/lib/python3.10/dist-packages/ai4r_interfaces-0.0.0-py3.10.egg-info
-- Installing: /home/zekaicheong/asclinic-system/ros2_ws/install/ai4r_interfaces/local/lib/python3.10/dist-packages/ai4r_interfaces-0.0.0-py3.10.egg-info/top_level.txt
-- Installing: /home/zekaicheong/asclinic-system/ros2_ws/install/ai4r_interfaces/local/lib/python3.10/dist-packages/ai4r_interfaces-0.0.0-py3.10.egg-info/PKG-INFO
-- Installing: /home/zekaicheong/asclinic-system/ros2_ws/install/ai4r_interfaces/local/lib/python3.10/dist-packages/ai4r_interfaces-0.0.0-py3.10.egg-info/dependency_links.txt
-- Installing: /home/zekaicheong/asclinic-system/ros2_ws/install/ai4r_interfaces/local/lib/python3.10/dist-packages/ai4r_interfaces-0.0.0-py3.10.egg-info/SOURCES.txt
-- Up-to-date: /home/zekaicheong/asclinic-system/ros2_ws/install/ai4r_interfaces/local/lib/python3.10/dist-packages/ai4r_interfaces
-- Up-to-date: /home/zekaicheong/asclinic-system/ros2_ws/install/ai4r_interfaces/local/lib/python3.10/dist-packages/ai4r_interfaces/_ai4r_interfaces_s.ep.rosidl_typesupport_fastrtps_c.c
-- Up-to-date: /home/zekaicheong/asclinic-system/ros2_ws/install/ai4r_interfaces/local/lib/python3.10/dist-packages/ai4r_interfaces/ai4r_interfaces_s__rosidl_typesupport_fastrtps_c.cpython-310-x86_64-linux-gnu.so
-- Up-to-date: /home/zekaicheong/asclinic-system/ros2_ws/install/ai4r_interfaces/local/lib/python3.10/dist-packages/ai4r_interfaces/ai4r_interfaces_s__rosidl_typesupport_introspection_c.cpython-310-x86_64-linux-gnu.so
-- Up-to-date: /home/zekaicheong/asclinic-system/ros2_ws/install/ai4r_interfaces/local/lib/python3.10/dist-packages/ai4r_interfaces/__init__.py
-- Up-to-date: /home/zekaicheong/asclinic-system/ros2_ws/install/ai4r_interfaces/local/lib/python3.10/dist-packages/ai4r_interfaces/_ai4r_interfaces_s.ep.rosidl_typesupport_introspection_c.c
-- Up-to-date: /home/zekaicheong/asclinic-system/ros2_ws/install/ai4r_interfaces/local/lib/python3.10/dist-packages/ai4r_interfaces/_ai4r_interfaces_s.ep.rosidl_typesupport_c.c
-- Up-to-date: /home/zekaicheong/asclinic-system/ros2_ws/install/ai4r_interfaces/local/lib/python3.10/dist-packages/ai4r_interfaces/msg
-- Up-to-date: /home/zekaicheong/asclinic-system/ros2_ws/install/ai4r_interfaces/local/lib/python3.10/dist-packages/ai4r_interfaces/msg/_left_right_float32_s.c
-- Up-to-date: /home/zekaicheong/asclinic-system/ros2_ws/install/ai4r_interfaces/local/lib/python3.10/dist-packages/ai4r_interfaces/msg/__init__.py
-- Up-to-date: /home/zekaicheong/asclinic-system/ros2_ws/install/ai4r_interfaces/local/lib/python3.10/dist-packages/ai4r_interfaces/msg/_servo_pulse_width.py
-- Up-to-date: /home/zekaicheong/asclinic-system/ros2_ws/install/ai4r_interfaces/local/lib/python3.10/dist-packages/ai4r_interfaces/msg/_template_message_s.c
-- Up-to-date: /home/zekaicheong/asclinic-system/ros2_ws/install/ai4r_interfaces/local/lib/python3.10/dist-packages/ai4r_interfaces/msg/_template_message.py
-- Up-to-date: /home/zekaicheong/asclinic-system/ros2_ws/install/ai4r_interfaces/local/lib/python3.10/dist-packages/ai4r_interfaces/msg/_servo_pulse_width_s.c
-- Up-to-date: /home/zekaicheong/asclinic-system/ros2_ws/install/ai4r_interfaces/local/lib/python3.10/dist-packages/ai4r_interfaces/msg/_left_right_int32_s.c
-- Up-to-date: /home/zekaicheong/asclinic-system/ros2_ws/install/ai4r_interfaces/local/lib/python3.10/dist-packages/ai4r_interfaces/msg/_left_right_int32.py
-- Up-to-date: /home/zekaicheong/asclinic-system/ros2_ws/install/ai4r_interfaces/local/lib/python3.10/dist-packages/ai4r_interfaces/msg/_left_right_float32.py
-- Up-to-date: /home/zekaicheong/asclinic-system/ros2_ws/install/ai4r_interfaces/local/lib/python3.10/dist-packages/ai4r_interfaces/libai4r_interfaces__rosidl_generator_py.so
-- Up-to-date: /home/zekaicheong/asclinic-system/ros2_ws/install/ai4r_interfaces/local/lib/python3.10/dist-packages/ai4r_interfaces/ai4r_interfaces_s__rosidl_typesupport_c.cpython-310-x86_64-linux-gnu.so
Listing '/home/zekaicheong/asclinic-system/ros2_ws/install/ai4r_interfaces/local/lib/python3.10/dist-packages/ai4r_interfaces'...
Listing '/home/zekaicheong/asclinic-system/ros2_ws/install/ai4r_interfaces/local/lib/python3.10/dist-packages/ai4r_interfaces/msg'...
-- Up-to-date: /home/zekaicheong/asclinic-system/ros2_ws/install/ai4r_interfaces/local/lib/python3.10/dist-packages/ai4r_interfaces/ai4r_interfaces_s__rosidl_typesupport_fastrtps_c.cpython-310-x86_64-linux-gnu.so
-- Up-to-date: /home/zekaicheong/asclinic-system/ros2_ws/install/ai4r_interfaces/local/lib/python3.10/dist-packages/ai4r_interfaces/ai4r_interfaces_s__rosidl_typesupport_introspection_c.cpython-310-x86_64-linux-gnu.so
-- Up-to-date: /home/zekaicheong/asclinic-system/ros2_ws/install/ai4r_interfaces/local/lib/python3.10/dist-packages/ai4r_interfaces/ai4r_interfaces_s__rosidl_typesupport_c.cpython-310-x86_64-linux-gnu.so
-- Up-to-date: /home/zekaicheong/asclinic-system/ros2_ws/install/ai4r_interfaces/lib/libai4r_interfaces__rosidl_generator_py.so
-- Up-to-date: /home/zekaicheong/asclinic-system/ros2_ws/install/ai4r_interfaces/share/ai4r_interfaces/msg/LeftRightFloat32.idl
-- Up-to-date: /home/zekaicheong/asclinic-system/ros2_ws/install/ai4r_interfaces/share/ai4r_interfaces/msg/LeftRightInt32.idl
-- Up-to-date: /home/zekaicheong/asclinic-system/ros2_ws/install/ai4r_interfaces/share/ai4r_interfaces/msg/ServoPulseWidth.idl
-- Up-to-date: /home/zekaicheong/asclinic-system/ros2_ws/install/ai4r_interfaces/share/ai4r_interfaces/msg/TemplateMessage.idl
-- Up-to-date: /home/zekaicheong/asclinic-system/ros2_ws/install/ai4r_interfaces/share/ai4r_interfaces/msg/LeftRightFloat32.msg
-- Up-to-date: /home/zekaicheong/asclinic-system/ros2_ws/install/ai4r_interfaces/share/ai4r_interfaces/msg/LeftRightInt32.msg
-- Up-to-date: /home/zekaicheong/asclinic-system/ros2_ws/install/ai4r_interfaces/share/ai4r_interfaces/msg/ServoPulseWidth.msg
-- Up-to-date: /home/zekaicheong/asclinic-system/ros2_ws/install/ai4r_interfaces/share/ai4r_interfaces/msg/TemplateMessage.msg
-- Up-to-date: /home/zekaicheong/asclinic-system/ros2_ws/install/ai4r_interfaces/share/ament_index/resource_index/package_run_dependencies/ai4r_interfaces
-- Up-to-date: /home/zekaicheong/asclinic-system/ros2_ws/install/ai4r_interfaces/share/ament_index/resource_index/parent_prefix_path/ai4r_interfaces
-- Up-to-date: /home/zekaicheong/asclinic-system/ros2_ws/install/ai4r_interfaces/share/ai4r_interfaces/environment/ament_prefix_path.sh
-- Up-to-date: /home/zekaicheong/asclinic-system/ros2_ws/install/ai4r_interfaces/share/ai4r_interfaces/environment/ament_prefix_path.dsv
-- Up-to-date: /home/zekaicheong/asclinic-system/ros2_ws/install/ai4r_interfaces/share/ai4r_interfaces/environment/path.sh
-- Up-to-date: /home/zekaicheong/asclinic-system/ros2_ws/install/ai4r_interfaces/share/ai4r_interfaces/environment/path.dsv
-- Up-to-date: /home/zekaicheong/asclinic-system/ros2_ws/install/ai4r_interfaces/share/ai4r_interfaces/local_setup.bash
-- Up-to-date: /home/zekaicheong/asclinic-system/ros2_ws/install/ai4r_interfaces/share/ai4r_interfaces/local_setup.sh
-- Up-to-date: /home/zekaicheong/asclinic-system/ros2_ws/install/ai4r_interfaces/share/ai4r_interfaces/local_setup.zsh
-- Up-to-date: /home/zekaicheong/asclinic-system/ros2_ws/install/ai4r_interfaces/share/ai4r_interfaces/local_setup.dsv
-- Installing: /home/zekaicheong/asclinic-system/ros2_ws/install/ai4r_interfaces/share/ai4r_interfaces/package.dsv
-- Up-to-date: /home/zekaicheong/asclinic-system/ros2_ws/install/ai4r_interfaces/share/ament_index/resource_index/packages/ai4r_interfaces
-- Up-to-date: /home/zekaicheong/asclinic-system/ros2_ws/install/ai4r_interfaces/share/ai4r_interfaces/cmake/export_ai4r_interfaces__rosidl_generator_cExport.cmake
-- Up-to-date: /home/zekaicheong/asclinic-system/ros2_ws/install/ai4r_interfaces/share/ai4r_interfaces/cmake/export_ai4r_interfaces__rosidl_generator_cExport-noconfig.cmake
-- Up-to-date: /home/zekaicheong/asclinic-system/ros2_ws/install/ai4r_interfaces/share/ai4r_interfaces/cmake/export_ai4r_interfaces__rosidl_typesupport_fastrtps_cExport.cmake
-- Up-to-date: /home/zekaicheong/asclinic-system/ros2_ws/install/ai4r_interfaces/share/ai4r_interfaces/cmake/export_ai4r_interfaces__rosidl_typesupport_fastrtps_cExport-noconfig.cmake
-- Up-to-date: /home/zekaicheong/asclinic-system/ros2_ws/install/ai4r_interfaces/share/ai4r_interfaces/cmake/ai4r_interfaces__rosidl_typesupport_introspection_cExport.cmake
-- Up-to-date: /home/zekaicheong/asclinic-system/ros2_ws/install/ai4r_interfaces/share/ai4r_interfaces/cmake/ai4r_interfaces__rosidl_typesupport_introspection_cExport-noconfig.cmake
-- Up-to-date: /home/zekaicheong/asclinic-system/ros2_ws/install/ai4r_interfaces/share/ai4r_interfaces/cmake/ai4r_interfaces__rosidl_typesupport_cExport.cmake
-- Up-to-date: /home/zekaicheong/asclinic-system/ros2_ws/install/ai4r_interfaces/share/ai4r_interfaces/cmake/ai4r_interfaces__rosidl_typesupport_cExport-noconfig.cmake
-- Up-to-date: /home/zekaicheong/asclinic-system/ros2_ws/install/ai4r_interfaces/share/ai4r_interfaces/cmake/export_ai4r_interfaces__rosidl_generator_cppExport.cmake
-- Up-to-date: /home/zekaicheong/asclinic-system/ros2_ws/install/ai4r_interfaces/share/ai4r_interfaces/cmake/export_ai4r_interfaces__rosidl_typesupport_fastrtps_cppExport.cmake
-- Up-to-date: /home/zekaicheong/asclinic-system/ros2_ws/install/ai4r_interfaces/share/ai4r_interfaces/cmake/export_ai4r_interfaces__rosidl_typesupport_fastrtps_cppExport-noconfig.cmake
-- Up-to-date: /home/zekaicheong/asclinic-system/ros2_ws/install/ai4r_interfaces/share/ai4r_interfaces/cmake/ai4r_interfaces__rosidl_typesupport_introspection_cppExport.cmake
-- Up-to-date: /home/zekaicheong/asclinic-system/ros2_ws/install/ai4r_interfaces/share/ai4r_interfaces/cmake/ai4r_interfaces__rosidl_typesupport_introspection_cppExport-noconfig.cmake
-- Up-to-date: /home/zekaicheong/asclinic-system/ros2_ws/install/ai4r_interfaces/share/ai4r_interfaces/cmake/ai4r_interfaces__rosidl_typesupport_cppExport.cmake
-- Up-to-date: /home/zekaicheong/asclinic-system/ros2_ws/install/ai4r_interfaces/share/ai4r_interfaces/cmake/ai4r_interfaces__rosidl_typesupport_cppExport-noconfig.cmake
-- Up-to-date: /home/zekaicheong/asclinic-system/ros2_ws/install/ai4r_interfaces/share/ai4r_interfaces/cmake/export_ai4r_interfaces__rosidl_generator_pyExport.cmake
-- Up-to-date: /home/zekaicheong/asclinic-system/ros2_ws/install/ai4r_interfaces/share/ai4r_interfaces/cmake/export_ai4r_interfaces__rosidl_generator_pyExport-noconfig.cmake
-- Up-to-date: /home/zekaicheong/asclinic-system/ros2_ws/install/ai4r_interfaces/share/ai4r_interfaces/cmake/rosidl_cmake-extras.cmake
-- Up-to-date: /home/zekaicheong/asclinic-system/ros2_ws/install/ai4r_interfaces/share/ai4r_interfaces/cmake/ament_cmake_export_include_directories-extras.cmake
-- Up-to-date: /home/zekaicheong/asclinic-system/ros2_ws/install/ai4r_interfaces/share/ai4r_interfaces/cmake/ament_cmake_export_libraries-extras.cmake
-- Up-to-date: /home/zekaicheong/asclinic-system/ros2_ws/install/ai4r_interfaces/share/ai4r_interfaces/cmake/ament_cmake_export_targets-extras.cmake
-- Up-to-date: /home/zekaicheong/asclinic-system/ros2_ws/install/ai4r_interfaces/share/ai4r_interfaces/cmake/rosidl_cmake_export_typesupport_targets-extras.cmake
-- Up-to-date: /home/zekaicheong/asclinic-system/ros2_ws/install/ai4r_interfaces/share/ai4r_interfaces/cmake/ament_cmake_export_dependencies-extras.cmake
-- Up-to-date: /home/zekaicheong/asclinic-system/ros2_ws/install/ai4r_interfaces/share/ai4r_interfaces/cmake/rosidl_cmake_export_typesupport_libraries-extras.cmake
-- Up-to-date: /home/zekaicheong/asclinic-system/ros2_ws/install/ai4r_interfaces/share/ai4r_interfaces/cmake/ai4r_interfacesConfig.cmake
-- Up-to-date: /home/zekaicheong/asclinic-system/ros2_ws/install/ai4r_interfaces/share/ai4r_interfaces/cmake/ai4r_interfacesConfig-version.cmake
-- Up-to-date: /home/zekaicheong/asclinic-system/ros2_ws/install/ai4r_interfaces/share/ai4r_interfaces/package.xml
