[0.009s] Invoking command in '/home/zekaicheong/asclinic-system/ros2_ws/build/ai4r_interfaces': CMAKE_PREFIX_PATH=${CMAKE_PREFIX_PATH}:/opt/ros/humble /usr/bin/cmake --build /home/zekaicheong/asclinic-system/ros2_ws/build/ai4r_interfaces -- -j16 -l16
[0.032s] [35m[1mConsolidate compiler generated dependencies of target ai4r_interfaces__rosidl_generator_c[0m
[0.038s] [  1%] Built target ai4r_interfaces__cpp
[0.040s] [ 12%] Built target ai4r_interfaces__rosidl_generator_c
[0.044s] [ 12%] Built target ament_cmake_python_copy_ai4r_interfaces
[0.045s] [35m[1mConsolidate compiler generated dependencies of target ai4r_interfaces__rosidl_typesupport_introspection_cpp[0m
[0.045s] [35m[1mConsolidate compiler generated dependencies of target ai4r_interfaces__rosidl_typesupport_cpp[0m
[0.047s] [35m[1mConsolidate compiler generated dependencies of target ai4r_interfaces__rosidl_typesupport_fastrtps_cpp[0m
[0.047s] [35m[1mConsolidate compiler generated dependencies of target ai4r_interfaces__rosidl_typesupport_fastrtps_c[0m
[0.049s] [35m[1mConsolidate compiler generated dependencies of target ai4r_interfaces__rosidl_typesupport_c[0m
[0.049s] [35m[1mConsolidate compiler generated dependencies of target ai4r_interfaces__rosidl_typesupport_introspection_c[0m
[0.056s] [ 23%] Built target ai4r_interfaces__rosidl_typesupport_introspection_cpp
[0.057s] [ 34%] Built target ai4r_interfaces__rosidl_typesupport_fastrtps_c
[0.058s] [ 47%] Built target ai4r_interfaces__rosidl_typesupport_cpp
[0.058s] [ 56%] Built target ai4r_interfaces__rosidl_typesupport_c
[0.060s] [ 67%] Built target ai4r_interfaces__rosidl_typesupport_introspection_c
[0.060s] [ 78%] Built target ai4r_interfaces__rosidl_typesupport_fastrtps_cpp
[0.071s] [ 78%] Built target ai4r_interfaces
[0.082s] [ 80%] Built target ai4r_interfaces__py
[0.088s] [35m[1mConsolidate compiler generated dependencies of target ai4r_interfaces__rosidl_generator_py[0m
[0.097s] [ 89%] Built target ai4r_interfaces__rosidl_generator_py
[0.103s] [35m[1mConsolidate compiler generated dependencies of target ai4r_interfaces__rosidl_typesupport_fastrtps_c__pyext[0m
[0.105s] [35m[1mConsolidate compiler generated dependencies of target ai4r_interfaces__rosidl_typesupport_c__pyext[0m
[0.105s] [35m[1mConsolidate compiler generated dependencies of target ai4r_interfaces__rosidl_typesupport_introspection_c__pyext[0m
[0.111s] [ 92%] Built target ai4r_interfaces__rosidl_typesupport_fastrtps_c__pyext
[0.115s] [100%] Built target ai4r_interfaces__rosidl_typesupport_c__pyext
[0.115s] [100%] Built target ai4r_interfaces__rosidl_typesupport_introspection_c__pyext
[0.194s] running egg_info
[0.194s] writing ai4r_interfaces.egg-info/PKG-INFO
[0.194s] writing dependency_links to ai4r_interfaces.egg-info/dependency_links.txt
[0.194s] writing top-level names to ai4r_interfaces.egg-info/top_level.txt
[0.196s] reading manifest file 'ai4r_interfaces.egg-info/SOURCES.txt'
[0.196s] writing manifest file 'ai4r_interfaces.egg-info/SOURCES.txt'
[0.212s] [100%] Built target ament_cmake_python_build_ai4r_interfaces_egg
[0.219s] Invoked command in '/home/zekaicheong/asclinic-system/ros2_ws/build/ai4r_interfaces' returned '0': CMAKE_PREFIX_PATH=${CMAKE_PREFIX_PATH}:/opt/ros/humble /usr/bin/cmake --build /home/zekaicheong/asclinic-system/ros2_ws/build/ai4r_interfaces -- -j16 -l16
[0.273s] Invoking command in '/home/zekaicheong/asclinic-system/ros2_ws/build/ai4r_interfaces': CMAKE_PREFIX_PATH=${CMAKE_PREFIX_PATH}:/opt/ros/humble /usr/bin/cmake --install /home/zekaicheong/asclinic-system/ros2_ws/build/ai4r_interfaces
[0.278s] -- Install configuration: ""
[0.278s] -- Up-to-date: /home/zekaicheong/asclinic-system/ros2_ws/install/ai4r_interfaces/share/ament_index/resource_index/rosidl_interfaces/ai4r_interfaces
[0.278s] -- Up-to-date: /home/zekaicheong/asclinic-system/ros2_ws/install/ai4r_interfaces/include/ai4r_interfaces/ai4r_interfaces
[0.278s] -- Up-to-date: /home/zekaicheong/asclinic-system/ros2_ws/install/ai4r_interfaces/include/ai4r_interfaces/ai4r_interfaces/msg
[0.278s] -- Up-to-date: /home/zekaicheong/asclinic-system/ros2_ws/install/ai4r_interfaces/include/ai4r_interfaces/ai4r_interfaces/msg/detail
[0.278s] -- Up-to-date: /home/zekaicheong/asclinic-system/ros2_ws/install/ai4r_interfaces/include/ai4r_interfaces/ai4r_interfaces/msg/detail/template_message__functions.c
[0.278s] -- Up-to-date: /home/zekaicheong/asclinic-system/ros2_ws/install/ai4r_interfaces/include/ai4r_interfaces/ai4r_interfaces/msg/detail/left_right_int32__struct.h
[0.278s] -- Up-to-date: /home/zekaicheong/asclinic-system/ros2_ws/install/ai4r_interfaces/include/ai4r_interfaces/ai4r_interfaces/msg/detail/servo_pulse_width__struct.h
[0.279s] -- Up-to-date: /home/zekaicheong/asclinic-system/ros2_ws/install/ai4r_interfaces/include/ai4r_interfaces/ai4r_interfaces/msg/detail/left_right_int32__type_support.h
[0.279s] -- Up-to-date: /home/zekaicheong/asclinic-system/ros2_ws/install/ai4r_interfaces/include/ai4r_interfaces/ai4r_interfaces/msg/detail/left_right_float32__functions.h
[0.279s] -- Up-to-date: /home/zekaicheong/asclinic-system/ros2_ws/install/ai4r_interfaces/include/ai4r_interfaces/ai4r_interfaces/msg/detail/template_message__functions.h
[0.279s] -- Up-to-date: /home/zekaicheong/asclinic-system/ros2_ws/install/ai4r_interfaces/include/ai4r_interfaces/ai4r_interfaces/msg/detail/left_right_float32__functions.c
[0.279s] -- Up-to-date: /home/zekaicheong/asclinic-system/ros2_ws/install/ai4r_interfaces/include/ai4r_interfaces/ai4r_interfaces/msg/detail/servo_pulse_width__type_support.h
[0.279s] -- Up-to-date: /home/zekaicheong/asclinic-system/ros2_ws/install/ai4r_interfaces/include/ai4r_interfaces/ai4r_interfaces/msg/detail/template_message__type_support.h
[0.279s] -- Up-to-date: /home/zekaicheong/asclinic-system/ros2_ws/install/ai4r_interfaces/include/ai4r_interfaces/ai4r_interfaces/msg/detail/left_right_float32__struct.h
[0.279s] -- Up-to-date: /home/zekaicheong/asclinic-system/ros2_ws/install/ai4r_interfaces/include/ai4r_interfaces/ai4r_interfaces/msg/detail/template_message__struct.h
[0.279s] -- Up-to-date: /home/zekaicheong/asclinic-system/ros2_ws/install/ai4r_interfaces/include/ai4r_interfaces/ai4r_interfaces/msg/detail/left_right_int32__functions.h
[0.279s] -- Up-to-date: /home/zekaicheong/asclinic-system/ros2_ws/install/ai4r_interfaces/include/ai4r_interfaces/ai4r_interfaces/msg/detail/servo_pulse_width__functions.c
[0.279s] -- Up-to-date: /home/zekaicheong/asclinic-system/ros2_ws/install/ai4r_interfaces/include/ai4r_interfaces/ai4r_interfaces/msg/detail/servo_pulse_width__functions.h
[0.279s] -- Up-to-date: /home/zekaicheong/asclinic-system/ros2_ws/install/ai4r_interfaces/include/ai4r_interfaces/ai4r_interfaces/msg/detail/left_right_float32__type_support.h
[0.279s] -- Up-to-date: /home/zekaicheong/asclinic-system/ros2_ws/install/ai4r_interfaces/include/ai4r_interfaces/ai4r_interfaces/msg/detail/left_right_int32__functions.c
[0.279s] -- Up-to-date: /home/zekaicheong/asclinic-system/ros2_ws/install/ai4r_interfaces/include/ai4r_interfaces/ai4r_interfaces/msg/rosidl_generator_c__visibility_control.h
[0.280s] -- Up-to-date: /home/zekaicheong/asclinic-system/ros2_ws/install/ai4r_interfaces/include/ai4r_interfaces/ai4r_interfaces/msg/left_right_float32.h
[0.280s] -- Up-to-date: /home/zekaicheong/asclinic-system/ros2_ws/install/ai4r_interfaces/include/ai4r_interfaces/ai4r_interfaces/msg/template_message.h
[0.280s] -- Up-to-date: /home/zekaicheong/asclinic-system/ros2_ws/install/ai4r_interfaces/include/ai4r_interfaces/ai4r_interfaces/msg/servo_pulse_width.h
[0.280s] -- Up-to-date: /home/zekaicheong/asclinic-system/ros2_ws/install/ai4r_interfaces/include/ai4r_interfaces/ai4r_interfaces/msg/left_right_int32.h
[0.280s] -- Up-to-date: /home/zekaicheong/asclinic-system/ros2_ws/install/ai4r_interfaces/share/ai4r_interfaces/environment/library_path.sh
[0.280s] -- Up-to-date: /home/zekaicheong/asclinic-system/ros2_ws/install/ai4r_interfaces/share/ai4r_interfaces/environment/library_path.dsv
[0.280s] -- Up-to-date: /home/zekaicheong/asclinic-system/ros2_ws/install/ai4r_interfaces/lib/libai4r_interfaces__rosidl_generator_c.so
[0.280s] -- Up-to-date: /home/zekaicheong/asclinic-system/ros2_ws/install/ai4r_interfaces/include/ai4r_interfaces/ai4r_interfaces
[0.280s] -- Up-to-date: /home/zekaicheong/asclinic-system/ros2_ws/install/ai4r_interfaces/include/ai4r_interfaces/ai4r_interfaces/msg
[0.280s] -- Up-to-date: /home/zekaicheong/asclinic-system/ros2_ws/install/ai4r_interfaces/include/ai4r_interfaces/ai4r_interfaces/msg/detail
[0.280s] -- Up-to-date: /home/zekaicheong/asclinic-system/ros2_ws/install/ai4r_interfaces/include/ai4r_interfaces/ai4r_interfaces/msg/detail/template_message__rosidl_typesupport_fastrtps_c.h
[0.280s] -- Up-to-date: /home/zekaicheong/asclinic-system/ros2_ws/install/ai4r_interfaces/include/ai4r_interfaces/ai4r_interfaces/msg/detail/left_right_float32__rosidl_typesupport_fastrtps_c.h
[0.280s] -- Up-to-date: /home/zekaicheong/asclinic-system/ros2_ws/install/ai4r_interfaces/include/ai4r_interfaces/ai4r_interfaces/msg/detail/servo_pulse_width__rosidl_typesupport_fastrtps_c.h
[0.280s] -- Up-to-date: /home/zekaicheong/asclinic-system/ros2_ws/install/ai4r_interfaces/include/ai4r_interfaces/ai4r_interfaces/msg/detail/left_right_int32__rosidl_typesupport_fastrtps_c.h
[0.280s] -- Up-to-date: /home/zekaicheong/asclinic-system/ros2_ws/install/ai4r_interfaces/include/ai4r_interfaces/ai4r_interfaces/msg/rosidl_typesupport_fastrtps_c__visibility_control.h
[0.280s] -- Up-to-date: /home/zekaicheong/asclinic-system/ros2_ws/install/ai4r_interfaces/lib/libai4r_interfaces__rosidl_typesupport_fastrtps_c.so
[0.280s] -- Up-to-date: /home/zekaicheong/asclinic-system/ros2_ws/install/ai4r_interfaces/include/ai4r_interfaces/ai4r_interfaces
[0.281s] -- Up-to-date: /home/zekaicheong/asclinic-system/ros2_ws/install/ai4r_interfaces/include/ai4r_interfaces/ai4r_interfaces/msg
[0.281s] -- Up-to-date: /home/zekaicheong/asclinic-system/ros2_ws/install/ai4r_interfaces/include/ai4r_interfaces/ai4r_interfaces/msg/detail
[0.281s] -- Up-to-date: /home/zekaicheong/asclinic-system/ros2_ws/install/ai4r_interfaces/include/ai4r_interfaces/ai4r_interfaces/msg/detail/left_right_int32__rosidl_typesupport_introspection_c.h
[0.281s] -- Up-to-date: /home/zekaicheong/asclinic-system/ros2_ws/install/ai4r_interfaces/include/ai4r_interfaces/ai4r_interfaces/msg/detail/template_message__type_support.c
[0.281s] -- Up-to-date: /home/zekaicheong/asclinic-system/ros2_ws/install/ai4r_interfaces/include/ai4r_interfaces/ai4r_interfaces/msg/detail/left_right_float32__type_support.c
[0.281s] -- Up-to-date: /home/zekaicheong/asclinic-system/ros2_ws/install/ai4r_interfaces/include/ai4r_interfaces/ai4r_interfaces/msg/detail/template_message__rosidl_typesupport_introspection_c.h
[0.281s] -- Up-to-date: /home/zekaicheong/asclinic-system/ros2_ws/install/ai4r_interfaces/include/ai4r_interfaces/ai4r_interfaces/msg/detail/left_right_float32__rosidl_typesupport_introspection_c.h
[0.281s] -- Up-to-date: /home/zekaicheong/asclinic-system/ros2_ws/install/ai4r_interfaces/include/ai4r_interfaces/ai4r_interfaces/msg/detail/servo_pulse_width__rosidl_typesupport_introspection_c.h
[0.281s] -- Up-to-date: /home/zekaicheong/asclinic-system/ros2_ws/install/ai4r_interfaces/include/ai4r_interfaces/ai4r_interfaces/msg/detail/servo_pulse_width__type_support.c
[0.281s] -- Up-to-date: /home/zekaicheong/asclinic-system/ros2_ws/install/ai4r_interfaces/include/ai4r_interfaces/ai4r_interfaces/msg/detail/left_right_int32__type_support.c
[0.281s] -- Up-to-date: /home/zekaicheong/asclinic-system/ros2_ws/install/ai4r_interfaces/include/ai4r_interfaces/ai4r_interfaces/msg/rosidl_typesupport_introspection_c__visibility_control.h
[0.281s] -- Up-to-date: /home/zekaicheong/asclinic-system/ros2_ws/install/ai4r_interfaces/lib/libai4r_interfaces__rosidl_typesupport_introspection_c.so
[0.281s] -- Up-to-date: /home/zekaicheong/asclinic-system/ros2_ws/install/ai4r_interfaces/lib/libai4r_interfaces__rosidl_typesupport_c.so
[0.281s] -- Up-to-date: /home/zekaicheong/asclinic-system/ros2_ws/install/ai4r_interfaces/include/ai4r_interfaces/ai4r_interfaces
[0.281s] -- Up-to-date: /home/zekaicheong/asclinic-system/ros2_ws/install/ai4r_interfaces/include/ai4r_interfaces/ai4r_interfaces/msg
[0.281s] -- Up-to-date: /home/zekaicheong/asclinic-system/ros2_ws/install/ai4r_interfaces/include/ai4r_interfaces/ai4r_interfaces/msg/detail
[0.281s] -- Up-to-date: /home/zekaicheong/asclinic-system/ros2_ws/install/ai4r_interfaces/include/ai4r_interfaces/ai4r_interfaces/msg/detail/left_right_float32__struct.hpp
[0.281s] -- Up-to-date: /home/zekaicheong/asclinic-system/ros2_ws/install/ai4r_interfaces/include/ai4r_interfaces/ai4r_interfaces/msg/detail/left_right_float32__traits.hpp
[0.282s] -- Up-to-date: /home/zekaicheong/asclinic-system/ros2_ws/install/ai4r_interfaces/include/ai4r_interfaces/ai4r_interfaces/msg/detail/servo_pulse_width__struct.hpp
[0.282s] -- Up-to-date: /home/zekaicheong/asclinic-system/ros2_ws/install/ai4r_interfaces/include/ai4r_interfaces/ai4r_interfaces/msg/detail/servo_pulse_width__builder.hpp
[0.282s] -- Up-to-date: /home/zekaicheong/asclinic-system/ros2_ws/install/ai4r_interfaces/include/ai4r_interfaces/ai4r_interfaces/msg/detail/left_right_int32__struct.hpp
[0.282s] -- Up-to-date: /home/zekaicheong/asclinic-system/ros2_ws/install/ai4r_interfaces/include/ai4r_interfaces/ai4r_interfaces/msg/detail/left_right_float32__builder.hpp
[0.282s] -- Up-to-date: /home/zekaicheong/asclinic-system/ros2_ws/install/ai4r_interfaces/include/ai4r_interfaces/ai4r_interfaces/msg/detail/template_message__traits.hpp
[0.282s] -- Up-to-date: /home/zekaicheong/asclinic-system/ros2_ws/install/ai4r_interfaces/include/ai4r_interfaces/ai4r_interfaces/msg/detail/servo_pulse_width__traits.hpp
[0.282s] -- Up-to-date: /home/zekaicheong/asclinic-system/ros2_ws/install/ai4r_interfaces/include/ai4r_interfaces/ai4r_interfaces/msg/detail/left_right_int32__traits.hpp
[0.282s] -- Up-to-date: /home/zekaicheong/asclinic-system/ros2_ws/install/ai4r_interfaces/include/ai4r_interfaces/ai4r_interfaces/msg/detail/template_message__builder.hpp
[0.282s] -- Up-to-date: /home/zekaicheong/asclinic-system/ros2_ws/install/ai4r_interfaces/include/ai4r_interfaces/ai4r_interfaces/msg/detail/left_right_int32__builder.hpp
[0.282s] -- Up-to-date: /home/zekaicheong/asclinic-system/ros2_ws/install/ai4r_interfaces/include/ai4r_interfaces/ai4r_interfaces/msg/detail/template_message__struct.hpp
[0.282s] -- Up-to-date: /home/zekaicheong/asclinic-system/ros2_ws/install/ai4r_interfaces/include/ai4r_interfaces/ai4r_interfaces/msg/left_right_int32.hpp
[0.282s] -- Up-to-date: /home/zekaicheong/asclinic-system/ros2_ws/install/ai4r_interfaces/include/ai4r_interfaces/ai4r_interfaces/msg/template_message.hpp
[0.282s] -- Up-to-date: /home/zekaicheong/asclinic-system/ros2_ws/install/ai4r_interfaces/include/ai4r_interfaces/ai4r_interfaces/msg/servo_pulse_width.hpp
[0.282s] -- Up-to-date: /home/zekaicheong/asclinic-system/ros2_ws/install/ai4r_interfaces/include/ai4r_interfaces/ai4r_interfaces/msg/left_right_float32.hpp
[0.283s] -- Up-to-date: /home/zekaicheong/asclinic-system/ros2_ws/install/ai4r_interfaces/include/ai4r_interfaces/ai4r_interfaces
[0.283s] -- Up-to-date: /home/zekaicheong/asclinic-system/ros2_ws/install/ai4r_interfaces/include/ai4r_interfaces/ai4r_interfaces/msg
[0.283s] -- Up-to-date: /home/zekaicheong/asclinic-system/ros2_ws/install/ai4r_interfaces/include/ai4r_interfaces/ai4r_interfaces/msg/detail
[0.283s] -- Up-to-date: /home/zekaicheong/asclinic-system/ros2_ws/install/ai4r_interfaces/include/ai4r_interfaces/ai4r_interfaces/msg/detail/template_message__rosidl_typesupport_fastrtps_cpp.hpp
[0.283s] -- Up-to-date: /home/zekaicheong/asclinic-system/ros2_ws/install/ai4r_interfaces/include/ai4r_interfaces/ai4r_interfaces/msg/detail/left_right_float32__rosidl_typesupport_fastrtps_cpp.hpp
[0.283s] -- Up-to-date: /home/zekaicheong/asclinic-system/ros2_ws/install/ai4r_interfaces/include/ai4r_interfaces/ai4r_interfaces/msg/detail/left_right_int32__rosidl_typesupport_fastrtps_cpp.hpp
[0.283s] -- Up-to-date: /home/zekaicheong/asclinic-system/ros2_ws/install/ai4r_interfaces/include/ai4r_interfaces/ai4r_interfaces/msg/detail/servo_pulse_width__rosidl_typesupport_fastrtps_cpp.hpp
[0.283s] -- Up-to-date: /home/zekaicheong/asclinic-system/ros2_ws/install/ai4r_interfaces/include/ai4r_interfaces/ai4r_interfaces/msg/detail/dds_fastrtps
[0.283s] -- Up-to-date: /home/zekaicheong/asclinic-system/ros2_ws/install/ai4r_interfaces/include/ai4r_interfaces/ai4r_interfaces/msg/rosidl_typesupport_fastrtps_cpp__visibility_control.h
[0.283s] -- Up-to-date: /home/zekaicheong/asclinic-system/ros2_ws/install/ai4r_interfaces/lib/libai4r_interfaces__rosidl_typesupport_fastrtps_cpp.so
[0.283s] -- Up-to-date: /home/zekaicheong/asclinic-system/ros2_ws/install/ai4r_interfaces/include/ai4r_interfaces/ai4r_interfaces
[0.283s] -- Up-to-date: /home/zekaicheong/asclinic-system/ros2_ws/install/ai4r_interfaces/include/ai4r_interfaces/ai4r_interfaces/msg
[0.283s] -- Up-to-date: /home/zekaicheong/asclinic-system/ros2_ws/install/ai4r_interfaces/include/ai4r_interfaces/ai4r_interfaces/msg/detail
[0.283s] -- Up-to-date: /home/zekaicheong/asclinic-system/ros2_ws/install/ai4r_interfaces/include/ai4r_interfaces/ai4r_interfaces/msg/detail/template_message__rosidl_typesupport_introspection_cpp.hpp
[0.283s] -- Up-to-date: /home/zekaicheong/asclinic-system/ros2_ws/install/ai4r_interfaces/include/ai4r_interfaces/ai4r_interfaces/msg/detail/left_right_float32__type_support.cpp
[0.283s] -- Up-to-date: /home/zekaicheong/asclinic-system/ros2_ws/install/ai4r_interfaces/include/ai4r_interfaces/ai4r_interfaces/msg/detail/left_right_int32__type_support.cpp
[0.283s] -- Up-to-date: /home/zekaicheong/asclinic-system/ros2_ws/install/ai4r_interfaces/include/ai4r_interfaces/ai4r_interfaces/msg/detail/left_right_float32__rosidl_typesupport_introspection_cpp.hpp
[0.284s] -- Up-to-date: /home/zekaicheong/asclinic-system/ros2_ws/install/ai4r_interfaces/include/ai4r_interfaces/ai4r_interfaces/msg/detail/servo_pulse_width__rosidl_typesupport_introspection_cpp.hpp
[0.284s] -- Up-to-date: /home/zekaicheong/asclinic-system/ros2_ws/install/ai4r_interfaces/include/ai4r_interfaces/ai4r_interfaces/msg/detail/template_message__type_support.cpp
[0.284s] -- Up-to-date: /home/zekaicheong/asclinic-system/ros2_ws/install/ai4r_interfaces/include/ai4r_interfaces/ai4r_interfaces/msg/detail/left_right_int32__rosidl_typesupport_introspection_cpp.hpp
[0.284s] -- Up-to-date: /home/zekaicheong/asclinic-system/ros2_ws/install/ai4r_interfaces/include/ai4r_interfaces/ai4r_interfaces/msg/detail/servo_pulse_width__type_support.cpp
[0.284s] -- Up-to-date: /home/zekaicheong/asclinic-system/ros2_ws/install/ai4r_interfaces/lib/libai4r_interfaces__rosidl_typesupport_introspection_cpp.so
[0.284s] -- Up-to-date: /home/zekaicheong/asclinic-system/ros2_ws/install/ai4r_interfaces/lib/libai4r_interfaces__rosidl_typesupport_cpp.so
[0.284s] -- Up-to-date: /home/zekaicheong/asclinic-system/ros2_ws/install/ai4r_interfaces/share/ai4r_interfaces/environment/pythonpath.sh
[0.284s] -- Up-to-date: /home/zekaicheong/asclinic-system/ros2_ws/install/ai4r_interfaces/share/ai4r_interfaces/environment/pythonpath.dsv
[0.284s] -- Up-to-date: /home/zekaicheong/asclinic-system/ros2_ws/install/ai4r_interfaces/local/lib/python3.10/dist-packages/ai4r_interfaces-0.0.0-py3.10.egg-info
[0.284s] -- Installing: /home/zekaicheong/asclinic-system/ros2_ws/install/ai4r_interfaces/local/lib/python3.10/dist-packages/ai4r_interfaces-0.0.0-py3.10.egg-info/top_level.txt
[0.284s] -- Installing: /home/zekaicheong/asclinic-system/ros2_ws/install/ai4r_interfaces/local/lib/python3.10/dist-packages/ai4r_interfaces-0.0.0-py3.10.egg-info/PKG-INFO
[0.284s] -- Installing: /home/zekaicheong/asclinic-system/ros2_ws/install/ai4r_interfaces/local/lib/python3.10/dist-packages/ai4r_interfaces-0.0.0-py3.10.egg-info/dependency_links.txt
[0.284s] -- Installing: /home/zekaicheong/asclinic-system/ros2_ws/install/ai4r_interfaces/local/lib/python3.10/dist-packages/ai4r_interfaces-0.0.0-py3.10.egg-info/SOURCES.txt
[0.284s] -- Up-to-date: /home/zekaicheong/asclinic-system/ros2_ws/install/ai4r_interfaces/local/lib/python3.10/dist-packages/ai4r_interfaces
[0.284s] -- Up-to-date: /home/zekaicheong/asclinic-system/ros2_ws/install/ai4r_interfaces/local/lib/python3.10/dist-packages/ai4r_interfaces/_ai4r_interfaces_s.ep.rosidl_typesupport_fastrtps_c.c
[0.284s] -- Up-to-date: /home/zekaicheong/asclinic-system/ros2_ws/install/ai4r_interfaces/local/lib/python3.10/dist-packages/ai4r_interfaces/ai4r_interfaces_s__rosidl_typesupport_fastrtps_c.cpython-310-x86_64-linux-gnu.so
[0.284s] -- Up-to-date: /home/zekaicheong/asclinic-system/ros2_ws/install/ai4r_interfaces/local/lib/python3.10/dist-packages/ai4r_interfaces/ai4r_interfaces_s__rosidl_typesupport_introspection_c.cpython-310-x86_64-linux-gnu.so
[0.284s] -- Up-to-date: /home/zekaicheong/asclinic-system/ros2_ws/install/ai4r_interfaces/local/lib/python3.10/dist-packages/ai4r_interfaces/__init__.py
[0.284s] -- Up-to-date: /home/zekaicheong/asclinic-system/ros2_ws/install/ai4r_interfaces/local/lib/python3.10/dist-packages/ai4r_interfaces/_ai4r_interfaces_s.ep.rosidl_typesupport_introspection_c.c
[0.285s] -- Up-to-date: /home/zekaicheong/asclinic-system/ros2_ws/install/ai4r_interfaces/local/lib/python3.10/dist-packages/ai4r_interfaces/_ai4r_interfaces_s.ep.rosidl_typesupport_c.c
[0.285s] -- Up-to-date: /home/zekaicheong/asclinic-system/ros2_ws/install/ai4r_interfaces/local/lib/python3.10/dist-packages/ai4r_interfaces/msg
[0.285s] -- Up-to-date: /home/zekaicheong/asclinic-system/ros2_ws/install/ai4r_interfaces/local/lib/python3.10/dist-packages/ai4r_interfaces/msg/_left_right_float32_s.c
[0.285s] -- Up-to-date: /home/zekaicheong/asclinic-system/ros2_ws/install/ai4r_interfaces/local/lib/python3.10/dist-packages/ai4r_interfaces/msg/__init__.py
[0.285s] -- Up-to-date: /home/zekaicheong/asclinic-system/ros2_ws/install/ai4r_interfaces/local/lib/python3.10/dist-packages/ai4r_interfaces/msg/_servo_pulse_width.py
[0.285s] -- Up-to-date: /home/zekaicheong/asclinic-system/ros2_ws/install/ai4r_interfaces/local/lib/python3.10/dist-packages/ai4r_interfaces/msg/_template_message_s.c
[0.285s] -- Up-to-date: /home/zekaicheong/asclinic-system/ros2_ws/install/ai4r_interfaces/local/lib/python3.10/dist-packages/ai4r_interfaces/msg/_template_message.py
[0.285s] -- Up-to-date: /home/zekaicheong/asclinic-system/ros2_ws/install/ai4r_interfaces/local/lib/python3.10/dist-packages/ai4r_interfaces/msg/_servo_pulse_width_s.c
[0.285s] -- Up-to-date: /home/zekaicheong/asclinic-system/ros2_ws/install/ai4r_interfaces/local/lib/python3.10/dist-packages/ai4r_interfaces/msg/_left_right_int32_s.c
[0.285s] -- Up-to-date: /home/zekaicheong/asclinic-system/ros2_ws/install/ai4r_interfaces/local/lib/python3.10/dist-packages/ai4r_interfaces/msg/_left_right_int32.py
[0.285s] -- Up-to-date: /home/zekaicheong/asclinic-system/ros2_ws/install/ai4r_interfaces/local/lib/python3.10/dist-packages/ai4r_interfaces/msg/_left_right_float32.py
[0.285s] -- Up-to-date: /home/zekaicheong/asclinic-system/ros2_ws/install/ai4r_interfaces/local/lib/python3.10/dist-packages/ai4r_interfaces/libai4r_interfaces__rosidl_generator_py.so
[0.285s] -- Up-to-date: /home/zekaicheong/asclinic-system/ros2_ws/install/ai4r_interfaces/local/lib/python3.10/dist-packages/ai4r_interfaces/ai4r_interfaces_s__rosidl_typesupport_c.cpython-310-x86_64-linux-gnu.so
[0.299s] Listing '/home/zekaicheong/asclinic-system/ros2_ws/install/ai4r_interfaces/local/lib/python3.10/dist-packages/ai4r_interfaces'...
[0.299s] Listing '/home/zekaicheong/asclinic-system/ros2_ws/install/ai4r_interfaces/local/lib/python3.10/dist-packages/ai4r_interfaces/msg'...
[0.302s] -- Up-to-date: /home/zekaicheong/asclinic-system/ros2_ws/install/ai4r_interfaces/local/lib/python3.10/dist-packages/ai4r_interfaces/ai4r_interfaces_s__rosidl_typesupport_fastrtps_c.cpython-310-x86_64-linux-gnu.so
[0.302s] -- Up-to-date: /home/zekaicheong/asclinic-system/ros2_ws/install/ai4r_interfaces/local/lib/python3.10/dist-packages/ai4r_interfaces/ai4r_interfaces_s__rosidl_typesupport_introspection_c.cpython-310-x86_64-linux-gnu.so
[0.302s] -- Up-to-date: /home/zekaicheong/asclinic-system/ros2_ws/install/ai4r_interfaces/local/lib/python3.10/dist-packages/ai4r_interfaces/ai4r_interfaces_s__rosidl_typesupport_c.cpython-310-x86_64-linux-gnu.so
[0.302s] -- Up-to-date: /home/zekaicheong/asclinic-system/ros2_ws/install/ai4r_interfaces/lib/libai4r_interfaces__rosidl_generator_py.so
[0.302s] -- Up-to-date: /home/zekaicheong/asclinic-system/ros2_ws/install/ai4r_interfaces/share/ai4r_interfaces/msg/LeftRightFloat32.idl
[0.302s] -- Up-to-date: /home/zekaicheong/asclinic-system/ros2_ws/install/ai4r_interfaces/share/ai4r_interfaces/msg/LeftRightInt32.idl
[0.302s] -- Up-to-date: /home/zekaicheong/asclinic-system/ros2_ws/install/ai4r_interfaces/share/ai4r_interfaces/msg/ServoPulseWidth.idl
[0.303s] -- Up-to-date: /home/zekaicheong/asclinic-system/ros2_ws/install/ai4r_interfaces/share/ai4r_interfaces/msg/TemplateMessage.idl
[0.303s] -- Up-to-date: /home/zekaicheong/asclinic-system/ros2_ws/install/ai4r_interfaces/share/ai4r_interfaces/msg/LeftRightFloat32.msg
[0.303s] -- Up-to-date: /home/zekaicheong/asclinic-system/ros2_ws/install/ai4r_interfaces/share/ai4r_interfaces/msg/LeftRightInt32.msg
[0.303s] -- Up-to-date: /home/zekaicheong/asclinic-system/ros2_ws/install/ai4r_interfaces/share/ai4r_interfaces/msg/ServoPulseWidth.msg
[0.303s] -- Up-to-date: /home/zekaicheong/asclinic-system/ros2_ws/install/ai4r_interfaces/share/ai4r_interfaces/msg/TemplateMessage.msg
[0.303s] -- Up-to-date: /home/zekaicheong/asclinic-system/ros2_ws/install/ai4r_interfaces/share/ament_index/resource_index/package_run_dependencies/ai4r_interfaces
[0.303s] -- Up-to-date: /home/zekaicheong/asclinic-system/ros2_ws/install/ai4r_interfaces/share/ament_index/resource_index/parent_prefix_path/ai4r_interfaces
[0.303s] -- Up-to-date: /home/zekaicheong/asclinic-system/ros2_ws/install/ai4r_interfaces/share/ai4r_interfaces/environment/ament_prefix_path.sh
[0.303s] -- Up-to-date: /home/zekaicheong/asclinic-system/ros2_ws/install/ai4r_interfaces/share/ai4r_interfaces/environment/ament_prefix_path.dsv
[0.303s] -- Up-to-date: /home/zekaicheong/asclinic-system/ros2_ws/install/ai4r_interfaces/share/ai4r_interfaces/environment/path.sh
[0.303s] -- Up-to-date: /home/zekaicheong/asclinic-system/ros2_ws/install/ai4r_interfaces/share/ai4r_interfaces/environment/path.dsv
[0.303s] -- Up-to-date: /home/zekaicheong/asclinic-system/ros2_ws/install/ai4r_interfaces/share/ai4r_interfaces/local_setup.bash
[0.303s] -- Up-to-date: /home/zekaicheong/asclinic-system/ros2_ws/install/ai4r_interfaces/share/ai4r_interfaces/local_setup.sh
[0.303s] -- Up-to-date: /home/zekaicheong/asclinic-system/ros2_ws/install/ai4r_interfaces/share/ai4r_interfaces/local_setup.zsh
[0.303s] -- Up-to-date: /home/zekaicheong/asclinic-system/ros2_ws/install/ai4r_interfaces/share/ai4r_interfaces/local_setup.dsv
[0.304s] -- Installing: /home/zekaicheong/asclinic-system/ros2_ws/install/ai4r_interfaces/share/ai4r_interfaces/package.dsv
[0.304s] -- Up-to-date: /home/zekaicheong/asclinic-system/ros2_ws/install/ai4r_interfaces/share/ament_index/resource_index/packages/ai4r_interfaces
[0.304s] -- Up-to-date: /home/zekaicheong/asclinic-system/ros2_ws/install/ai4r_interfaces/share/ai4r_interfaces/cmake/export_ai4r_interfaces__rosidl_generator_cExport.cmake
[0.304s] -- Up-to-date: /home/zekaicheong/asclinic-system/ros2_ws/install/ai4r_interfaces/share/ai4r_interfaces/cmake/export_ai4r_interfaces__rosidl_generator_cExport-noconfig.cmake
[0.304s] -- Up-to-date: /home/zekaicheong/asclinic-system/ros2_ws/install/ai4r_interfaces/share/ai4r_interfaces/cmake/export_ai4r_interfaces__rosidl_typesupport_fastrtps_cExport.cmake
[0.304s] -- Up-to-date: /home/zekaicheong/asclinic-system/ros2_ws/install/ai4r_interfaces/share/ai4r_interfaces/cmake/export_ai4r_interfaces__rosidl_typesupport_fastrtps_cExport-noconfig.cmake
[0.304s] -- Up-to-date: /home/zekaicheong/asclinic-system/ros2_ws/install/ai4r_interfaces/share/ai4r_interfaces/cmake/ai4r_interfaces__rosidl_typesupport_introspection_cExport.cmake
[0.304s] -- Up-to-date: /home/zekaicheong/asclinic-system/ros2_ws/install/ai4r_interfaces/share/ai4r_interfaces/cmake/ai4r_interfaces__rosidl_typesupport_introspection_cExport-noconfig.cmake
[0.304s] -- Up-to-date: /home/zekaicheong/asclinic-system/ros2_ws/install/ai4r_interfaces/share/ai4r_interfaces/cmake/ai4r_interfaces__rosidl_typesupport_cExport.cmake
[0.304s] -- Up-to-date: /home/zekaicheong/asclinic-system/ros2_ws/install/ai4r_interfaces/share/ai4r_interfaces/cmake/ai4r_interfaces__rosidl_typesupport_cExport-noconfig.cmake
[0.305s] -- Up-to-date: /home/zekaicheong/asclinic-system/ros2_ws/install/ai4r_interfaces/share/ai4r_interfaces/cmake/export_ai4r_interfaces__rosidl_generator_cppExport.cmake
[0.305s] -- Up-to-date: /home/zekaicheong/asclinic-system/ros2_ws/install/ai4r_interfaces/share/ai4r_interfaces/cmake/export_ai4r_interfaces__rosidl_typesupport_fastrtps_cppExport.cmake
[0.305s] -- Up-to-date: /home/zekaicheong/asclinic-system/ros2_ws/install/ai4r_interfaces/share/ai4r_interfaces/cmake/export_ai4r_interfaces__rosidl_typesupport_fastrtps_cppExport-noconfig.cmake
[0.305s] -- Up-to-date: /home/zekaicheong/asclinic-system/ros2_ws/install/ai4r_interfaces/share/ai4r_interfaces/cmake/ai4r_interfaces__rosidl_typesupport_introspection_cppExport.cmake
[0.306s] -- Up-to-date: /home/zekaicheong/asclinic-system/ros2_ws/install/ai4r_interfaces/share/ai4r_interfaces/cmake/ai4r_interfaces__rosidl_typesupport_introspection_cppExport-noconfig.cmake
[0.306s] -- Up-to-date: /home/zekaicheong/asclinic-system/ros2_ws/install/ai4r_interfaces/share/ai4r_interfaces/cmake/ai4r_interfaces__rosidl_typesupport_cppExport.cmake
[0.306s] -- Up-to-date: /home/zekaicheong/asclinic-system/ros2_ws/install/ai4r_interfaces/share/ai4r_interfaces/cmake/ai4r_interfaces__rosidl_typesupport_cppExport-noconfig.cmake
[0.307s] -- Up-to-date: /home/zekaicheong/asclinic-system/ros2_ws/install/ai4r_interfaces/share/ai4r_interfaces/cmake/export_ai4r_interfaces__rosidl_generator_pyExport.cmake
[0.307s] -- Up-to-date: /home/zekaicheong/asclinic-system/ros2_ws/install/ai4r_interfaces/share/ai4r_interfaces/cmake/export_ai4r_interfaces__rosidl_generator_pyExport-noconfig.cmake
[0.307s] -- Up-to-date: /home/zekaicheong/asclinic-system/ros2_ws/install/ai4r_interfaces/share/ai4r_interfaces/cmake/rosidl_cmake-extras.cmake
[0.307s] -- Up-to-date: /home/zekaicheong/asclinic-system/ros2_ws/install/ai4r_interfaces/share/ai4r_interfaces/cmake/ament_cmake_export_include_directories-extras.cmake
[0.307s] -- Up-to-date: /home/zekaicheong/asclinic-system/ros2_ws/install/ai4r_interfaces/share/ai4r_interfaces/cmake/ament_cmake_export_libraries-extras.cmake
[0.308s] -- Up-to-date: /home/zekaicheong/asclinic-system/ros2_ws/install/ai4r_interfaces/share/ai4r_interfaces/cmake/ament_cmake_export_targets-extras.cmake
[0.308s] -- Up-to-date: /home/zekaicheong/asclinic-system/ros2_ws/install/ai4r_interfaces/share/ai4r_interfaces/cmake/rosidl_cmake_export_typesupport_targets-extras.cmake
[0.308s] -- Up-to-date: /home/zekaicheong/asclinic-system/ros2_ws/install/ai4r_interfaces/share/ai4r_interfaces/cmake/ament_cmake_export_dependencies-extras.cmake
[0.308s] -- Up-to-date: /home/zekaicheong/asclinic-system/ros2_ws/install/ai4r_interfaces/share/ai4r_interfaces/cmake/rosidl_cmake_export_typesupport_libraries-extras.cmake
[0.309s] -- Up-to-date: /home/zekaicheong/asclinic-system/ros2_ws/install/ai4r_interfaces/share/ai4r_interfaces/cmake/ai4r_interfacesConfig.cmake
[0.309s] -- Up-to-date: /home/zekaicheong/asclinic-system/ros2_ws/install/ai4r_interfaces/share/ai4r_interfaces/cmake/ai4r_interfacesConfig-version.cmake
[0.309s] -- Up-to-date: /home/zekaicheong/asclinic-system/ros2_ws/install/ai4r_interfaces/share/ai4r_interfaces/package.xml
[0.309s] Invoked command in '/home/zekaicheong/asclinic-system/ros2_ws/build/ai4r_interfaces' returned '0': CMAKE_PREFIX_PATH=${CMAKE_PREFIX_PATH}:/opt/ros/humble /usr/bin/cmake --install /home/zekaicheong/asclinic-system/ros2_ws/build/ai4r_interfaces
