-- The C compiler identification is GNU 11.4.0
-- The CXX compiler identification is GNU 11.4.0
-- Detecting C compiler ABI info
-- Detecting C compiler ABI info - done
-- Check for working C compiler: /usr/bin/cc - skipped
-- Detecting C compile features
-- Detecting C compile features - done
-- Detecting CXX compiler ABI info
-- Detecting CXX compiler ABI info - done
-- Check for working CXX compiler: /usr/bin/c++ - skipped
-- Detecting CXX compile features
-- Detecting CXX compile features - done
-- Found ament_cmake: 1.3.5 (/opt/ros/humble/share/ament_cmake/cmake)
-- Found Python3: /usr/bin/python3.10 (found version "3.10.12") found components: Interpreter 
-- Found rclcpp: 16.0.5 (/opt/ros/humble/share/rclcpp/cmake)
-- Found rosidl_generator_c: 3.1.5 (/opt/ros/humble/share/rosidl_generator_c/cmake)
-- Found rosidl_adapter: 3.1.5 (/opt/ros/humble/share/rosidl_adapter/cmake)
-- Found rosidl_generator_cpp: 3.1.5 (/opt/ros/humble/share/rosidl_generator_cpp/cmake)
-- Using all available rosidl_typesupport_c: rosidl_typesupport_fastrtps_c;rosidl_typesupport_introspection_c
-- Using all available rosidl_typesupport_cpp: rosidl_typesupport_fastrtps_cpp;rosidl_typesupport_introspection_cpp
-- Found rmw_implementation_cmake: 6.1.1 (/opt/ros/humble/share/rmw_implementation_cmake/cmake)
-- Found rmw_fastrtps_cpp: 6.2.3 (/opt/ros/humble/share/rmw_fastrtps_cpp/cmake)
-- Found OpenSSL: /usr/lib/x86_64-linux-gnu/libcrypto.so (found version "3.0.2")  
-- Found FastRTPS: /opt/ros/humble/include  
-- Using RMW implementation 'rmw_fastrtps_cpp' as default
-- Looking for pthread.h
-- Looking for pthread.h - found
-- Performing Test CMAKE_HAVE_LIBC_PTHREAD
-- Performing Test CMAKE_HAVE_LIBC_PTHREAD - Success
-- Found Threads: TRUE  
-- Found rclpy: 3.3.9 (/opt/ros/humble/share/rclpy/cmake)
-- Found ai4r_interfaces: 0.0.0 (/home/zekaicheong/asclinic-system/ros2_ws/install/ai4r_interfaces/share/ai4r_interfaces/cmake)
-- Found ament_lint_auto: 0.12.7 (/opt/ros/humble/share/ament_lint_auto/cmake)
-- Added test 'cppcheck' to perform static code analysis on C / C++ code
-- Configured cppcheck include dirs: /home/zekaicheong/asclinic-system/ros2_ws/src/ai4r_pkg/include;/home/zekaicheong/asclinic-system/ros2_ws/src/ai4r_pkg/drivers/src
-- Configured cppcheck exclude dirs and/or files: 
-- Added test 'flake8' to check Python code syntax and style conventions
-- Added test 'lint_cmake' to check CMake code style
-- Added test 'pep257' to check Python code against some of the docstring style conventions in PEP 257
-- Added test 'uncrustify' to check C / C++ code style
-- Configured uncrustify additional arguments: 
-- Added test 'xmllint' to check XML markup files
-- Configuring done
-- Generating done
-- Build files have been written to: /home/zekaicheong/asclinic-system/ros2_ws/build/ai4r_pkg
[ 16%] [32mBuilding CXX object CMakeFiles/oop_cpp_executable.dir/src/oop_cpp_node.cpp.o[0m
[ 22%] [32mBuilding CXX object CMakeFiles/listener.dir/src/oop_sub_cpp_node.cpp.o[0m
[ 16%] [32mBuilding CXX object CMakeFiles/talker.dir/src/oop_pub_cpp_node.cpp.o[0m
[ 22%] [32mBuilding CXX object CMakeFiles/minimal_cpp_executable.dir/src/minimal_cpp_node.cpp.o[0m
[ 27%] [32mBuilding CXX object CMakeFiles/looping.dir/src/looping_cpp_node.cpp.o[0m
[ 38%] [32mBuilding CXX object CMakeFiles/traxxas.dir/drivers/src/pca9685/pca9685.cpp.o[0m
[ 55%] [32mBuilding CXX object CMakeFiles/servo_pulse_width_sub.dir/src/servo_pulse_width_sub_cpp_node.cpp.o[0m
[ 55%] [32mBuilding CXX object CMakeFiles/traxxas.dir/src/traxxas_node.cpp.o[0m
[ 55%] [32mBuilding CXX object CMakeFiles/traxxas.dir/drivers/src/i2c_driver/i2c_driver.cpp.o[0m
[ 55%] [32mBuilding CXX object CMakeFiles/multiple_pub_sub.dir/src/multiple_pub_sub_cpp_node.cpp.o[0m
[ 55%] Built target ament_cmake_python_copy_ai4r_pkg
running egg_info
creating ai4r_pkg.egg-info
writing ai4r_pkg.egg-info/PKG-INFO
writing dependency_links to ai4r_pkg.egg-info/dependency_links.txt
writing top-level names to ai4r_pkg.egg-info/top_level.txt
writing manifest file 'ai4r_pkg.egg-info/SOURCES.txt'
reading manifest file 'ai4r_pkg.egg-info/SOURCES.txt'
writing manifest file 'ai4r_pkg.egg-info/SOURCES.txt'
[ 55%] Built target ament_cmake_python_build_ai4r_pkg_egg
[ 61%] [32m[1mLinking CXX executable minimal_cpp_executable[0m
[ 61%] Built target minimal_cpp_executable
[ 66%] [32m[1mLinking CXX executable oop_cpp_executable[0m
[ 66%] Built target oop_cpp_executable
[ 72%] [32m[1mLinking CXX executable looping[0m
[ 72%] Built target looping
[ 77%] [32m[1mLinking CXX executable talker[0m
[ 77%] Built target talker
[ 83%] [32m[1mLinking CXX executable servo_pulse_width_sub[0m
[ 88%] [32m[1mLinking CXX executable listener[0m
[ 88%] Built target servo_pulse_width_sub
[ 88%] Built target listener
[ 94%] [32m[1mLinking CXX executable multiple_pub_sub[0m
[ 94%] Built target multiple_pub_sub
[100%] [32m[1mLinking CXX executable traxxas[0m
[100%] Built target traxxas
-- Install configuration: ""
-- Installing: /home/zekaicheong/asclinic-system/ros2_ws/install/ai4r_pkg/lib/ai4r_pkg/minimal_cpp_executable
-- Set runtime path of "/home/zekaicheong/asclinic-system/ros2_ws/install/ai4r_pkg/lib/ai4r_pkg/minimal_cpp_executable" to ""
-- Installing: /home/zekaicheong/asclinic-system/ros2_ws/install/ai4r_pkg/lib/ai4r_pkg/oop_cpp_executable
-- Set runtime path of "/home/zekaicheong/asclinic-system/ros2_ws/install/ai4r_pkg/lib/ai4r_pkg/oop_cpp_executable" to ""
-- Installing: /home/zekaicheong/asclinic-system/ros2_ws/install/ai4r_pkg/lib/ai4r_pkg/talker
-- Set runtime path of "/home/zekaicheong/asclinic-system/ros2_ws/install/ai4r_pkg/lib/ai4r_pkg/talker" to ""
-- Installing: /home/zekaicheong/asclinic-system/ros2_ws/install/ai4r_pkg/lib/ai4r_pkg/listener
-- Set runtime path of "/home/zekaicheong/asclinic-system/ros2_ws/install/ai4r_pkg/lib/ai4r_pkg/listener" to ""
-- Installing: /home/zekaicheong/asclinic-system/ros2_ws/install/ai4r_pkg/lib/ai4r_pkg/servo_pulse_width_sub
-- Set runtime path of "/home/zekaicheong/asclinic-system/ros2_ws/install/ai4r_pkg/lib/ai4r_pkg/servo_pulse_width_sub" to ""
-- Installing: /home/zekaicheong/asclinic-system/ros2_ws/install/ai4r_pkg/lib/ai4r_pkg/multiple_pub_sub
-- Set runtime path of "/home/zekaicheong/asclinic-system/ros2_ws/install/ai4r_pkg/lib/ai4r_pkg/multiple_pub_sub" to ""
-- Installing: /home/zekaicheong/asclinic-system/ros2_ws/install/ai4r_pkg/lib/ai4r_pkg/looping
-- Set runtime path of "/home/zekaicheong/asclinic-system/ros2_ws/install/ai4r_pkg/lib/ai4r_pkg/looping" to ""
-- Installing: /home/zekaicheong/asclinic-system/ros2_ws/install/ai4r_pkg/lib/ai4r_pkg/traxxas
-- Set runtime path of "/home/zekaicheong/asclinic-system/ros2_ws/install/ai4r_pkg/lib/ai4r_pkg/traxxas" to ""
-- Installing: /home/zekaicheong/asclinic-system/ros2_ws/install/ai4r_pkg/share/ai4r_pkg/environment/pythonpath.sh
-- Installing: /home/zekaicheong/asclinic-system/ros2_ws/install/ai4r_pkg/share/ai4r_pkg/environment/pythonpath.dsv
-- Installing: /home/zekaicheong/asclinic-system/ros2_ws/install/ai4r_pkg/local/lib/python3.10/dist-packages/ai4r_pkg-0.0.0-py3.10.egg-info
-- Installing: /home/zekaicheong/asclinic-system/ros2_ws/install/ai4r_pkg/local/lib/python3.10/dist-packages/ai4r_pkg-0.0.0-py3.10.egg-info/top_level.txt
-- Installing: /home/zekaicheong/asclinic-system/ros2_ws/install/ai4r_pkg/local/lib/python3.10/dist-packages/ai4r_pkg-0.0.0-py3.10.egg-info/PKG-INFO
-- Installing: /home/zekaicheong/asclinic-system/ros2_ws/install/ai4r_pkg/local/lib/python3.10/dist-packages/ai4r_pkg-0.0.0-py3.10.egg-info/dependency_links.txt
-- Installing: /home/zekaicheong/asclinic-system/ros2_ws/install/ai4r_pkg/local/lib/python3.10/dist-packages/ai4r_pkg-0.0.0-py3.10.egg-info/SOURCES.txt
-- Installing: /home/zekaicheong/asclinic-system/ros2_ws/install/ai4r_pkg/local/lib/python3.10/dist-packages/ai4r_pkg
-- Installing: /home/zekaicheong/asclinic-system/ros2_ws/install/ai4r_pkg/local/lib/python3.10/dist-packages/ai4r_pkg/__init__.py
-- Installing: /home/zekaicheong/asclinic-system/ros2_ws/install/ai4r_pkg/local/lib/python3.10/dist-packages/ai4r_pkg/module_to_import.py
Listing '/home/zekaicheong/asclinic-system/ros2_ws/install/ai4r_pkg/local/lib/python3.10/dist-packages/ai4r_pkg'...
Compiling '/home/zekaicheong/asclinic-system/ros2_ws/install/ai4r_pkg/local/lib/python3.10/dist-packages/ai4r_pkg/__init__.py'...
Compiling '/home/zekaicheong/asclinic-system/ros2_ws/install/ai4r_pkg/local/lib/python3.10/dist-packages/ai4r_pkg/module_to_import.py'...
-- Installing: /home/zekaicheong/asclinic-system/ros2_ws/install/ai4r_pkg/lib/ai4r_pkg/minimal_py_node.py
-- Installing: /home/zekaicheong/asclinic-system/ros2_ws/install/ai4r_pkg/lib/ai4r_pkg/oop_py_node.py
-- Installing: /home/zekaicheong/asclinic-system/ros2_ws/install/ai4r_pkg/lib/ai4r_pkg/oop_pub_py_node.py
-- Installing: /home/zekaicheong/asclinic-system/ros2_ws/install/ai4r_pkg/lib/ai4r_pkg/oop_sub_py_node.py
-- Installing: /home/zekaicheong/asclinic-system/ros2_ws/install/ai4r_pkg/lib/ai4r_pkg/keyboard_teleop.py
-- Installing: /home/zekaicheong/asclinic-system/ros2_ws/install/ai4r_pkg/share/ament_index/resource_index/package_run_dependencies/ai4r_pkg
-- Installing: /home/zekaicheong/asclinic-system/ros2_ws/install/ai4r_pkg/share/ament_index/resource_index/parent_prefix_path/ai4r_pkg
-- Installing: /home/zekaicheong/asclinic-system/ros2_ws/install/ai4r_pkg/share/ai4r_pkg/environment/ament_prefix_path.sh
-- Installing: /home/zekaicheong/asclinic-system/ros2_ws/install/ai4r_pkg/share/ai4r_pkg/environment/ament_prefix_path.dsv
-- Installing: /home/zekaicheong/asclinic-system/ros2_ws/install/ai4r_pkg/share/ai4r_pkg/environment/path.sh
-- Installing: /home/zekaicheong/asclinic-system/ros2_ws/install/ai4r_pkg/share/ai4r_pkg/environment/path.dsv
-- Installing: /home/zekaicheong/asclinic-system/ros2_ws/install/ai4r_pkg/share/ai4r_pkg/local_setup.bash
-- Installing: /home/zekaicheong/asclinic-system/ros2_ws/install/ai4r_pkg/share/ai4r_pkg/local_setup.sh
-- Installing: /home/zekaicheong/asclinic-system/ros2_ws/install/ai4r_pkg/share/ai4r_pkg/local_setup.zsh
-- Installing: /home/zekaicheong/asclinic-system/ros2_ws/install/ai4r_pkg/share/ai4r_pkg/local_setup.dsv
-- Installing: /home/zekaicheong/asclinic-system/ros2_ws/install/ai4r_pkg/share/ai4r_pkg/package.dsv
-- Installing: /home/zekaicheong/asclinic-system/ros2_ws/install/ai4r_pkg/share/ament_index/resource_index/packages/ai4r_pkg
-- Installing: /home/zekaicheong/asclinic-system/ros2_ws/install/ai4r_pkg/share/ai4r_pkg/cmake/ai4r_pkgConfig.cmake
-- Installing: /home/zekaicheong/asclinic-system/ros2_ws/install/ai4r_pkg/share/ai4r_pkg/cmake/ai4r_pkgConfig-version.cmake
-- Installing: /home/zekaicheong/asclinic-system/ros2_ws/install/ai4r_pkg/share/ai4r_pkg/package.xml
