[0.008s] Invoking command in '/home/zekaicheong/asclinic-system/ros2_ws/build/ai4r_pkg': CMAKE_PREFIX_PATH=${CMAKE_PREFIX_PATH}:/opt/ros/humble /usr/bin/cmake --build /home/zekaicheong/asclinic-system/ros2_ws/build/ai4r_pkg -- -j16 -l16
[0.020s] -- Found ament_cmake: 1.3.5 (/opt/ros/humble/share/ament_cmake/cmake)
[0.105s] -- Found rclcpp: 16.0.5 (/opt/ros/humble/share/rclcpp/cmake)
[0.120s] -- Found rosidl_generator_c: 3.1.5 (/opt/ros/humble/share/rosidl_generator_c/cmake)
[0.122s] -- Found rosidl_adapter: 3.1.5 (/opt/ros/humble/share/rosidl_adapter/cmake)
[0.125s] -- Found rosidl_generator_cpp: 3.1.5 (/opt/ros/humble/share/rosidl_generator_cpp/cmake)
[0.131s] -- Using all available rosidl_typesupport_c: rosidl_typesupport_fastrtps_c;rosidl_typesupport_introspection_c
[0.139s] -- Using all available rosidl_typesupport_cpp: rosidl_typesupport_fastrtps_cpp;rosidl_typesupport_introspection_cpp
[0.169s] -- Found rmw_implementation_cmake: 6.1.1 (/opt/ros/humble/share/rmw_implementation_cmake/cmake)
[0.170s] -- Found rmw_fastrtps_cpp: 6.2.3 (/opt/ros/humble/share/rmw_fastrtps_cpp/cmake)
[0.230s] -- Using RMW implementation 'rmw_fastrtps_cpp' as default
[0.314s] -- Found rclpy: 3.3.9 (/opt/ros/humble/share/rclpy/cmake)
[0.349s] [31mCMake Error at CMakeLists.txt:45 (project):
[0.349s]   project PROJECT called with incorrect number of arguments
[0.349s] 
[0.349s] [0m
[0.349s] -- Found ament_lint_auto: 0.12.7 (/opt/ros/humble/share/ament_lint_auto/cmake)
[0.394s] -- Added test 'cppcheck' to perform static code analysis on C / C++ code
[0.394s] -- Configured cppcheck include dirs: /home/zekaicheong/asclinic-system/ros2_ws/src/ai4r_pkg/include;/home/zekaicheong/asclinic-system/ros2_ws/src/ai4r_pkg/drivers/src
[0.394s] -- Configured cppcheck exclude dirs and/or files: 
[0.394s] -- Added test 'flake8' to check Python code syntax and style conventions
[0.395s] -- Added test 'lint_cmake' to check CMake code style
[0.395s] -- Added test 'pep257' to check Python code against some of the docstring style conventions in PEP 257
[0.396s] -- Added test 'uncrustify' to check C / C++ code style
[0.396s] -- Configured uncrustify additional arguments: 
[0.396s] -- Added test 'xmllint' to check XML markup files
[0.396s] -- Configuring incomplete, errors occurred!
[0.396s] See also "/home/zekaicheong/asclinic-system/ros2_ws/build/ai4r_pkg/CMakeFiles/CMakeOutput.log".
[0.401s] gmake: *** [Makefile:336: cmake_check_build_system] Error 1
[0.402s] Invoked command in '/home/zekaicheong/asclinic-system/ros2_ws/build/ai4r_pkg' returned '2': CMAKE_PREFIX_PATH=${CMAKE_PREFIX_PATH}:/opt/ros/humble /usr/bin/cmake --build /home/zekaicheong/asclinic-system/ros2_ws/build/ai4r_pkg -- -j16 -l16
