-- Found ament_cmake: 1.3.5 (/opt/ros/humble/share/ament_cmake/cmake)
-- Found rclcpp: 16.0.5 (/opt/ros/humble/share/rclcpp/cmake)
-- Found rosidl_generator_c: 3.1.5 (/opt/ros/humble/share/rosidl_generator_c/cmake)
-- Found rosidl_adapter: 3.1.5 (/opt/ros/humble/share/rosidl_adapter/cmake)
-- Found rosidl_generator_cpp: 3.1.5 (/opt/ros/humble/share/rosidl_generator_cpp/cmake)
-- Using all available rosidl_typesupport_c: rosidl_typesupport_fastrtps_c;rosidl_typesupport_introspection_c
-- Using all available rosidl_typesupport_cpp: rosidl_typesupport_fastrtps_cpp;rosidl_typesupport_introspection_cpp
-- Found rmw_implementation_cmake: 6.1.1 (/opt/ros/humble/share/rmw_implementation_cmake/cmake)
-- Found rmw_fastrtps_cpp: 6.2.3 (/opt/ros/humble/share/rmw_fastrtps_cpp/cmake)
-- Using RMW implementation 'rmw_fastrtps_cpp' as default
-- Found rclpy: 3.3.9 (/opt/ros/humble/share/rclpy/cmake)
-- Found ai4r_interfaces: 0.0.0 (/home/zekaicheong/asclinic-system/ros2_ws/install/ai4r_interfaces/share/ai4r_interfaces/cmake)
-- Found ament_lint_auto: 0.12.7 (/opt/ros/humble/share/ament_lint_auto/cmake)
-- Added test 'cppcheck' to perform static code analysis on C / C++ code
-- Configured cppcheck include dirs: /home/zekaicheong/asclinic-system/ros2_ws/src/ai4r_pkg/include;/home/zekaicheong/asclinic-system/ros2_ws/src/ai4r_pkg/ai4r_pkg/drivers/src
-- Configured cppcheck exclude dirs and/or files: 
-- Added test 'flake8' to check Python code syntax and style conventions
-- Added test 'lint_cmake' to check CMake code style
-- Added test 'pep257' to check Python code against some of the docstring style conventions in PEP 257
-- Added test 'uncrustify' to check C / C++ code style
-- Configured uncrustify additional arguments: 
-- Added test 'xmllint' to check XML markup files
-- Configuring done
-- Generating done
-- Build files have been written to: /home/zekaicheong/asclinic-system/ros2_ws/build/ai4r_pkg
[35m[1mConsolidate compiler generated dependencies of target talker[0m
[35m[1mConsolidate compiler generated dependencies of target oop_cpp_executable[0m
[35m[1mConsolidate compiler generated dependencies of target minimal_cpp_executable[0m
[35m[1mConsolidate compiler generated dependencies of target listener[0m
[35m[1mConsolidate compiler generated dependencies of target servo_pulse_width_sub[0m
[35m[1mConsolidate compiler generated dependencies of target looping[0m
[35m[1mConsolidate compiler generated dependencies of target multiple_pub_sub[0m
[35m[1mConsolidate compiler generated dependencies of target pwm_driver[0m
[ 25%] [32mBuilding CXX object CMakeFiles/listener.dir/src/oop_sub_cpp_node.cpp.o[0m
[ 25%] [32mBuilding CXX object CMakeFiles/talker.dir/src/oop_pub_cpp_node.cpp.o[0m
[ 25%] [32mBuilding CXX object CMakeFiles/minimal_cpp_executable.dir/src/minimal_cpp_node.cpp.o[0m
[ 25%] [32mBuilding CXX object CMakeFiles/oop_cpp_executable.dir/src/oop_cpp_node.cpp.o[0m
[ 50%] [32mBuilding CXX object CMakeFiles/looping.dir/src/looping_cpp_node.cpp.o[0m
[ 50%] [32mBuilding CXX object CMakeFiles/multiple_pub_sub.dir/src/multiple_pub_sub_cpp_node.cpp.o[0m
[ 50%] Built target ament_cmake_python_copy_ai4r_pkg
[ 50%] [32mBuilding CXX object CMakeFiles/servo_pulse_width_sub.dir/src/servo_pulse_width_sub_cpp_node.cpp.o[0m
[ 50%] [32mBuilding CXX object CMakeFiles/pwm_driver.dir/src/pwm_driver_node.cpp.o[0m
In file included from [01m[K/home/zekaicheong/asclinic-system/ros2_ws/src/ai4r_pkg/src/pwm_driver_node.cpp:1[m[K:
[01m[K/home/zekaicheong/asclinic-system/ros2_ws/src/ai4r_pkg/include/ai4r_pkg/pwm_driver_node.hpp:16:10:[m[K [01;31m[Kfatal error: [m[Ki2c_driver/i2c_driver.h: No such file or directory
   16 | #include [01;31m[K"i2c_driver/i2c_driver.h"[m[K
      |          [01;31m[K^~~~~~~~~~~~~~~~~~~~~~~~~[m[K
compilation terminated.
gmake[2]: *** [CMakeFiles/pwm_driver.dir/build.make:76: CMakeFiles/pwm_driver.dir/src/pwm_driver_node.cpp.o] Error 1
gmake[1]: *** [CMakeFiles/Makefile2:336: CMakeFiles/pwm_driver.dir/all] Error 2
gmake[1]: *** Waiting for unfinished jobs....
[01m[K/home/zekaicheong/asclinic-system/ros2_ws/src/ai4r_pkg/src/minimal_cpp_node.cpp:8:10:[m[K [01;31m[Kfatal error: [m[Ki2c_driver/i2c_driver.h: No such file or directory
    8 | #include [01;31m[K"i2c_driver/i2c_driver.h"[m[K
      |          [01;31m[K^~~~~~~~~~~~~~~~~~~~~~~~~[m[K
compilation terminated.
gmake[2]: *** [CMakeFiles/minimal_cpp_executable.dir/build.make:76: CMakeFiles/minimal_cpp_executable.dir/src/minimal_cpp_node.cpp.o] Error 1
gmake[1]: *** [CMakeFiles/Makefile2:154: CMakeFiles/minimal_cpp_executable.dir/all] Error 2
[01m[K/home/zekaicheong/asclinic-system/ros2_ws/src/ai4r_pkg/src/oop_cpp_node.cpp:7:10:[m[K [01;31m[Kfatal error: [m[Ki2c_driver/i2c_driver.h: No such file or directory
    7 | #include [01;31m[K"i2c_driver/i2c_driver.h"[m[K
      |          [01;31m[K^~~~~~~~~~~~~~~~~~~~~~~~~[m[K
compilation terminated.
gmake[2]: *** [CMakeFiles/oop_cpp_executable.dir/build.make:76: CMakeFiles/oop_cpp_executable.dir/src/oop_cpp_node.cpp.o] Error 1
gmake[1]: *** [CMakeFiles/Makefile2:180: CMakeFiles/oop_cpp_executable.dir/all] Error 2
running egg_info
writing ai4r_pkg.egg-info/PKG-INFO
writing dependency_links to ai4r_pkg.egg-info/dependency_links.txt
writing top-level names to ai4r_pkg.egg-info/top_level.txt
reading manifest file 'ai4r_pkg.egg-info/SOURCES.txt'
writing manifest file 'ai4r_pkg.egg-info/SOURCES.txt'
[ 50%] Built target ament_cmake_python_build_ai4r_pkg_egg
[ 56%] [32m[1mLinking CXX executable talker[0m
[ 56%] Built target talker
[ 62%] [32m[1mLinking CXX executable looping[0m
[ 62%] Built target looping
[ 68%] [32m[1mLinking CXX executable servo_pulse_width_sub[0m
[ 75%] [32m[1mLinking CXX executable listener[0m
[ 75%] Built target servo_pulse_width_sub
[ 75%] Built target listener
[ 81%] [32m[1mLinking CXX executable multiple_pub_sub[0m
[ 81%] Built target multiple_pub_sub
gmake: *** [Makefile:146: all] Error 2
