[0.007s] Invoking command in '/home/zekaicheong/asclinic-system/ros2_ws/build/ai4r_pkg': CMAKE_PREFIX_PATH=/home/zekaicheong/asclinic-system/ros2_ws/install/ai4r_interfaces:/home/zekaicheong/asclinic-system/ros2_ws/install/ai4r_pkg:/opt/ros/humble CONDA_PROMPT_MODIFIER=(base) /usr/bin/cmake --build /home/zekaicheong/asclinic-system/ros2_ws/build/ai4r_pkg -- -j16 -l16
[0.026s] -- Found ament_cmake: 1.3.5 (/opt/ros/humble/share/ament_cmake/cmake)
[0.108s] -- Found rclcpp: 16.0.5 (/opt/ros/humble/share/rclcpp/cmake)
[0.124s] -- Found rosidl_generator_c: 3.1.5 (/opt/ros/humble/share/rosidl_generator_c/cmake)
[0.126s] -- Found rosidl_adapter: 3.1.5 (/opt/ros/humble/share/rosidl_adapter/cmake)
[0.129s] -- Found rosidl_generator_cpp: 3.1.5 (/opt/ros/humble/share/rosidl_generator_cpp/cmake)
[0.135s] -- Using all available rosidl_typesupport_c: rosidl_typesupport_fastrtps_c;rosidl_typesupport_introspection_c
[0.143s] -- Using all available rosidl_typesupport_cpp: rosidl_typesupport_fastrtps_cpp;rosidl_typesupport_introspection_cpp
[0.174s] -- Found rmw_implementation_cmake: 6.1.1 (/opt/ros/humble/share/rmw_implementation_cmake/cmake)
[0.175s] -- Found rmw_fastrtps_cpp: 6.2.3 (/opt/ros/humble/share/rmw_fastrtps_cpp/cmake)
[0.241s] -- Using RMW implementation 'rmw_fastrtps_cpp' as default
[0.325s] -- Found rclpy: 3.3.9 (/opt/ros/humble/share/rclpy/cmake)
[0.326s] -- Found ai4r_interfaces: 0.0.0 (/home/zekaicheong/asclinic-system/ros2_ws/install/ai4r_interfaces/share/ai4r_interfaces/cmake)
[0.373s] -- Found ament_lint_auto: 0.12.7 (/opt/ros/humble/share/ament_lint_auto/cmake)
[0.411s] -- Added test 'cppcheck' to perform static code analysis on C / C++ code
[0.411s] -- Configured cppcheck include dirs: /home/zekaicheong/asclinic-system/ros2_ws/src/ai4r_pkg/include;/home/zekaicheong/asclinic-system/ros2_ws/src/ai4r_pkg/drivers/src
[0.411s] -- Configured cppcheck exclude dirs and/or files: 
[0.411s] -- Added test 'flake8' to check Python code syntax and style conventions
[0.412s] -- Added test 'lint_cmake' to check CMake code style
[0.412s] -- Added test 'pep257' to check Python code against some of the docstring style conventions in PEP 257
[0.413s] -- Added test 'uncrustify' to check C / C++ code style
[0.413s] -- Configured uncrustify additional arguments: 
[0.413s] -- Added test 'xmllint' to check XML markup files
[0.414s] -- Configuring done
[0.429s] -- Generating done
[0.430s] -- Build files have been written to: /home/zekaicheong/asclinic-system/ros2_ws/build/ai4r_pkg
[0.446s] [35m[1mConsolidate compiler generated dependencies of target talker[0m
[0.447s] [35m[1mConsolidate compiler generated dependencies of target minimal_cpp_executable[0m
[0.447s] [35m[1mConsolidate compiler generated dependencies of target oop_cpp_executable[0m
[0.447s] [35m[1mConsolidate compiler generated dependencies of target pwm_driver[0m
[0.448s] [35m[1mConsolidate compiler generated dependencies of target listener[0m
[0.449s] [35m[1mConsolidate compiler generated dependencies of target servo_pulse_width_sub[0m
[0.449s] [35m[1mConsolidate compiler generated dependencies of target multiple_pub_sub[0m
[0.457s] [ 31%] Built target talker
[0.457s] [ 37%] [32mBuilding CXX object CMakeFiles/looping.dir/src/looping_cpp_node.cpp.o[0m
[0.457s] [ 43%] Built target minimal_cpp_executable
[0.457s] [ 43%] Built target oop_cpp_executable
[0.460s] [ 50%] [32mBuilding CXX object CMakeFiles/pwm_driver.dir/src/pwm_driver_node.cpp.o[0m
[0.461s] [ 56%] Built target ament_cmake_python_copy_ai4r_pkg
[0.462s] [ 68%] Built target listener
[0.462s] [ 75%] Built target multiple_pub_sub
[0.463s] [ 81%] [32mBuilding CXX object CMakeFiles/servo_pulse_width_sub.dir/src/servo_pulse_width_sub_cpp_node.cpp.o[0m
[0.466s] [01m[K/home/zekaicheong/asclinic-system/ros2_ws/src/ai4r_pkg/src/pwm_driver_node.cpp:4:30:[m[K [01;31m[Kerror: [m[K‘[01m[Krclcpp[m[K’ has not been declared
[0.466s]     4 | class PwmDriverNode : public [01;31m[Krclcpp[m[K::Node
[0.466s]       |                              [01;31m[K^~~~~~[m[K
[0.466s] [01m[K/home/zekaicheong/asclinic-system/ros2_ws/src/ai4r_pkg/src/pwm_driver_node.cpp:4:38:[m[K [01;31m[Kerror: [m[Kexpected ‘[01m[K{[m[K’ before ‘[01m[KNode[m[K’
[0.466s]     4 | class PwmDriverNode : public rclcpp::[01;31m[KNode[m[K
[0.466s]       |                                      [01;31m[K^~~~[m[K
[0.466s] [01m[K/home/zekaicheong/asclinic-system/ros2_ws/src/ai4r_pkg/src/pwm_driver_node.cpp:6:5:[m[K [01;31m[Kerror: [m[Kexpected primary-expression before ‘[01m[Kpublic[m[K’
[0.466s]     6 |     [01;31m[Kpublic[m[K:
[0.466s]       |     [01;31m[K^~~~~~[m[K
[0.466s] [01m[K/home/zekaicheong/asclinic-system/ros2_ws/src/ai4r_pkg/src/pwm_driver_node.cpp:6:5:[m[K [01;31m[Kerror: [m[Kexpected ‘[01m[K}[m[K’ before ‘[01m[Kpublic[m[K’
[0.467s] [01m[K/home/zekaicheong/asclinic-system/ros2_ws/src/ai4r_pkg/src/pwm_driver_node.cpp:5:1:[m[K [01;36m[Knote: [m[Kto match this ‘[01m[K{[m[K’
[0.467s]     5 | [01;36m[K{[m[K
[0.467s]       | [01;36m[K^[m[K
[0.467s] [01m[K/home/zekaicheong/asclinic-system/ros2_ws/src/ai4r_pkg/src/pwm_driver_node.cpp:24:5:[m[K [01;31m[Kerror: [m[Kexpected unqualified-id before ‘[01m[Kprivate[m[K’
[0.467s]    24 |     [01;31m[Kprivate[m[K:
[0.467s]       |     [01;31m[K^~~~~~~[m[K
[0.467s] [01m[K/home/zekaicheong/asclinic-system/ros2_ws/src/ai4r_pkg/src/pwm_driver_node.cpp:36:35:[m[K [01;31m[Kerror: [m[K‘[01m[Kstd_msgs[m[K’ does not name a type
[0.467s]    36 |         void topic2Callback(const [01;31m[Kstd_msgs[m[K::msg::UInt16 & msg) {
[0.467s]       |                                   [01;31m[K^~~~~~~~[m[K
[0.467s] [01m[K/home/zekaicheong/asclinic-system/ros2_ws/src/ai4r_pkg/src/pwm_driver_node.cpp:36:48:[m[K [01;31m[Kerror: [m[Kexpected unqualified-id before ‘[01m[K::[m[K’ token
[0.467s]    36 |         void topic2Callback(const std_msgs::msg[01;31m[K::[m[KUInt16 & msg) {
[0.467s]       |                                                [01;31m[K^~[m[K
[0.467s] [01m[K/home/zekaicheong/asclinic-system/ros2_ws/src/ai4r_pkg/src/pwm_driver_node.cpp:36:48:[m[K [01;31m[Kerror: [m[Kexpected ‘[01m[K)[m[K’ before ‘[01m[K::[m[K’ token
[0.467s]    36 |         void topic2Callback[34m[K([m[Kconst std_msgs::msg[01;31m[K:[m[K[32m[K:[m[KUInt16 & msg) {
[0.467s]       |                            [34m[K~[m[K                   [01;31m[K^[m[K[32m[K~[m[K
[0.468s]       |                                                [32m[K)[m[K
[0.468s] [01m[K/home/zekaicheong/asclinic-system/ros2_ws/src/ai4r_pkg/src/pwm_driver_node.cpp:36:48:[m[K [01;31m[Kerror: [m[Kexpected initializer before ‘[01m[K::[m[K’ token
[0.468s]    36 |         void topic2Callback(const std_msgs::msg[01;31m[K::[m[KUInt16 & msg) {
[0.468s]       |                                                [01;31m[K^~[m[K
[0.468s] [01m[K/home/zekaicheong/asclinic-system/ros2_ws/src/ai4r_pkg/src/pwm_driver_node.cpp:45:9:[m[K [01;31m[Kerror: [m[K‘[01m[Krclcpp[m[K’ does not name a type
[0.468s]    45 |         [01;31m[Krclcpp[m[K::Subscription<ai4r_interfaces::msg::ServoPulseWidth>::SharedPtr topic1_sub_;
[0.468s]       |         [01;31m[K^~~~~~[m[K
[0.468s] [01m[K/home/zekaicheong/asclinic-system/ros2_ws/src/ai4r_pkg/src/pwm_driver_node.cpp:46:9:[m[K [01;31m[Kerror: [m[K‘[01m[Krclcpp[m[K’ does not name a type
[0.468s]    46 |         [01;31m[Krclcpp[m[K::Subscription<std_msgs::msg::UInt16>::SharedPtr topic2_sub_;
[0.468s]       |         [01;31m[K^~~~~~[m[K
[0.468s] [01m[K/home/zekaicheong/asclinic-system/ros2_ws/src/ai4r_pkg/src/pwm_driver_node.cpp:47:9:[m[K [01;31m[Kerror: [m[K‘[01m[Krclcpp[m[K’ does not name a type
[0.468s]    47 |         [01;31m[Krclcpp[m[K::Publisher<ai4r_interfaces::msg::ServoPulseWidth>::SharedPtr topic3_pub_;
[0.468s]       |         [01;31m[K^~~~~~[m[K
[0.468s] [01m[K/home/zekaicheong/asclinic-system/ros2_ws/src/ai4r_pkg/src/pwm_driver_node.cpp:48:9:[m[K [01;31m[Kerror: [m[K‘[01m[Krclcpp[m[K’ does not name a type
[0.468s]    48 |         [01;31m[Krclcpp[m[K::Publisher<std_msgs::msg::UInt16>::SharedPtr topic4_pub_;
[0.468s]       |         [01;31m[K^~~~~~[m[K
[0.468s] [01m[K/home/zekaicheong/asclinic-system/ros2_ws/src/ai4r_pkg/src/pwm_driver_node.cpp:49:1:[m[K [01;31m[Kerror: [m[Kexpected declaration before ‘[01m[K}[m[K’ token
[0.468s]    49 | [01;31m[K}[m[K;
[0.469s]       | [01;31m[K^[m[K
[0.469s] [01m[K/home/zekaicheong/asclinic-system/ros2_ws/src/ai4r_pkg/src/pwm_driver_node.cpp:[m[K In function ‘[01m[Kint main(int, char**)[m[K’:
[0.469s] [01m[K/home/zekaicheong/asclinic-system/ros2_ws/src/ai4r_pkg/src/pwm_driver_node.cpp:53:5:[m[K [01;31m[Kerror: [m[K‘[01m[Krclcpp[m[K’ has not been declared
[0.469s]    53 |     [01;31m[Krclcpp[m[K::init(argc, argv);
[0.469s]       |     [01;31m[K^~~~~~[m[K
[0.469s] [01m[K/home/zekaicheong/asclinic-system/ros2_ws/src/ai4r_pkg/src/pwm_driver_node.cpp:54:22:[m[K [01;31m[Kerror: [m[K‘[01m[Kmake_shared[m[K’ is not a member of ‘[01m[Kstd[m[K’
[0.469s]    54 |     auto node = std::[01;31m[Kmake_shared[m[K<PwmDriverNode>();
[0.469s]       |                      [01;31m[K^~~~~~~~~~~[m[K
[0.469s] [01m[K/home/zekaicheong/asclinic-system/ros2_ws/src/ai4r_pkg/src/pwm_driver_node.cpp:3:1:[m[K [01;36m[Knote: [m[K‘[01m[Kstd::make_shared[m[K’ is defined in header ‘[01m[K<memory>[m[K’; did you forget to ‘[01m[K#include <memory>[m[K’?
[0.469s]     2 | #include "ai4r_pkg/topic_names.hpp"
[0.469s]   +++ |+[32m[K#include <memory>[m[K
[0.469s]     3 | 
[0.469s] [01m[K/home/zekaicheong/asclinic-system/ros2_ws/src/ai4r_pkg/src/pwm_driver_node.cpp:54:47:[m[K [01;31m[Kerror: [m[Kexpected primary-expression before ‘[01m[K>[m[K’ token
[0.469s]    54 |     auto node = std::make_shared<PwmDriverNode[01;31m[K>[m[K();
[0.469s]       |                                               [01;31m[K^[m[K
[0.469s] [01m[K/home/zekaicheong/asclinic-system/ros2_ws/src/ai4r_pkg/src/pwm_driver_node.cpp:54:49:[m[K [01;31m[Kerror: [m[Kexpected primary-expression before ‘[01m[K)[m[K’ token
[0.469s]    54 |     auto node = std::make_shared<PwmDriverNode>([01;31m[K)[m[K;
[0.470s]       |                                                 [01;31m[K^[m[K
[0.470s] [01m[K/home/zekaicheong/asclinic-system/ros2_ws/src/ai4r_pkg/src/pwm_driver_node.cpp:55:5:[m[K [01;31m[Kerror: [m[K‘[01m[Krclcpp[m[K’ has not been declared
[0.470s]    55 |     [01;31m[Krclcpp[m[K::spin(node);
[0.470s]       |     [01;31m[K^~~~~~[m[K
[0.470s] [01m[K/home/zekaicheong/asclinic-system/ros2_ws/src/ai4r_pkg/src/pwm_driver_node.cpp:56:5:[m[K [01;31m[Kerror: [m[K‘[01m[Krclcpp[m[K’ has not been declared
[0.470s]    56 |     [01;31m[Krclcpp[m[K::shutdown();
[0.470s]       |     [01;31m[K^~~~~~[m[K
[0.470s] gmake[2]: *** [CMakeFiles/pwm_driver.dir/build.make:76: CMakeFiles/pwm_driver.dir/src/pwm_driver_node.cpp.o] Error 1
[0.470s] gmake[1]: *** [CMakeFiles/Makefile2:336: CMakeFiles/pwm_driver.dir/all] Error 2
[0.470s] gmake[1]: *** Waiting for unfinished jobs....
[0.612s] running egg_info
[0.613s] writing ai4r_pkg.egg-info/PKG-INFO
[0.613s] writing dependency_links to ai4r_pkg.egg-info/dependency_links.txt
[0.613s] writing top-level names to ai4r_pkg.egg-info/top_level.txt
[0.615s] reading manifest file 'ai4r_pkg.egg-info/SOURCES.txt'
[0.615s] writing manifest file 'ai4r_pkg.egg-info/SOURCES.txt'
[0.637s] [ 81%] Built target ament_cmake_python_build_ai4r_pkg_egg
[1.875s] [01m[K/home/zekaicheong/asclinic-system/ros2_ws/src/ai4r_pkg/src/looping_cpp_node.cpp:[m[K In member function ‘[01m[Kvoid Ros2PublisherNode::run()[m[K’:
[1.875s] [01m[K/home/zekaicheong/asclinic-system/ros2_ws/src/ai4r_pkg/src/looping_cpp_node.cpp:16:32:[m[K [01;31m[Kerror: [m[Kno matching function for call to ‘[01m[Krclcpp::Publisher<std_msgs::msg::String_<std::allocator<void> > >::publish(std::shared_ptr<std_msgs::msg::String_<std::allocator<void> > >&)[m[K’
[1.875s]    16 |             [01;31m[Kpublisher_->publish(msg)[m[K;
[1.875s]       |             [01;31m[K~~~~~~~~~~~~~~~~~~~^~~~~[m[K
[1.876s] In file included from [01m[K/opt/ros/humble/include/rclcpp/rclcpp/topic_statistics/subscription_topic_statistics.hpp:31[m[K,
[1.876s]                  from [01m[K/opt/ros/humble/include/rclcpp/rclcpp/subscription.hpp:50[m[K,
[1.876s]                  from [01m[K/opt/ros/humble/include/rclcpp/rclcpp/any_executable.hpp:25[m[K,
[1.877s]                  from [01m[K/opt/ros/humble/include/rclcpp/rclcpp/memory_strategy.hpp:25[m[K,
[1.877s]                  from [01m[K/opt/ros/humble/include/rclcpp/rclcpp/memory_strategies.hpp:18[m[K,
[1.877s]                  from [01m[K/opt/ros/humble/include/rclcpp/rclcpp/executor_options.hpp:20[m[K,
[1.877s]                  from [01m[K/opt/ros/humble/include/rclcpp/rclcpp/executor.hpp:37[m[K,
[1.877s]                  from [01m[K/opt/ros/humble/include/rclcpp/rclcpp/executors/multi_threaded_executor.hpp:25[m[K,
[1.877s]                  from [01m[K/opt/ros/humble/include/rclcpp/rclcpp/executors.hpp:21[m[K,
[1.877s]                  from [01m[K/opt/ros/humble/include/rclcpp/rclcpp/rclcpp.hpp:155[m[K,
[1.877s]                  from [01m[K/home/zekaicheong/asclinic-system/ros2_ws/src/ai4r_pkg/src/looping_cpp_node.cpp:1[m[K:
[1.877s] [01m[K/opt/ros/humble/include/rclcpp/rclcpp/publisher.hpp:251:3:[m[K [01;36m[Knote: [m[Kcandidate: ‘[01m[Ktemplate<class T> std::enable_if_t<(rosidl_generator_traits::is_message<T>::value && std::is_same<T, typename rclcpp::TypeAdapter<MessageT>::ros_message_type>::value)> rclcpp::Publisher<MessageT, AllocatorT>::publish(std::unique_ptr<T, typename std::conditional<std::is_same<typename std::allocator_traits<typename std::allocator_traits<_Allocator>::rebind_traits<typename rclcpp::TypeAdapter<MessageT, void, void>::ros_message_type>::allocator_type>::rebind_alloc<typename rclcpp::TypeAdapter<MessageT, void, void>::ros_message_type>, std::allocator<typename rclcpp::TypeAdapter<MessageT>::ros_message_type> >::value, std::default_delete<typename rclcpp::TypeAdapter<MessageT>::ros_message_type>, rclcpp::allocator::AllocatorDeleter<typename std::allocator_traits<_Allocator>::rebind_traits<typename rclcpp::TypeAdapter<MessageT, void, void>::ros_message_type>::allocator_type> >::type>) [with T = T; MessageT = std_msgs::msg::String_<std::allocator<void> >; AllocatorT = std::allocator<void>][m[K’
[1.877s]   251 |   [01;36m[Kpublish[m[K(std::unique_ptr<T, ROSMessageTypeDeleter> msg)
[1.877s]       |   [01;36m[K^~~~~~~[m[K
[1.877s] [01m[K/opt/ros/humble/include/rclcpp/rclcpp/publisher.hpp:251:3:[m[K [01;36m[Knote: [m[K  template argument deduction/substitution failed:
[1.877s] [01m[K/home/zekaicheong/asclinic-system/ros2_ws/src/ai4r_pkg/src/looping_cpp_node.cpp:16:32:[m[K [01;36m[Knote: [m[K  ‘[01m[Kstd::shared_ptr<std_msgs::msg::String_<std::allocator<void> > >[m[K’ is not derived from ‘[01m[Kstd::unique_ptr<T, std::default_delete<std_msgs::msg::String_<std::allocator<void> > > >[m[K’
[1.877s]    16 |             [01;36m[Kpublisher_->publish(msg)[m[K;
[1.877s]       |             [01;36m[K~~~~~~~~~~~~~~~~~~~^~~~~[m[K
[1.878s] In file included from [01m[K/opt/ros/humble/include/rclcpp/rclcpp/topic_statistics/subscription_topic_statistics.hpp:31[m[K,
[1.878s]                  from [01m[K/opt/ros/humble/include/rclcpp/rclcpp/subscription.hpp:50[m[K,
[1.878s]                  from [01m[K/opt/ros/humble/include/rclcpp/rclcpp/any_executable.hpp:25[m[K,
[1.878s]                  from [01m[K/opt/ros/humble/include/rclcpp/rclcpp/memory_strategy.hpp:25[m[K,
[1.878s]                  from [01m[K/opt/ros/humble/include/rclcpp/rclcpp/memory_strategies.hpp:18[m[K,
[1.878s]                  from [01m[K/opt/ros/humble/include/rclcpp/rclcpp/executor_options.hpp:20[m[K,
[1.878s]                  from [01m[K/opt/ros/humble/include/rclcpp/rclcpp/executor.hpp:37[m[K,
[1.878s]                  from [01m[K/opt/ros/humble/include/rclcpp/rclcpp/executors/multi_threaded_executor.hpp:25[m[K,
[1.878s]                  from [01m[K/opt/ros/humble/include/rclcpp/rclcpp/executors.hpp:21[m[K,
[1.878s]                  from [01m[K/opt/ros/humble/include/rclcpp/rclcpp/rclcpp.hpp:155[m[K,
[1.878s]                  from [01m[K/home/zekaicheong/asclinic-system/ros2_ws/src/ai4r_pkg/src/looping_cpp_node.cpp:1[m[K:
[1.878s] [01m[K/opt/ros/humble/include/rclcpp/rclcpp/publisher.hpp:292:3:[m[K [01;36m[Knote: [m[Kcandidate: ‘[01m[Ktemplate<class T> std::enable_if_t<(rosidl_generator_traits::is_message<T>::value && std::is_same<T, typename rclcpp::TypeAdapter<MessageT>::ros_message_type>::value)> rclcpp::Publisher<MessageT, AllocatorT>::publish(const T&) [with T = T; MessageT = std_msgs::msg::String_<std::allocator<void> >; AllocatorT = std::allocator<void>][m[K’
[1.878s]   292 |   [01;36m[Kpublish[m[K(const T & msg)
[1.878s]       |   [01;36m[K^~~~~~~[m[K
[1.878s] [01m[K/opt/ros/humble/include/rclcpp/rclcpp/publisher.hpp:292:3:[m[K [01;36m[Knote: [m[K  template argument deduction/substitution failed:
[1.878s] In file included from [01m[K/usr/include/c++/11/bits/move.h:57[m[K,
[1.878s]                  from [01m[K/usr/include/c++/11/bits/stl_pair.h:59[m[K,
[1.879s]                  from [01m[K/usr/include/c++/11/bits/stl_algobase.h:64[m[K,
[1.879s]                  from [01m[K/usr/include/c++/11/memory:63[m[K,
[1.879s]                  from [01m[K/opt/ros/humble/include/rclcpp/rclcpp/rclcpp.hpp:153[m[K,
[1.879s]                  from [01m[K/home/zekaicheong/asclinic-system/ros2_ws/src/ai4r_pkg/src/looping_cpp_node.cpp:1[m[K:
[1.879s] /usr/include/c++/11/type_traits: In substitution of ‘[01m[Ktemplate<bool _Cond, class _Tp> using enable_if_t = typename std::enable_if::type [with bool _Cond = false; _Tp = void][m[K’:
[1.879s] [01m[K/opt/ros/humble/include/rclcpp/rclcpp/publisher.hpp:292:3:[m[K   required by substitution of ‘[01m[Ktemplate<class T> std::enable_if_t<(rosidl_generator_traits::is_message<T>::value && std::is_same<T, std_msgs::msg::String_<std::allocator<void> > >::value), void> rclcpp::Publisher<std_msgs::msg::String_<std::allocator<void> > >::publish<T>(const T&) [with T = std::shared_ptr<std_msgs::msg::String_<std::allocator<void> > >][m[K’
[1.879s] [01m[K/home/zekaicheong/asclinic-system/ros2_ws/src/ai4r_pkg/src/looping_cpp_node.cpp:16:32:[m[K   required from here
[1.879s] [01m[K/usr/include/c++/11/type_traits:2585:11:[m[K [01;31m[Kerror: [m[Kno type named ‘[01m[Ktype[m[K’ in ‘[01m[Kstruct std::enable_if<false, void>[m[K’
[1.879s]  2585 |     using [01;31m[Kenable_if_t[m[K = typename enable_if<_Cond, _Tp>::type;
[1.879s]       |           [01;31m[K^~~~~~~~~~~[m[K
[1.879s] In file included from [01m[K/opt/ros/humble/include/rclcpp/rclcpp/topic_statistics/subscription_topic_statistics.hpp:31[m[K,
[1.879s]                  from [01m[K/opt/ros/humble/include/rclcpp/rclcpp/subscription.hpp:50[m[K,
[1.879s]                  from [01m[K/opt/ros/humble/include/rclcpp/rclcpp/any_executable.hpp:25[m[K,
[1.879s]                  from [01m[K/opt/ros/humble/include/rclcpp/rclcpp/memory_strategy.hpp:25[m[K,
[1.879s]                  from [01m[K/opt/ros/humble/include/rclcpp/rclcpp/memory_strategies.hpp:18[m[K,
[1.879s]                  from [01m[K/opt/ros/humble/include/rclcpp/rclcpp/executor_options.hpp:20[m[K,
[1.879s]                  from [01m[K/opt/ros/humble/include/rclcpp/rclcpp/executor.hpp:37[m[K,
[1.879s]                  from [01m[K/opt/ros/humble/include/rclcpp/rclcpp/executors/multi_threaded_executor.hpp:25[m[K,
[1.880s]                  from [01m[K/opt/ros/humble/include/rclcpp/rclcpp/executors.hpp:21[m[K,
[1.880s]                  from [01m[K/opt/ros/humble/include/rclcpp/rclcpp/rclcpp.hpp:155[m[K,
[1.880s]                  from [01m[K/home/zekaicheong/asclinic-system/ros2_ws/src/ai4r_pkg/src/looping_cpp_node.cpp:1[m[K:
[1.880s] [01m[K/opt/ros/humble/include/rclcpp/rclcpp/publisher.hpp:322:3:[m[K [01;36m[Knote: [m[Kcandidate: ‘[01m[Ktemplate<class T> std::enable_if_t<(typename rclcpp::TypeAdapter<MessageT>::is_specialized::value && std::is_same<T, typename rclcpp::TypeAdapter<MessageT>::custom_type>::value)> rclcpp::Publisher<MessageT, AllocatorT>::publish(std::unique_ptr<T, typename std::conditional<std::is_same<typename std::allocator_traits<typename std::allocator_traits<_Allocator>::rebind_traits<typename rclcpp::TypeAdapter<MessageT, void, void>::custom_type>::allocator_type>::rebind_alloc<typename rclcpp::TypeAdapter<MessageT, void, void>::custom_type>, std::allocator<typename rclcpp::TypeAdapter<MessageT>::custom_type> >::value, std::default_delete<typename rclcpp::TypeAdapter<MessageT>::custom_type>, rclcpp::allocator::AllocatorDeleter<typename std::allocator_traits<_Allocator>::rebind_traits<typename rclcpp::TypeAdapter<MessageT, void, void>::custom_type>::allocator_type> >::type>) [with T = T; MessageT = std_msgs::msg::String_<std::allocator<void> >; AllocatorT = std::allocator<void>][m[K’
[1.880s]   322 |   [01;36m[Kpublish[m[K(std::unique_ptr<T, PublishedTypeDeleter> msg)
[1.880s]       |   [01;36m[K^~~~~~~[m[K
[1.880s] [01m[K/opt/ros/humble/include/rclcpp/rclcpp/publisher.hpp:322:3:[m[K [01;36m[Knote: [m[K  template argument deduction/substitution failed:
[1.880s] [01m[K/home/zekaicheong/asclinic-system/ros2_ws/src/ai4r_pkg/src/looping_cpp_node.cpp:16:32:[m[K [01;36m[Knote: [m[K  ‘[01m[Kstd::shared_ptr<std_msgs::msg::String_<std::allocator<void> > >[m[K’ is not derived from ‘[01m[Kstd::unique_ptr<T, std::default_delete<std_msgs::msg::String_<std::allocator<void> > > >[m[K’
[1.880s]    16 |             [01;36m[Kpublisher_->publish(msg)[m[K;
[1.880s]       |             [01;36m[K~~~~~~~~~~~~~~~~~~~^~~~~[m[K
[1.880s] In file included from [01m[K/opt/ros/humble/include/rclcpp/rclcpp/topic_statistics/subscription_topic_statistics.hpp:31[m[K,
[1.880s]                  from [01m[K/opt/ros/humble/include/rclcpp/rclcpp/subscription.hpp:50[m[K,
[1.880s]                  from [01m[K/opt/ros/humble/include/rclcpp/rclcpp/any_executable.hpp:25[m[K,
[1.880s]                  from [01m[K/opt/ros/humble/include/rclcpp/rclcpp/memory_strategy.hpp:25[m[K,
[1.880s]                  from [01m[K/opt/ros/humble/include/rclcpp/rclcpp/memory_strategies.hpp:18[m[K,
[1.880s]                  from [01m[K/opt/ros/humble/include/rclcpp/rclcpp/executor_options.hpp:20[m[K,
[1.880s]                  from [01m[K/opt/ros/humble/include/rclcpp/rclcpp/executor.hpp:37[m[K,
[1.881s]                  from [01m[K/opt/ros/humble/include/rclcpp/rclcpp/executors/multi_threaded_executor.hpp:25[m[K,
[1.881s]                  from [01m[K/opt/ros/humble/include/rclcpp/rclcpp/executors.hpp:21[m[K,
[1.881s]                  from [01m[K/opt/ros/humble/include/rclcpp/rclcpp/rclcpp.hpp:155[m[K,
[1.881s]                  from [01m[K/home/zekaicheong/asclinic-system/ros2_ws/src/ai4r_pkg/src/looping_cpp_node.cpp:1[m[K:
[1.881s] [01m[K/opt/ros/humble/include/rclcpp/rclcpp/publisher.hpp:364:3:[m[K [01;36m[Knote: [m[Kcandidate: ‘[01m[Ktemplate<class T> std::enable_if_t<(typename rclcpp::TypeAdapter<MessageT>::is_specialized::value && std::is_same<T, typename rclcpp::TypeAdapter<MessageT>::custom_type>::value)> rclcpp::Publisher<MessageT, AllocatorT>::publish(const T&) [with T = T; MessageT = std_msgs::msg::String_<std::allocator<void> >; AllocatorT = std::allocator<void>][m[K’
[1.881s]   364 |   [01;36m[Kpublish[m[K(const T & msg)
[1.881s]       |   [01;36m[K^~~~~~~[m[K
[1.881s] [01m[K/opt/ros/humble/include/rclcpp/rclcpp/publisher.hpp:364:3:[m[K [01;36m[Knote: [m[K  template argument deduction/substitution failed:
[1.881s] [01m[K/opt/ros/humble/include/rclcpp/rclcpp/publisher.hpp:383:3:[m[K [01;36m[Knote: [m[Kcandidate: ‘[01m[Kvoid rclcpp::Publisher<MessageT, AllocatorT>::publish(const rcl_serialized_message_t&) [with MessageT = std_msgs::msg::String_<std::allocator<void> >; AllocatorT = std::allocator<void>; rcl_serialized_message_t = rcutils_uint8_array_s][m[K’
[1.881s]   383 |   [01;36m[Kpublish[m[K(const rcl_serialized_message_t & serialized_msg)
[1.881s]       |   [01;36m[K^~~~~~~[m[K
[1.881s] [01m[K/opt/ros/humble/include/rclcpp/rclcpp/publisher.hpp:383:44:[m[K [01;36m[Knote: [m[K  no known conversion for argument 1 from ‘[01m[Kstd::shared_ptr<std_msgs::msg::String_<std::allocator<void> > >[m[K’ to ‘[01m[Kconst rcl_serialized_message_t&[m[K’ {aka ‘[01m[Kconst rcutils_uint8_array_s&[m[K’}
[1.881s]   383 |   publish([01;36m[Kconst rcl_serialized_message_t & serialized_msg[m[K)
[1.881s]       |           [01;36m[K~~~~~~~~~~~~~~~~~~~~~~~~~~~~~~~~~^~~~~~~~~~~~~~[m[K
[1.881s] [01m[K/opt/ros/humble/include/rclcpp/rclcpp/publisher.hpp:389:3:[m[K [01;36m[Knote: [m[Kcandidate: ‘[01m[Kvoid rclcpp::Publisher<MessageT, AllocatorT>::publish(const rclcpp::SerializedMessage&) [with MessageT = std_msgs::msg::String_<std::allocator<void> >; AllocatorT = std::allocator<void>][m[K’
[1.882s]   389 |   [01;36m[Kpublish[m[K(const SerializedMessage & serialized_msg)
[1.882s]       |   [01;36m[K^~~~~~~[m[K
[1.882s] [01m[K/opt/ros/humble/include/rclcpp/rclcpp/publisher.hpp:389:37:[m[K [01;36m[Knote: [m[K  no known conversion for argument 1 from ‘[01m[Kstd::shared_ptr<std_msgs::msg::String_<std::allocator<void> > >[m[K’ to ‘[01m[Kconst rclcpp::SerializedMessage&[m[K’
[1.882s]   389 |   publish([01;36m[Kconst SerializedMessage & serialized_msg[m[K)
[1.882s]       |           [01;36m[K~~~~~~~~~~~~~~~~~~~~~~~~~~^~~~~~~~~~~~~~[m[K
[1.882s] [01m[K/opt/ros/humble/include/rclcpp/rclcpp/publisher.hpp:403:3:[m[K [01;36m[Knote: [m[Kcandidate: ‘[01m[Kvoid rclcpp::Publisher<MessageT, AllocatorT>::publish(rclcpp::LoanedMessage<typename rclcpp::TypeAdapter<MessageT>::ros_message_type, AllocatorT>&&) [with MessageT = std_msgs::msg::String_<std::allocator<void> >; AllocatorT = std::allocator<void>; typename rclcpp::TypeAdapter<MessageT>::ros_message_type = std_msgs::msg::String_<std::allocator<void> >][m[K’
[1.882s]   403 |   [01;36m[Kpublish[m[K(rclcpp::LoanedMessage<ROSMessageType, AllocatorT> && loaned_msg)
[1.882s]       |   [01;36m[K^~~~~~~[m[K
[1.882s] [01m[K/opt/ros/humble/include/rclcpp/rclcpp/publisher.hpp:403:64:[m[K [01;36m[Knote: [m[K  no known conversion for argument 1 from ‘[01m[Kstd::shared_ptr<std_msgs::msg::String_<std::allocator<void> > >[m[K’ to ‘[01m[Krclcpp::LoanedMessage<std_msgs::msg::String_<std::allocator<void> >, std::allocator<void> >&&[m[K’
[1.882s]   403 |   publish([01;36m[Krclcpp::LoanedMessage<ROSMessageType, AllocatorT> && loaned_msg[m[K)
[1.882s]       |           [01;36m[K~~~~~~~~~~~~~~~~~~~~~~~~~~~~~~~~~~~~~~~~~~~~~~~~~~~~~^~~~~~~~~~[m[K
[1.882s] [01m[K/home/zekaicheong/asclinic-system/ros2_ws/src/ai4r_pkg/src/looping_cpp_node.cpp:17:30:[m[K [01;31m[Kerror: [m[Kno matching function for call to ‘[01m[Kspin_some(Ros2PublisherNode*)[m[K’
[1.882s]    17 |             [01;31m[Krclcpp::spin_some(this)[m[K;
[1.882s]       |             [01;31m[K~~~~~~~~~~~~~~~~~^~~~~~[m[K
[1.882s] In file included from [01m[K/opt/ros/humble/include/rclcpp/rclcpp/rclcpp.hpp:155[m[K,
[1.882s]                  from [01m[K/home/zekaicheong/asclinic-system/ros2_ws/src/ai4r_pkg/src/looping_cpp_node.cpp:1[m[K:
[1.882s] [01m[K/opt/ros/humble/include/rclcpp/rclcpp/executors.hpp:35:1:[m[K [01;36m[Knote: [m[Kcandidate: ‘[01m[Kvoid rclcpp::spin_some(rclcpp::node_interfaces::NodeBaseInterface::SharedPtr)[m[K’
[1.883s]    35 | [01;36m[Kspin_some[m[K(rclcpp::node_interfaces::NodeBaseInterface::SharedPtr node_ptr);
[1.883s]       | [01;36m[K^~~~~~~~~[m[K
[1.883s] [01m[K/opt/ros/humble/include/rclcpp/rclcpp/executors.hpp:35:65:[m[K [01;36m[Knote: [m[K  no known conversion for argument 1 from ‘[01m[KRos2PublisherNode*[m[K’ to ‘[01m[Krclcpp::node_interfaces::NodeBaseInterface::SharedPtr[m[K’ {aka ‘[01m[Kstd::shared_ptr<rclcpp::node_interfaces::NodeBaseInterface>[m[K’}
[1.883s]    35 | spin_some([01;36m[Krclcpp::node_interfaces::NodeBaseInterface::SharedPtr node_ptr[m[K);
[1.883s]       |           [01;36m[K~~~~~~~~~~~~~~~~~~~~~~~~~~~~~~~~~~~~~~~~~~~~~~~~~~~~~~^~~~~~~~[m[K
[1.883s] [01m[K/opt/ros/humble/include/rclcpp/rclcpp/executors.hpp:39:1:[m[K [01;36m[Knote: [m[Kcandidate: ‘[01m[Kvoid rclcpp::spin_some(rclcpp::Node::SharedPtr)[m[K’
[1.883s]    39 | [01;36m[Kspin_some[m[K(rclcpp::Node::SharedPtr node_ptr);
[1.883s]       | [01;36m[K^~~~~~~~~[m[K
[1.883s] [01m[K/opt/ros/humble/include/rclcpp/rclcpp/executors.hpp:39:35:[m[K [01;36m[Knote: [m[K  no known conversion for argument 1 from ‘[01m[KRos2PublisherNode*[m[K’ to ‘[01m[Krclcpp::Node::SharedPtr[m[K’ {aka ‘[01m[Kstd::shared_ptr<rclcpp::Node>[m[K’}
[1.883s]    39 | spin_some([01;36m[Krclcpp::Node::SharedPtr node_ptr[m[K);
[1.883s]       |           [01;36m[K~~~~~~~~~~~~~~~~~~~~~~~~^~~~~~~~[m[K
[2.308s] gmake[2]: *** [CMakeFiles/looping.dir/build.make:76: CMakeFiles/looping.dir/src/looping_cpp_node.cpp.o] Error 1
[2.308s] gmake[1]: *** [CMakeFiles/Makefile2:310: CMakeFiles/looping.dir/all] Error 2
[5.197s] [ 87%] [32m[1mLinking CXX executable servo_pulse_width_sub[0m
[5.408s] [ 87%] Built target servo_pulse_width_sub
[5.409s] gmake: *** [Makefile:146: all] Error 2
[5.411s] Invoked command in '/home/zekaicheong/asclinic-system/ros2_ws/build/ai4r_pkg' returned '2': CMAKE_PREFIX_PATH=/home/zekaicheong/asclinic-system/ros2_ws/install/ai4r_interfaces:/home/zekaicheong/asclinic-system/ros2_ws/install/ai4r_pkg:/opt/ros/humble CONDA_PROMPT_MODIFIER=(base) /usr/bin/cmake --build /home/zekaicheong/asclinic-system/ros2_ws/build/ai4r_pkg -- -j16 -l16
