[0.005s] Invoking command in '/home/zekaicheong/asclinic-system/ros2_ws/build/ai4r_pkg': CMAKE_PREFIX_PATH=${CMAKE_PREFIX_PATH}:/opt/ros/humble /usr/bin/cmake /home/zekaicheong/asclinic-system/ros2_ws/src/ai4r_pkg -DCMAKE_INSTALL_PREFIX=/home/zekaicheong/asclinic-system/ros2_ws/install/ai4r_pkg
[0.035s] -- The C compiler identification is GNU 11.3.0
[0.068s] -- The CXX compiler identification is GNU 11.3.0
[0.073s] -- Detecting C compiler ABI info
[0.108s] -- Detecting C compiler ABI info - done
[0.113s] -- Check for working C compiler: /usr/bin/cc - skipped
[0.113s] -- Detecting C compile features
[0.113s] -- Detecting C compile features - done
[0.115s] -- Detecting CXX compiler ABI info
[0.158s] -- Detecting CXX compiler ABI info - done
[0.163s] -- Check for working CXX compiler: /usr/bin/c++ - skipped
[0.163s] -- Detecting CXX compile features
[0.163s] -- Detecting CXX compile features - done
[0.164s] -- Found ament_cmake: 1.3.5 (/opt/ros/humble/share/ament_cmake/cmake)
[0.256s] -- Found Python3: /usr/bin/python3.10 (found version "3.10.6") found components: Interpreter 
[0.302s] -- Found rclcpp: 16.0.5 (/opt/ros/humble/share/rclcpp/cmake)
[0.328s] -- Found rosidl_generator_c: 3.1.5 (/opt/ros/humble/share/rosidl_generator_c/cmake)
[0.330s] -- Found rosidl_adapter: 3.1.5 (/opt/ros/humble/share/rosidl_adapter/cmake)
[0.336s] -- Found rosidl_generator_cpp: 3.1.5 (/opt/ros/humble/share/rosidl_generator_cpp/cmake)
[0.343s] -- Using all available rosidl_typesupport_c: rosidl_typesupport_fastrtps_c;rosidl_typesupport_introspection_c
[0.356s] -- Using all available rosidl_typesupport_cpp: rosidl_typesupport_fastrtps_cpp;rosidl_typesupport_introspection_cpp
[0.395s] -- Found rmw_implementation_cmake: 6.1.1 (/opt/ros/humble/share/rmw_implementation_cmake/cmake)
[0.396s] -- Found rmw_fastrtps_cpp: 6.2.3 (/opt/ros/humble/share/rmw_fastrtps_cpp/cmake)
[0.447s] -- Found OpenSSL: /usr/lib/x86_64-linux-gnu/libcrypto.so (found version "3.0.2")  
[0.463s] -- Found FastRTPS: /opt/ros/humble/include  
[0.487s] -- Using RMW implementation 'rmw_fastrtps_cpp' as default
[0.491s] -- Looking for pthread.h
[0.528s] -- Looking for pthread.h - found
[0.528s] -- Performing Test CMAKE_HAVE_LIBC_PTHREAD
[0.568s] -- Performing Test CMAKE_HAVE_LIBC_PTHREAD - Success
[0.569s] -- Found Threads: TRUE  
[0.655s] -- Found rclpy: 3.3.9 (/opt/ros/humble/share/rclpy/cmake)
[0.655s] -- Found ai4r_interfaces: 0.0.0 (/home/zekaicheong/asclinic-system/ros2_ws/install/ai4r_interfaces/share/ai4r_interfaces/cmake)
[0.719s] -- Found ament_lint_auto: 0.12.7 (/opt/ros/humble/share/ament_lint_auto/cmake)
[0.770s] -- Added test 'cppcheck' to perform static code analysis on C / C++ code
[0.770s] -- Configured cppcheck include dirs: /home/zekaicheong/asclinic-system/ros2_ws/src/ai4r_pkg/include;/home/zekaicheong/asclinic-system/ros2_ws/src/ai4r_pkg/drivers/src
[0.770s] -- Configured cppcheck exclude dirs and/or files: 
[0.771s] -- Added test 'flake8' to check Python code syntax and style conventions
[0.771s] -- Added test 'lint_cmake' to check CMake code style
[0.771s] -- Added test 'pep257' to check Python code against some of the docstring style conventions in PEP 257
[0.773s] -- Added test 'uncrustify' to check C / C++ code style
[0.773s] -- Configured uncrustify additional arguments: 
[0.773s] -- Added test 'xmllint' to check XML markup files
[0.773s] -- Configuring done
[0.783s] -- Generating done
[0.784s] -- Build files have been written to: /home/zekaicheong/asclinic-system/ros2_ws/build/ai4r_pkg
[0.791s] Invoked command in '/home/zekaicheong/asclinic-system/ros2_ws/build/ai4r_pkg' returned '0': CMAKE_PREFIX_PATH=${CMAKE_PREFIX_PATH}:/opt/ros/humble /usr/bin/cmake /home/zekaicheong/asclinic-system/ros2_ws/src/ai4r_pkg -DCMAKE_INSTALL_PREFIX=/home/zekaicheong/asclinic-system/ros2_ws/install/ai4r_pkg
[0.791s] Invoking command in '/home/zekaicheong/asclinic-system/ros2_ws/build/ai4r_pkg': CMAKE_PREFIX_PATH=${CMAKE_PREFIX_PATH}:/opt/ros/humble /usr/bin/cmake --build /home/zekaicheong/asclinic-system/ros2_ws/build/ai4r_pkg -- -j16 -l16
[0.817s] [ 40%] [32mBuilding CXX object CMakeFiles/oop_cpp_executable.dir/src/oop_cpp_node.cpp.o[0m
[0.817s] [ 40%] [32mBuilding CXX object CMakeFiles/talker.dir/src/oop_pub_cpp_node.cpp.o[0m
[0.817s] [ 40%] [32mBuilding CXX object CMakeFiles/minimal_cpp_executable.dir/src/minimal_cpp_node.cpp.o[0m
[0.817s] [ 40%] [32mBuilding CXX object CMakeFiles/listener.dir/src/oop_sub_cpp_node.cpp.o[0m
[0.822s] [ 50%] [32mBuilding CXX object CMakeFiles/servo_pulse_width_sub.dir/src/servo_pulse_width_sub_cpp_node.cpp.o[0m
[0.828s] [ 50%] Built target ament_cmake_python_copy_ai4r_pkg
[0.953s] In file included from [01m[K/home/zekaicheong/asclinic-system/ros2_ws/src/ai4r_pkg/src/minimal_cpp_node.cpp:8[m[K:
[0.953s] [01m[K/home/zekaicheong/asclinic-system/ros2_ws/src/ai4r_pkg/drivers/src/i2c_driver/i2c_driver.h:10:1:[m[K [01;35m[Kwarning: [m[Kmulti-line comment [[01;35m[K]8;;https://gcc.gnu.org/onlinedocs/gcc/Warning-Options.html#index-Wcomment-Wcomment]8;;[m[K]
[0.953s]    10 | [01;35m[K/[m[K/   / _ \ \___ \| |   | | |  _ \| |/ __|___\___ \| | | / __| __/ _ \  _   _ \
[0.953s]       | [01;35m[K^[m[K
[0.989s] In file included from [01m[K/home/zekaicheong/asclinic-system/ros2_ws/src/ai4r_pkg/src/oop_cpp_node.cpp:7[m[K:
[0.989s] [01m[K/home/zekaicheong/asclinic-system/ros2_ws/src/ai4r_pkg/drivers/src/i2c_driver/i2c_driver.h:10:1:[m[K [01;35m[Kwarning: [m[Kmulti-line comment [[01;35m[K]8;;https://gcc.gnu.org/onlinedocs/gcc/Warning-Options.html#index-Wcomment-Wcomment]8;;[m[K]
[0.989s]    10 | [01;35m[K/[m[K/   / _ \ \___ \| |   | | |  _ \| |/ __|___\___ \| | | / __| __/ _ \  _   _ \
[0.989s]       | [01;35m[K^[m[K
[0.997s] running egg_info
[0.997s] creating ai4r_pkg.egg-info
[0.997s] writing ai4r_pkg.egg-info/PKG-INFO
[0.998s] writing dependency_links to ai4r_pkg.egg-info/dependency_links.txt
[0.998s] writing top-level names to ai4r_pkg.egg-info/top_level.txt
[0.998s] writing manifest file 'ai4r_pkg.egg-info/SOURCES.txt'
[0.999s] reading manifest file 'ai4r_pkg.egg-info/SOURCES.txt'
[1.000s] writing manifest file 'ai4r_pkg.egg-info/SOURCES.txt'
[1.031s] [01m[K/home/zekaicheong/asclinic-system/ros2_ws/src/ai4r_pkg/src/servo_pulse_width_sub_cpp_node.cpp:5:10:[m[K [01;31m[Kfatal error: [m[Kai4r_interfaces/msg/ServoPulseWidth.hpp: No such file or directory
[1.032s]     5 | #include [01;31m[K"ai4r_interfaces/msg/ServoPulseWidth.hpp"[m[K                                       // CHANGE
[1.032s]       |          [01;31m[K^~~~~~~~~~~~~~~~~~~~~~~~~~~~~~~~~~~~~~~~~[m[K
[1.032s] compilation terminated.
[1.034s] gmake[2]: *** [CMakeFiles/servo_pulse_width_sub.dir/build.make:76: CMakeFiles/servo_pulse_width_sub.dir/src/servo_pulse_width_sub_cpp_node.cpp.o] Error 1
[1.034s] gmake[1]: *** [CMakeFiles/Makefile2:252: CMakeFiles/servo_pulse_width_sub.dir/all] Error 2
[1.034s] gmake[1]: *** Waiting for unfinished jobs....
[1.037s] [ 50%] Built target ament_cmake_python_build_ai4r_pkg_egg
[2.781s] [ 60%] [32m[1mLinking CXX executable minimal_cpp_executable[0m
[2.851s] [ 60%] Built target minimal_cpp_executable
[2.886s] [ 70%] [32m[1mLinking CXX executable oop_cpp_executable[0m
[2.961s] [ 70%] Built target oop_cpp_executable
[3.572s] [ 80%] [32m[1mLinking CXX executable talker[0m
[3.678s] [ 80%] Built target talker
[5.545s] [ 90%] [32m[1mLinking CXX executable listener[0m
[5.738s] [ 90%] Built target listener
[5.739s] gmake: *** [Makefile:146: all] Error 2
[5.741s] Invoked command in '/home/zekaicheong/asclinic-system/ros2_ws/build/ai4r_pkg' returned '2': CMAKE_PREFIX_PATH=${CMAKE_PREFIX_PATH}:/opt/ros/humble /usr/bin/cmake --build /home/zekaicheong/asclinic-system/ros2_ws/build/ai4r_pkg -- -j16 -l16
