[0.008s] Invoking command in '/home/zekaicheong/asclinic-system/ros2_ws/build/ai4r_pkg': CMAKE_PREFIX_PATH=${CMAKE_PREFIX_PATH}:/opt/ros/humble /usr/bin/cmake --build /home/zekaicheong/asclinic-system/ros2_ws/build/ai4r_pkg -- -j16 -l16
[0.024s] -- Found ament_cmake: 1.3.5 (/opt/ros/humble/share/ament_cmake/cmake)
[0.104s] -- Found rclcpp: 16.0.5 (/opt/ros/humble/share/rclcpp/cmake)
[0.120s] -- Found rosidl_generator_c: 3.1.5 (/opt/ros/humble/share/rosidl_generator_c/cmake)
[0.121s] -- Found rosidl_adapter: 3.1.5 (/opt/ros/humble/share/rosidl_adapter/cmake)
[0.124s] -- Found rosidl_generator_cpp: 3.1.5 (/opt/ros/humble/share/rosidl_generator_cpp/cmake)
[0.130s] -- Using all available rosidl_typesupport_c: rosidl_typesupport_fastrtps_c;rosidl_typesupport_introspection_c
[0.138s] -- Using all available rosidl_typesupport_cpp: rosidl_typesupport_fastrtps_cpp;rosidl_typesupport_introspection_cpp
[0.169s] -- Found rmw_implementation_cmake: 6.1.1 (/opt/ros/humble/share/rmw_implementation_cmake/cmake)
[0.169s] -- Found rmw_fastrtps_cpp: 6.2.3 (/opt/ros/humble/share/rmw_fastrtps_cpp/cmake)
[0.229s] -- Using RMW implementation 'rmw_fastrtps_cpp' as default
[0.313s] -- Found rclpy: 3.3.9 (/opt/ros/humble/share/rclpy/cmake)
[0.347s] -- Found ament_lint_auto: 0.12.7 (/opt/ros/humble/share/ament_lint_auto/cmake)
[0.389s] -- Added test 'cppcheck' to perform static code analysis on C / C++ code
[0.389s] -- Configured cppcheck include dirs: /home/zekaicheong/asclinic-system/ros2_ws/src/ai4r_pkg/include;/home/zekaicheong/asclinic-system/ros2_ws/src/ai4r_pkg/drivers/src
[0.389s] -- Configured cppcheck exclude dirs and/or files: 
[0.390s] -- Added test 'flake8' to check Python code syntax and style conventions
[0.390s] -- Added test 'lint_cmake' to check CMake code style
[0.390s] -- Added test 'pep257' to check Python code against some of the docstring style conventions in PEP 257
[0.391s] -- Added test 'uncrustify' to check C / C++ code style
[0.391s] -- Configured uncrustify additional arguments: 
[0.391s] -- Added test 'xmllint' to check XML markup files
[0.392s] -- Configuring done
[0.399s] -- Generating done
[0.400s] -- Build files have been written to: /home/zekaicheong/asclinic-system/ros2_ws/build/ai4r_pkg
[0.416s] [35m[1mConsolidate compiler generated dependencies of target oop_cpp_executable[0m
[0.417s] [35m[1mConsolidate compiler generated dependencies of target minimal_cpp_executable[0m
[0.425s] [  0%] Built target ament_cmake_python_copy_ai4r_pkg
[0.426s] [100%] Built target minimal_cpp_executable
[0.426s] [100%] Built target oop_cpp_executable
[0.556s] running egg_info
[0.557s] writing ai4r_pkg.egg-info/PKG-INFO
[0.557s] writing dependency_links to ai4r_pkg.egg-info/dependency_links.txt
[0.557s] writing top-level names to ai4r_pkg.egg-info/top_level.txt
[0.558s] reading manifest file 'ai4r_pkg.egg-info/SOURCES.txt'
[0.559s] writing manifest file 'ai4r_pkg.egg-info/SOURCES.txt'
[0.580s] [100%] Built target ament_cmake_python_build_ai4r_pkg_egg
[0.587s] Invoked command in '/home/zekaicheong/asclinic-system/ros2_ws/build/ai4r_pkg' returned '0': CMAKE_PREFIX_PATH=${CMAKE_PREFIX_PATH}:/opt/ros/humble /usr/bin/cmake --build /home/zekaicheong/asclinic-system/ros2_ws/build/ai4r_pkg -- -j16 -l16
[0.609s] Invoking command in '/home/zekaicheong/asclinic-system/ros2_ws/build/ai4r_pkg': CMAKE_PREFIX_PATH=${CMAKE_PREFIX_PATH}:/opt/ros/humble /usr/bin/cmake --install /home/zekaicheong/asclinic-system/ros2_ws/build/ai4r_pkg
[0.614s] -- Install configuration: ""
[0.614s] -- Up-to-date: /home/zekaicheong/asclinic-system/ros2_ws/install/ai4r_pkg/lib/ai4r_pkg/minimal_cpp_executable
[0.614s] -- Up-to-date: /home/zekaicheong/asclinic-system/ros2_ws/install/ai4r_pkg/lib/ai4r_pkg/oop_cpp_executable
[0.614s] -- Up-to-date: /home/zekaicheong/asclinic-system/ros2_ws/install/ai4r_pkg/share/ai4r_pkg/environment/pythonpath.sh
[0.614s] -- Installing: /home/zekaicheong/asclinic-system/ros2_ws/install/ai4r_pkg/share/ai4r_pkg/environment/pythonpath.dsv
[0.614s] -- Up-to-date: /home/zekaicheong/asclinic-system/ros2_ws/install/ai4r_pkg/local/lib/python3.10/dist-packages/ai4r_pkg-0.0.0-py3.10.egg-info
[0.614s] -- Installing: /home/zekaicheong/asclinic-system/ros2_ws/install/ai4r_pkg/local/lib/python3.10/dist-packages/ai4r_pkg-0.0.0-py3.10.egg-info/top_level.txt
[0.614s] -- Installing: /home/zekaicheong/asclinic-system/ros2_ws/install/ai4r_pkg/local/lib/python3.10/dist-packages/ai4r_pkg-0.0.0-py3.10.egg-info/PKG-INFO
[0.614s] -- Installing: /home/zekaicheong/asclinic-system/ros2_ws/install/ai4r_pkg/local/lib/python3.10/dist-packages/ai4r_pkg-0.0.0-py3.10.egg-info/dependency_links.txt
[0.614s] -- Installing: /home/zekaicheong/asclinic-system/ros2_ws/install/ai4r_pkg/local/lib/python3.10/dist-packages/ai4r_pkg-0.0.0-py3.10.egg-info/SOURCES.txt
[0.614s] -- Up-to-date: /home/zekaicheong/asclinic-system/ros2_ws/install/ai4r_pkg/local/lib/python3.10/dist-packages/ai4r_pkg
[0.614s] -- Up-to-date: /home/zekaicheong/asclinic-system/ros2_ws/install/ai4r_pkg/local/lib/python3.10/dist-packages/ai4r_pkg/__init__.py
[0.614s] -- Up-to-date: /home/zekaicheong/asclinic-system/ros2_ws/install/ai4r_pkg/local/lib/python3.10/dist-packages/ai4r_pkg/module_to_import.py
[0.634s] Listing '/home/zekaicheong/asclinic-system/ros2_ws/install/ai4r_pkg/local/lib/python3.10/dist-packages/ai4r_pkg'...
[0.636s] -- Up-to-date: /home/zekaicheong/asclinic-system/ros2_ws/install/ai4r_pkg/lib/ai4r_pkg/minimal_py_node.py
[0.636s] -- Up-to-date: /home/zekaicheong/asclinic-system/ros2_ws/install/ai4r_pkg/lib/ai4r_pkg/oop_py_node.py
[0.637s] -- Installing: /home/zekaicheong/asclinic-system/ros2_ws/install/ai4r_pkg/lib/ai4r_pkg/oop_pub_py_node.py
[0.637s] -- Installing: /home/zekaicheong/asclinic-system/ros2_ws/install/ai4r_pkg/share/ament_index/resource_index/package_run_dependencies/ai4r_pkg
[0.637s] -- Up-to-date: /home/zekaicheong/asclinic-system/ros2_ws/install/ai4r_pkg/share/ament_index/resource_index/parent_prefix_path/ai4r_pkg
[0.637s] -- Up-to-date: /home/zekaicheong/asclinic-system/ros2_ws/install/ai4r_pkg/share/ai4r_pkg/environment/ament_prefix_path.sh
[0.637s] -- Installing: /home/zekaicheong/asclinic-system/ros2_ws/install/ai4r_pkg/share/ai4r_pkg/environment/ament_prefix_path.dsv
[0.637s] -- Up-to-date: /home/zekaicheong/asclinic-system/ros2_ws/install/ai4r_pkg/share/ai4r_pkg/environment/path.sh
[0.637s] -- Installing: /home/zekaicheong/asclinic-system/ros2_ws/install/ai4r_pkg/share/ai4r_pkg/environment/path.dsv
[0.637s] -- Up-to-date: /home/zekaicheong/asclinic-system/ros2_ws/install/ai4r_pkg/share/ai4r_pkg/local_setup.bash
[0.637s] -- Up-to-date: /home/zekaicheong/asclinic-system/ros2_ws/install/ai4r_pkg/share/ai4r_pkg/local_setup.sh
[0.637s] -- Up-to-date: /home/zekaicheong/asclinic-system/ros2_ws/install/ai4r_pkg/share/ai4r_pkg/local_setup.zsh
[0.637s] -- Installing: /home/zekaicheong/asclinic-system/ros2_ws/install/ai4r_pkg/share/ai4r_pkg/local_setup.dsv
[0.637s] -- Installing: /home/zekaicheong/asclinic-system/ros2_ws/install/ai4r_pkg/share/ai4r_pkg/package.dsv
[0.638s] -- Up-to-date: /home/zekaicheong/asclinic-system/ros2_ws/install/ai4r_pkg/share/ament_index/resource_index/packages/ai4r_pkg
[0.638s] -- Up-to-date: /home/zekaicheong/asclinic-system/ros2_ws/install/ai4r_pkg/share/ai4r_pkg/cmake/ai4r_pkgConfig.cmake
[0.638s] -- Up-to-date: /home/zekaicheong/asclinic-system/ros2_ws/install/ai4r_pkg/share/ai4r_pkg/cmake/ai4r_pkgConfig-version.cmake
[0.638s] -- Installing: /home/zekaicheong/asclinic-system/ros2_ws/install/ai4r_pkg/share/ai4r_pkg/package.xml
[0.642s] Invoked command in '/home/zekaicheong/asclinic-system/ros2_ws/build/ai4r_pkg' returned '0': CMAKE_PREFIX_PATH=${CMAKE_PREFIX_PATH}:/opt/ros/humble /usr/bin/cmake --install /home/zekaicheong/asclinic-system/ros2_ws/build/ai4r_pkg
