[0.009s] Invoking command in '/home/zekaicheong/asclinic-system/ros2_ws/build/ai4r_pkg': CMAKE_PREFIX_PATH=/opt/ros/humble /usr/bin/cmake --build /home/zekaicheong/asclinic-system/ros2_ws/build/ai4r_pkg -- -j16 -l16
[0.031s] -- Found ament_cmake: 1.3.5 (/opt/ros/humble/share/ament_cmake/cmake)
[0.118s] -- Found rclcpp: 16.0.4 (/opt/ros/humble/share/rclcpp/cmake)
[0.138s] -- Found rosidl_generator_c: 3.1.4 (/opt/ros/humble/share/rosidl_generator_c/cmake)
[0.140s] -- Found rosidl_adapter: 3.1.4 (/opt/ros/humble/share/rosidl_adapter/cmake)
[0.144s] -- Found rosidl_generator_cpp: 3.1.4 (/opt/ros/humble/share/rosidl_generator_cpp/cmake)
[0.152s] -- Using all available rosidl_typesupport_c: rosidl_typesupport_fastrtps_c;rosidl_typesupport_introspection_c
[0.162s] -- Using all available rosidl_typesupport_cpp: rosidl_typesupport_fastrtps_cpp;rosidl_typesupport_introspection_cpp
[0.200s] -- Found rmw_implementation_cmake: 6.1.1 (/opt/ros/humble/share/rmw_implementation_cmake/cmake)
[0.201s] -- Found rmw_fastrtps_cpp: 6.2.2 (/opt/ros/humble/share/rmw_fastrtps_cpp/cmake)
[0.267s] -- Using RMW implementation 'rmw_fastrtps_cpp' as default
[0.360s] -- Found rclpy: 3.3.8 (/opt/ros/humble/share/rclpy/cmake)
[0.395s] -- Found ament_lint_auto: 0.12.6 (/opt/ros/humble/share/ament_lint_auto/cmake)
[0.438s] -- Added test 'cppcheck' to perform static code analysis on C / C++ code
[0.438s] -- Configured cppcheck include dirs: /home/zekaicheong/asclinic-system/ros2_ws/src/ai4r_pkg/include;/home/zekaicheong/asclinic-system/ros2_ws/src/ai4r_pkg/drivers/src
[0.438s] -- Configured cppcheck exclude dirs and/or files: 
[0.438s] -- Added test 'flake8' to check Python code syntax and style conventions
[0.439s] -- Added test 'lint_cmake' to check CMake code style
[0.439s] -- Added test 'pep257' to check Python code against some of the docstring style conventions in PEP 257
[0.441s] -- Added test 'uncrustify' to check C / C++ code style
[0.441s] -- Configured uncrustify additional arguments: 
[0.442s] -- Added test 'xmllint' to check XML markup files
[0.442s] -- Configuring done
[0.449s] -- Generating done
[0.450s] -- Build files have been written to: /home/zekaicheong/asclinic-system/ros2_ws/build/ai4r_pkg
[0.467s] [35m[1mConsolidate compiler generated dependencies of target cpp_executable[0m
[0.475s] [  0%] Built target ament_cmake_python_copy_ai4r_pkg
[0.476s] [ 50%] [32mBuilding CXX object CMakeFiles/cpp_executable.dir/src/cpp_node.cpp.o[0m
[0.611s] running egg_info
[0.611s] writing ai4r_pkg.egg-info/PKG-INFO
[0.611s] writing dependency_links to ai4r_pkg.egg-info/dependency_links.txt
[0.611s] writing top-level names to ai4r_pkg.egg-info/top_level.txt
[0.612s] reading manifest file 'ai4r_pkg.egg-info/SOURCES.txt'
[0.613s] writing manifest file 'ai4r_pkg.egg-info/SOURCES.txt'
[0.632s] [ 50%] Built target ament_cmake_python_build_ai4r_pkg_egg
[2.044s] [100%] [32m[1mLinking CXX executable cpp_executable[0m
[2.109s] [100%] Built target cpp_executable
[2.115s] Invoked command in '/home/zekaicheong/asclinic-system/ros2_ws/build/ai4r_pkg' returned '0': CMAKE_PREFIX_PATH=/opt/ros/humble /usr/bin/cmake --build /home/zekaicheong/asclinic-system/ros2_ws/build/ai4r_pkg -- -j16 -l16
[2.133s] Invoking command in '/home/zekaicheong/asclinic-system/ros2_ws/build/ai4r_pkg': CMAKE_PREFIX_PATH=/opt/ros/humble /usr/bin/cmake --install /home/zekaicheong/asclinic-system/ros2_ws/build/ai4r_pkg
[2.137s] -- Install configuration: ""
[2.137s] -- Installing: /home/zekaicheong/asclinic-system/ros2_ws/install/ai4r_pkg/lib/ai4r_pkg/cpp_executable
[2.137s] -- Set runtime path of "/home/zekaicheong/asclinic-system/ros2_ws/install/ai4r_pkg/lib/ai4r_pkg/cpp_executable" to ""
[2.138s] -- Up-to-date: /home/zekaicheong/asclinic-system/ros2_ws/install/ai4r_pkg/share/ai4r_pkg/environment/pythonpath.sh
[2.138s] -- Installing: /home/zekaicheong/asclinic-system/ros2_ws/install/ai4r_pkg/share/ai4r_pkg/environment/pythonpath.dsv
[2.138s] -- Up-to-date: /home/zekaicheong/asclinic-system/ros2_ws/install/ai4r_pkg/local/lib/python3.10/dist-packages/ai4r_pkg-0.0.0-py3.10.egg-info
[2.138s] -- Installing: /home/zekaicheong/asclinic-system/ros2_ws/install/ai4r_pkg/local/lib/python3.10/dist-packages/ai4r_pkg-0.0.0-py3.10.egg-info/top_level.txt
[2.138s] -- Installing: /home/zekaicheong/asclinic-system/ros2_ws/install/ai4r_pkg/local/lib/python3.10/dist-packages/ai4r_pkg-0.0.0-py3.10.egg-info/PKG-INFO
[2.138s] -- Installing: /home/zekaicheong/asclinic-system/ros2_ws/install/ai4r_pkg/local/lib/python3.10/dist-packages/ai4r_pkg-0.0.0-py3.10.egg-info/dependency_links.txt
[2.138s] -- Installing: /home/zekaicheong/asclinic-system/ros2_ws/install/ai4r_pkg/local/lib/python3.10/dist-packages/ai4r_pkg-0.0.0-py3.10.egg-info/SOURCES.txt
[2.138s] -- Up-to-date: /home/zekaicheong/asclinic-system/ros2_ws/install/ai4r_pkg/local/lib/python3.10/dist-packages/ai4r_pkg
[2.138s] -- Up-to-date: /home/zekaicheong/asclinic-system/ros2_ws/install/ai4r_pkg/local/lib/python3.10/dist-packages/ai4r_pkg/__init__.py
[2.138s] -- Up-to-date: /home/zekaicheong/asclinic-system/ros2_ws/install/ai4r_pkg/local/lib/python3.10/dist-packages/ai4r_pkg/module_to_import.py
[2.156s] Listing '/home/zekaicheong/asclinic-system/ros2_ws/install/ai4r_pkg/local/lib/python3.10/dist-packages/ai4r_pkg'...
[2.158s] -- Installing: /home/zekaicheong/asclinic-system/ros2_ws/install/ai4r_pkg/lib/ai4r_pkg/py_node.py
[2.158s] -- Up-to-date: /home/zekaicheong/asclinic-system/ros2_ws/install/ai4r_pkg/share/ament_index/resource_index/package_run_dependencies/ai4r_pkg
[2.158s] -- Up-to-date: /home/zekaicheong/asclinic-system/ros2_ws/install/ai4r_pkg/share/ament_index/resource_index/parent_prefix_path/ai4r_pkg
[2.159s] -- Up-to-date: /home/zekaicheong/asclinic-system/ros2_ws/install/ai4r_pkg/share/ai4r_pkg/environment/ament_prefix_path.sh
[2.159s] -- Installing: /home/zekaicheong/asclinic-system/ros2_ws/install/ai4r_pkg/share/ai4r_pkg/environment/ament_prefix_path.dsv
[2.159s] -- Up-to-date: /home/zekaicheong/asclinic-system/ros2_ws/install/ai4r_pkg/share/ai4r_pkg/environment/path.sh
[2.159s] -- Installing: /home/zekaicheong/asclinic-system/ros2_ws/install/ai4r_pkg/share/ai4r_pkg/environment/path.dsv
[2.159s] -- Up-to-date: /home/zekaicheong/asclinic-system/ros2_ws/install/ai4r_pkg/share/ai4r_pkg/local_setup.bash
[2.159s] -- Up-to-date: /home/zekaicheong/asclinic-system/ros2_ws/install/ai4r_pkg/share/ai4r_pkg/local_setup.sh
[2.159s] -- Up-to-date: /home/zekaicheong/asclinic-system/ros2_ws/install/ai4r_pkg/share/ai4r_pkg/local_setup.zsh
[2.159s] -- Installing: /home/zekaicheong/asclinic-system/ros2_ws/install/ai4r_pkg/share/ai4r_pkg/local_setup.dsv
[2.159s] -- Installing: /home/zekaicheong/asclinic-system/ros2_ws/install/ai4r_pkg/share/ai4r_pkg/package.dsv
[2.159s] -- Up-to-date: /home/zekaicheong/asclinic-system/ros2_ws/install/ai4r_pkg/share/ament_index/resource_index/packages/ai4r_pkg
[2.159s] -- Up-to-date: /home/zekaicheong/asclinic-system/ros2_ws/install/ai4r_pkg/share/ai4r_pkg/cmake/ai4r_pkgConfig.cmake
[2.159s] -- Up-to-date: /home/zekaicheong/asclinic-system/ros2_ws/install/ai4r_pkg/share/ai4r_pkg/cmake/ai4r_pkgConfig-version.cmake
[2.159s] -- Installing: /home/zekaicheong/asclinic-system/ros2_ws/install/ai4r_pkg/share/ai4r_pkg/package.xml
[2.161s] Invoked command in '/home/zekaicheong/asclinic-system/ros2_ws/build/ai4r_pkg' returned '0': CMAKE_PREFIX_PATH=/opt/ros/humble /usr/bin/cmake --install /home/zekaicheong/asclinic-system/ros2_ws/build/ai4r_pkg
